
> backend@ build /workspaces/Campra-V4/packages/backend
> tsc -p tsconfig.json || echo done. && tsc-alias -p tsconfig.json

../../node_modules/.pnpm/@bull-board+api@4.12.2/node_modules/@bull-board/api/dist/src/queueAdapters/bullMQ.d.ts(1,28): error TS2307: Cannot find module 'bullmq' or its corresponding type declarations.
../../node_modules/.pnpm/@tensorflow+tfjs-core@3.21.0/node_modules/@tensorflow/tfjs-core/dist/hash_util.d.ts(2,49): error TS2304: Cannot find name 'Long'.
../../node_modules/.pnpm/@tensorflow+tfjs-core@3.21.0/node_modules/@tensorflow/tfjs-core/dist/hash_util.d.ts(3,69): error TS2304: Cannot find name 'Long'.
../../node_modules/.pnpm/@tensorflow+tfjs-layers@3.21.0(@tensorflow+tfjs-core@3.21.0)/node_modules/@tensorflow/tfjs-layers/dist/engine/training.d.ts(144,22): error TS2420: Class 'LayersModel' incorrectly implements interface 'InferenceModel'.
  Types of property 'inputs' are incompatible.
    Type 'SymbolicTensor[]' is not assignable to type 'ModelTensorInfo[]'.
      Type 'SymbolicTensor' is not assignable to type 'ModelTensorInfo'.
        Types of property 'shape' are incompatible.
          Type 'Shape' is not assignable to type 'number[]'.
            Type 'number | null' is not assignable to type 'number'.
              Type 'null' is not assignable to type 'number'.
../../node_modules/.pnpm/@tensorflow+tfjs-layers@3.21.0(@tensorflow+tfjs-core@3.21.0)/node_modules/@tensorflow/tfjs-layers/dist/keras_format/topology_config.d.ts(17,5): error TS2411: Property 'input_shape' of type 'Shape | undefined' is not assignable to 'string' index type 'PyJsonValue'.
../../node_modules/.pnpm/@tensorflow+tfjs-layers@3.21.0(@tensorflow+tfjs-core@3.21.0)/node_modules/@tensorflow/tfjs-layers/dist/keras_format/topology_config.d.ts(18,5): error TS2411: Property 'batch_input_shape' of type 'Shape | undefined' is not assignable to 'string' index type 'PyJsonValue'.
../../node_modules/.pnpm/@tensorflow+tfjs-layers@3.21.0(@tensorflow+tfjs-core@3.21.0)/node_modules/@tensorflow/tfjs-layers/dist/keras_format/topology_config.d.ts(19,5): error TS2411: Property 'batch_size' of type 'number | undefined' is not assignable to 'string' index type 'PyJsonValue'.
../../node_modules/.pnpm/@tensorflow+tfjs-layers@3.21.0(@tensorflow+tfjs-core@3.21.0)/node_modules/@tensorflow/tfjs-layers/dist/keras_format/topology_config.d.ts(20,5): error TS2411: Property 'dtype' of type 'keyof DataTypeMap | undefined' is not assignable to 'string' index type 'PyJsonValue'.
../../node_modules/.pnpm/@tensorflow+tfjs-layers@3.21.0(@tensorflow+tfjs-core@3.21.0)/node_modules/@tensorflow/tfjs-layers/dist/keras_format/topology_config.d.ts(21,5): error TS2411: Property 'name' of type 'string | undefined' is not assignable to 'string' index type 'PyJsonValue'.
../../node_modules/.pnpm/@tensorflow+tfjs-layers@3.21.0(@tensorflow+tfjs-core@3.21.0)/node_modules/@tensorflow/tfjs-layers/dist/keras_format/topology_config.d.ts(22,5): error TS2411: Property 'trainable' of type 'boolean | undefined' is not assignable to 'string' index type 'PyJsonValue'.
../../node_modules/.pnpm/@tensorflow+tfjs-layers@3.21.0(@tensorflow+tfjs-core@3.21.0)/node_modules/@tensorflow/tfjs-layers/dist/keras_format/topology_config.d.ts(23,5): error TS2411: Property 'input_dtype' of type 'keyof DataTypeMap | undefined' is not assignable to 'string' index type 'PyJsonValue'.
../../node_modules/.pnpm/@tensorflow+tfjs-layers@3.21.0(@tensorflow+tfjs-core@3.21.0)/node_modules/@tensorflow/tfjs-layers/dist/keras_format/topology_config.d.ts(46,5): error TS2411: Property 'inbound_nodes' of type 'NodeConfig[] | undefined' is not assignable to 'string' index type 'PyJsonValue'.
../../node_modules/.pnpm/@tensorflow+tfjs-layers@3.21.0(@tensorflow+tfjs-core@3.21.0)/node_modules/@tensorflow/tfjs-layers/dist/keras_format/training_config.d.ts(31,5): error TS2411: Property 'metrics' of type 'string[] | { [key: string]: string; } | undefined' is not assignable to 'string' index type 'PyJsonValue'.
../../node_modules/.pnpm/@tensorflow+tfjs-layers@3.21.0(@tensorflow+tfjs-core@3.21.0)/node_modules/@tensorflow/tfjs-layers/dist/keras_format/training_config.d.ts(34,5): error TS2411: Property 'weighted_metrics' of type 'string[] | undefined' is not assignable to 'string' index type 'PyJsonValue'.
../../node_modules/.pnpm/@tensorflow+tfjs-layers@3.21.0(@tensorflow+tfjs-core@3.21.0)/node_modules/@tensorflow/tfjs-layers/dist/keras_format/training_config.d.ts(35,5): error TS2411: Property 'sample_weight_mode' of type '"temporal" | undefined' is not assignable to 'string' index type 'PyJsonValue'.
../../node_modules/.pnpm/@tensorflow+tfjs-layers@3.21.0(@tensorflow+tfjs-core@3.21.0)/node_modules/@tensorflow/tfjs-layers/dist/keras_format/training_config.d.ts(36,5): error TS2411: Property 'loss_weights' of type 'LossWeights | undefined' is not assignable to 'string' index type 'PyJsonValue'.
../../node_modules/.pnpm/@tensorflow+tfjs-layers@3.21.0(@tensorflow+tfjs-core@3.21.0)/node_modules/@tensorflow/tfjs-layers/dist/keras_format/types.d.ts(90,5): error TS2411: Property 'config' of type 'T' is not assignable to 'string' index type 'PyJsonValue'.
../../node_modules/.pnpm/@tensorflow+tfjs-layers@3.21.0(@tensorflow+tfjs-core@3.21.0)/node_modules/@tensorflow/tfjs-layers/dist/layers/core.d.ts(99,5): error TS2411: Property 'seed' of type 'number | undefined' is not assignable to 'string' index type 'PyJsonValue'.
../../node_modules/.pnpm/brain.js@2.0.0-beta.24(gpu.js@2.16.0)/node_modules/brain.js/dist/neural-network-gpu.d.ts(40,5): error TS2416: Property 'outputs' in type 'NeuralNetworkGPU<InputType, OutputType>' is not assignable to the same property in base type 'NeuralNetwork<InputType, OutputType>'.
  Type 'KernelOutput[]' is not assignable to type 'Float32Array[]'.
    Type 'KernelOutput' is not assignable to type 'Float32Array'.
      Type 'number' is not assignable to type 'Float32Array'.
../../node_modules/.pnpm/brain.js@2.0.0-beta.24(gpu.js@2.16.0)/node_modules/brain.js/dist/neural-network-gpu.d.ts(41,5): error TS2416: Property 'deltas' in type 'NeuralNetworkGPU<InputType, OutputType>' is not assignable to the same property in base type 'NeuralNetwork<InputType, OutputType>'.
  Type 'KernelOutput[]' is not assignable to type 'Float32Array[]'.
../../node_modules/.pnpm/brain.js@2.0.0-beta.24(gpu.js@2.16.0)/node_modules/brain.js/dist/neural-network-gpu.d.ts(42,5): error TS2416: Property 'errors' in type 'NeuralNetworkGPU<InputType, OutputType>' is not assignable to the same property in base type 'NeuralNetwork<InputType, OutputType>'.
  Type 'KernelOutput[]' is not assignable to type 'Float32Array[]'.
../../node_modules/.pnpm/brain.js@2.0.0-beta.24(gpu.js@2.16.0)/node_modules/brain.js/dist/neural-network-gpu.d.ts(43,5): error TS2416: Property 'weights' in type 'NeuralNetworkGPU<InputType, OutputType>' is not assignable to the same property in base type 'NeuralNetwork<InputType, OutputType>'.
  Type 'KernelOutput[]' is not assignable to type 'Float32Array[][]'.
    Type 'KernelOutput' is not assignable to type 'Float32Array[]'.
      Type 'number' is not assignable to type 'Float32Array[]'.
../../node_modules/.pnpm/brain.js@2.0.0-beta.24(gpu.js@2.16.0)/node_modules/brain.js/dist/neural-network-gpu.d.ts(44,5): error TS2416: Property 'changes' in type 'NeuralNetworkGPU<InputType, OutputType>' is not assignable to the same property in base type 'NeuralNetwork<InputType, OutputType>'.
  Type 'KernelOutput[]' is not assignable to type 'Float32Array[][]'.
../../node_modules/.pnpm/brain.js@2.0.0-beta.24(gpu.js@2.16.0)/node_modules/brain.js/dist/neural-network-gpu.d.ts(45,5): error TS2416: Property 'biases' in type 'NeuralNetworkGPU<InputType, OutputType>' is not assignable to the same property in base type 'NeuralNetwork<InputType, OutputType>'.
  Type 'KernelOutput[]' is not assignable to type 'Float32Array[]'.
../../node_modules/.pnpm/brain.js@2.0.0-beta.24(gpu.js@2.16.0)/node_modules/brain.js/dist/neural-network-gpu.d.ts(49,5): error TS2416: Property 'trainPattern' in type 'NeuralNetworkGPU<InputType, OutputType>' is not assignable to the same property in base type 'NeuralNetwork<InputType, OutputType>'.
  Type '(value: INeuralNetworkGPUDatumFormatted, logErrorRate?: boolean | undefined) => KernelOutput | null' is not assignable to type '(value: INeuralNetworkDatumFormatted<Float32Array>, logErrorRate?: boolean | undefined) => number | null'.
    Type 'KernelOutput | null' is not assignable to type 'number | null'.
      Type 'void' is not assignable to type 'number | null'.
../../node_modules/.pnpm/brain.js@2.0.0-beta.24(gpu.js@2.16.0)/node_modules/brain.js/dist/neural-network-gpu.d.ts(53,5): error TS2416: Property 'runInput' in type 'NeuralNetworkGPU<InputType, OutputType>' is not assignable to the same property in base type 'NeuralNetwork<InputType, OutputType>'.
  Type '(input: KernelOutput) => KernelOutput' is not assignable to type '(input: Float32Array) => Float32Array'.
    Type 'KernelOutput' is not assignable to type 'Float32Array'.
../../node_modules/.pnpm/brain.js@2.0.0-beta.24(gpu.js@2.16.0)/node_modules/brain.js/dist/neural-network-gpu.d.ts(62,5): error TS2416: Property 'prepTraining' in type 'NeuralNetworkGPU<InputType, OutputType>' is not assignable to the same property in base type 'NeuralNetwork<InputType, OutputType>'.
  Type '(data: INeuralNetworkDatum<InputType, OutputType>[], options?: Partial<INeuralNetworkTrainOptions> | undefined) => INeuralNetworkGPUPreppedTrainingData' is not assignable to type '(data: INeuralNetworkDatum<InputType, OutputType>[], options?: Partial<INeuralNetworkTrainOptions> | undefined) => INeuralNetworkPreppedTrainingData<...>'.
    Call signature return types 'INeuralNetworkGPUPreppedTrainingData' and 'INeuralNetworkPreppedTrainingData<Float32Array>' are incompatible.
      The types of 'preparedData' are incompatible between these types.
        Type 'INeuralNetworkDatumFormatted<KernelOutput>[]' is not assignable to type 'INeuralNetworkDatumFormatted<Float32Array>[]'.
          Type 'INeuralNetworkDatumFormatted<KernelOutput>' is not assignable to type 'INeuralNetworkDatumFormatted<Float32Array>'.
            Type 'KernelOutput' is not assignable to type 'Float32Array'.
../../node_modules/.pnpm/brain.js@2.0.0-beta.24(gpu.js@2.16.0)/node_modules/brain.js/dist/neural-network-gpu.d.ts(63,5): error TS2416: Property 'toFunction' in type 'NeuralNetworkGPU<InputType, OutputType>' is not assignable to the same property in base type 'NeuralNetwork<InputType, OutputType>'.
  Type '() => (input: InputType) => OutputType' is not assignable to type '(cb?: ((source: string) => string) | undefined) => (input: Partial<InputType>) => OutputType'.
    Type '(input: InputType) => OutputType' is not assignable to type '(input: Partial<InputType>) => OutputType'.
      Types of parameters 'input' and 'input' are incompatible.
        Type 'Partial<InputType>' is not assignable to type 'InputType'.
          'InputType' could be instantiated with an arbitrary type which could be unrelated to 'Partial<InputType>'.
../../node_modules/.pnpm/brain.js@2.0.0-beta.24(gpu.js@2.16.0)/node_modules/brain.js/dist/recurrent.d.ts(7,18): error TS2430: Interface 'IRecurrentOptions' incorrectly extends interface 'IFeedForwardOptions'.
  Types of property 'hiddenLayers' are incompatible.
    Type '((inputLayer: ILayer, recurrentInput: IRecurrentInput, index: number) => ILayer)[]' is not assignable to type '((inputLayer: ILayer, layerIndex: number) => ILayer)[]'.
      Type '(inputLayer: ILayer, recurrentInput: IRecurrentInput, index: number) => ILayer' is not assignable to type '(inputLayer: ILayer, layerIndex: number) => ILayer'.
../../node_modules/.pnpm/brain.js@2.0.0-beta.24(gpu.js@2.16.0)/node_modules/brain.js/dist/recurrent.d.ts(17,5): error TS2416: Property 'options' in type 'Recurrent<T>' is not assignable to the same property in base type 'FeedForward<number[] | Float32Array, number[] | Float32Array>'.
  Type 'IRecurrentOptions' is not assignable to type 'IFeedForwardOptions'.
../../node_modules/.pnpm/brain.js@2.0.0-beta.24(gpu.js@2.16.0)/node_modules/brain.js/dist/recurrent.d.ts(32,5): error TS2416: Property 'run' in type 'Recurrent<T>' is not assignable to the same property in base type 'FeedForward<number[] | Float32Array, number[] | Float32Array>'.
  Type '(inputs: T[]) => T[]' is not assignable to type '(input: number[] | Float32Array) => number[] | Float32Array'.
    Types of parameters 'inputs' and 'input' are incompatible.
      Type 'number[] | Float32Array' is not assignable to type 'T[]'.
        Type 'number[]' is not assignable to type 'T[]'.
          Type 'number' is not assignable to type 'T'.
            'T' could be instantiated with an arbitrary type which could be unrelated to 'number'.
../../node_modules/.pnpm/brain.js@2.0.0-beta.24(gpu.js@2.16.0)/node_modules/brain.js/dist/recurrent.d.ts(35,5): error TS2416: Property 'train' in type 'Recurrent<T>' is not assignable to the same property in base type 'FeedForward<number[] | Float32Array, number[] | Float32Array>'.
  Type '(data: T[][], options?: Partial<IRecurrentTrainingOptions> | undefined) => ITrainingStatus' is not assignable to type '(data: IFeedForwardTrainingData<number[] | Float32Array, number[] | Float32Array>[], options?: Partial<IFeedForwardTrainingOptions> | undefined) => ITrainingStatus'.
    Types of parameters 'data' and 'data' are incompatible.
      Type 'IFeedForwardTrainingData<number[] | Float32Array, number[] | Float32Array>[]' is not assignable to type 'T[][]'.
        Type 'IFeedForwardTrainingData<number[] | Float32Array, number[] | Float32Array>' is missing the following properties from type 'T[]': length, pop, push, concat, and 29 more.
../../node_modules/.pnpm/brain.js@2.0.0-beta.24(gpu.js@2.16.0)/node_modules/brain.js/dist/recurrent.d.ts(37,5): error TS2416: Property 'transferData' in type 'Recurrent<T>' is not assignable to the same property in base type 'FeedForward<number[] | Float32Array, number[] | Float32Array>'.
  Type '(formattedData: T[][]) => T[][]' is not assignable to type '(formattedData: IFeedForwardNormalizedTrainingData[]) => IFeedForwardGPUTrainingData[]'.
    Types of parameters 'formattedData' and 'formattedData' are incompatible.
      Type 'IFeedForwardNormalizedTrainingData[]' is not assignable to type 'T[][]'.
        Type 'IFeedForwardNormalizedTrainingData' is missing the following properties from type 'T[]': length, pop, push, concat, and 29 more.
../../node_modules/.pnpm/brain.js@2.0.0-beta.24(gpu.js@2.16.0)/node_modules/brain.js/dist/recurrent.d.ts(38,5): error TS2416: Property '_prepTraining' in type 'Recurrent<T>' is not assignable to the same property in base type 'FeedForward<number[] | Float32Array, number[] | Float32Array>'.
  Type '(data: T[][], options: Partial<IRecurrentTrainingOptions>) => IRecurrentPreppedTrainingData<T>' is not assignable to type '(data: IFeedForwardTrainingData<number[] | Float32Array, number[] | Float32Array>[], options: Partial<IFeedForwardTrainingOptions>) => IFeedForwardPreppedTrainingData'.
    Types of parameters 'data' and 'data' are incompatible.
      Type 'IFeedForwardTrainingData<number[] | Float32Array, number[] | Float32Array>[]' is not assignable to type 'T[][]'.
../../node_modules/.pnpm/brain.js@2.0.0-beta.24(gpu.js@2.16.0)/node_modules/brain.js/dist/recurrent.d.ts(39,5): error TS2416: Property '_calculateTrainingError' in type 'Recurrent<T>' is not assignable to the same property in base type 'FeedForward<number[] | Float32Array, number[] | Float32Array>'.
  Type '(data: T[][]) => number' is not assignable to type '(preparedData: IFeedForwardGPUTrainingData[]) => number'.
    Types of parameters 'data' and 'preparedData' are incompatible.
      Type 'IFeedForwardGPUTrainingData[]' is not assignable to type 'T[][]'.
        Type 'IFeedForwardGPUTrainingData' is missing the following properties from type 'T[]': length, pop, push, concat, and 29 more.
../../node_modules/.pnpm/brain.js@2.0.0-beta.24(gpu.js@2.16.0)/node_modules/brain.js/dist/recurrent.d.ts(40,5): error TS2416: Property 'formatData' in type 'Recurrent<T>' is not assignable to the same property in base type 'FeedForward<number[] | Float32Array, number[] | Float32Array>'.
  Type '(data: Float32Array) => Float32Array' is not assignable to type '(data: IFeedForwardTrainingData<number[] | Float32Array, number[] | Float32Array> | IFeedForwardTrainingData<number[] | Float32Array, number[] | Float32Array>[]) => IFeedForwardNormalizedTrainingData[]'.
    Types of parameters 'data' and 'data' are incompatible.
      Type 'IFeedForwardTrainingData<number[] | Float32Array, number[] | Float32Array> | IFeedForwardTrainingData<number[] | Float32Array, number[] | Float32Array>[]' is not assignable to type 'Float32Array'.
        Type 'IFeedForwardTrainingData<number[] | Float32Array, number[] | Float32Array>' is missing the following properties from type 'Float32Array': BYTES_PER_ELEMENT, buffer, byteLength, byteOffset, and 27 more.
../../node_modules/.pnpm/brain.js@2.0.0-beta.24(gpu.js@2.16.0)/node_modules/brain.js/dist/recurrent.d.ts(41,5): error TS2416: Property '_calculateDeltas' in type 'Recurrent<T>' is not assignable to the same property in base type 'FeedForward<number[] | Float32Array, number[] | Float32Array>'.
  Type '(target: T[]) => void' is not assignable to type '(target: KernelOutput) => void'.
    Types of parameters 'target' and 'target' are incompatible.
      Type 'KernelOutput' is not assignable to type 'T[]'.
        Type 'number' is not assignable to type 'T[]'.
../../node_modules/.pnpm/brain.js@2.0.0-beta.24(gpu.js@2.16.0)/node_modules/brain.js/dist/recurrent.d.ts(43,5): error TS2416: Property '_trainPatterns' in type 'Recurrent<T>' is not assignable to the same property in base type 'FeedForward<number[] | Float32Array, number[] | Float32Array>'.
  Type '(data: T[][]) => void' is not assignable to type '(data: IFeedForwardGPUTrainingData[]) => void'.
    Types of parameters 'data' and 'data' are incompatible.
      Type 'IFeedForwardGPUTrainingData[]' is not assignable to type 'T[][]'.
../../node_modules/.pnpm/brain.js@2.0.0-beta.24(gpu.js@2.16.0)/node_modules/brain.js/dist/recurrent.d.ts(44,5): error TS2416: Property '_trainPattern' in type 'Recurrent<T>' is not assignable to the same property in base type 'FeedForward<number[] | Float32Array, number[] | Float32Array>'.
  Type '(inputs: T[], logErrorRate: boolean) => KernelOutput | null' is not assignable to type '(input: KernelOutput, target: KernelOutput, logErrorRate: boolean) => KernelOutput | null'.
    Types of parameters 'inputs' and 'input' are incompatible.
      Type 'KernelOutput' is not assignable to type 'T[]'.
../../node_modules/.pnpm/brain.js@2.0.0-beta.24(gpu.js@2.16.0)/node_modules/brain.js/dist/recurrent/rnn-time-step.d.ts(67,5): error TS2416: Property 'model' in type 'RNNTimeStep' is not assignable to the same property in base type 'RNN'.
  Property 'input' is missing in type 'IRNNTimeStepModel' but required in type 'IRNNModel'.
../../node_modules/.pnpm/brain.js@2.0.0-beta.24(gpu.js@2.16.0)/node_modules/brain.js/dist/recurrent/rnn-time-step.d.ts(68,5): error TS2416: Property 'options' in type 'RNNTimeStep' is not assignable to the same property in base type 'RNN'.
  Property 'dataFormatter' is missing in type 'IRNNTimeStepOptions' but required in type 'IRNNOptions'.
../../node_modules/.pnpm/brain.js@2.0.0-beta.24(gpu.js@2.16.0)/node_modules/brain.js/dist/recurrent/rnn-time-step.d.ts(77,5): error TS2416: Property 'mapModel' in type 'RNNTimeStep' is not assignable to the same property in base type 'RNN'.
  Type '() => IRNNTimeStepModel' is not assignable to type '() => IRNNModel'.
    Type 'IRNNTimeStepModel' is not assignable to type 'IRNNModel'.
../../node_modules/.pnpm/brain.js@2.0.0-beta.24(gpu.js@2.16.0)/node_modules/brain.js/dist/recurrent/rnn-time-step.d.ts(79,5): error TS2416: Property 'run' in type 'RNNTimeStep' is not assignable to the same property in base type 'RNN'.
  Type '<InputType extends InputOutputValue | InputOutputValue[]>(rawInput: InputType) => ValuesOf<InputType>' is not assignable to type '(rawInput?: Value | undefined, isSampleI?: boolean | undefined, temperature?: number | undefined) => string'.
    Types of parameters 'rawInput' and 'rawInput' are incompatible.
      Type 'Value | undefined' is not assignable to type 'InputOutputValue | InputOutputValue[]'.
        Type 'undefined' is not assignable to type 'InputOutputValue | InputOutputValue[]'.
../../node_modules/.pnpm/brain.js@2.0.0-beta.24(gpu.js@2.16.0)/node_modules/brain.js/dist/recurrent/rnn-time-step.d.ts(84,5): error TS2416: Property 'train' in type 'RNNTimeStep' is not assignable to the same property in base type 'RNN'.
  Type '(data: FormattableData[], trainOpts?: Partial<IRNNTrainingOptions> | undefined) => IRNNStatus' is not assignable to type '(data: (Value | IRNNDatum)[], trainOpts?: Partial<IRNNTrainingOptions> | undefined) => IRNNStatus'.
    Types of parameters 'data' and 'data' are incompatible.
      Type '(Value | IRNNDatum)[]' is not assignable to type 'FormattableData[]'.
        Type 'Value | IRNNDatum' is not assignable to type 'FormattableData'.
          Type 'string' is not assignable to type 'FormattableData'.
../../node_modules/.pnpm/brain.js@2.0.0-beta.24(gpu.js@2.16.0)/node_modules/brain.js/dist/recurrent/rnn-time-step.d.ts(86,5): error TS2416: Property 'trainPattern' in type 'RNNTimeStep' is not assignable to the same property in base type 'RNN'.
  Type '(input: Float32Array[], logErrorRate?: boolean | undefined) => number' is not assignable to type '(input: number[], logErrorRate?: boolean | undefined) => number'.
    Types of parameters 'input' and 'input' are incompatible.
      Type 'number[]' is not assignable to type 'Float32Array[]'.
        Type 'number' is not assignable to type 'Float32Array'.
../../node_modules/.pnpm/brain.js@2.0.0-beta.24(gpu.js@2.16.0)/node_modules/brain.js/dist/recurrent/rnn-time-step.d.ts(109,5): error TS2416: Property 'formatData' in type 'RNNTimeStep' is not assignable to the same property in base type 'RNN'.
  Type '(data: FormattableData[]) => Float32Array[][]' is not assignable to type '(data: Value[]) => number[][]'.
    Types of parameters 'data' and 'data' are incompatible.
      Type 'Value[]' is not assignable to type 'FormattableData[]'.
        Type 'Value' is not assignable to type 'FormattableData'.
          Type 'string' is not assignable to type 'FormattableData'.
../../node_modules/.pnpm/brain.js@2.0.0-beta.24(gpu.js@2.16.0)/node_modules/brain.js/dist/recurrent/rnn-time-step.d.ts(111,5): error TS2416: Property 'addFormat' in type 'RNNTimeStep' is not assignable to the same property in base type 'RNN'.
  Type '(value: FormattableData) => void' is not assignable to type '(data: Value) => void'.
    Types of parameters 'value' and 'data' are incompatible.
      Type 'Value' is not assignable to type 'FormattableData'.
../../node_modules/.pnpm/brain.js@2.0.0-beta.24(gpu.js@2.16.0)/node_modules/brain.js/dist/recurrent/rnn-time-step.d.ts(112,5): error TS2416: Property 'toJSON' in type 'RNNTimeStep' is not assignable to the same property in base type 'RNN'.
  Type '() => IRNNTimeStepJSON' is not assignable to type '() => IRNNJSON'.
    Type 'IRNNTimeStepJSON' is missing the following properties from type 'IRNNJSON': trainOpts, input
../../node_modules/.pnpm/brain.js@2.0.0-beta.24(gpu.js@2.16.0)/node_modules/brain.js/dist/recurrent/rnn-time-step.d.ts(113,5): error TS2416: Property 'fromJSON' in type 'RNNTimeStep' is not assignable to the same property in base type 'RNN'.
  Type '(json: IRNNTimeStepJSON) => this' is not assignable to type '(json: IRNNJSON) => this'.
    Types of parameters 'json' and 'json' are incompatible.
      Type 'IRNNJSON' is missing the following properties from type 'IRNNTimeStepJSON': inputLookup, inputLookupLength, outputLookup, outputLookupLength
../../node_modules/.pnpm/brain.js@2.0.0-beta.24(gpu.js@2.16.0)/node_modules/brain.js/dist/recurrent/rnn-time-step.d.ts(114,5): error TS2416: Property 'toFunction' in type 'RNNTimeStep' is not assignable to the same property in base type 'RNN'.
  Type '(cb?: ((src: string) => string) | undefined) => RNNTimeStepFunction' is not assignable to type '(cb?: ((src: string) => string) | undefined) => RNNFunction'.
    Type 'RNNTimeStepFunction' is not assignable to type 'RNNFunction'.
      Types of parameters 'rawInput' and 'rawInput' are incompatible.
        Type 'string | (Value | IRNNDatum)[] | undefined' is not assignable to type 'InputOutputValue | InputOutputValue[] | undefined'.
          Type 'string' is not assignable to type 'InputOutputValue | InputOutputValue[] | undefined'.
../../node_modules/.pnpm/ip-address@7.1.0/node_modules/ip-address/dist/lib/ipv4.d.ts(2,28): error TS7016: Could not find a declaration file for module 'jsbn'. '/workspaces/Campra-V4/node_modules/.pnpm/jsbn@1.1.0/node_modules/jsbn/index.js' implicitly has an 'any' type.
  Try `npm i --save-dev @types/jsbn` if it exists or add a new declaration (.d.ts) file containing `declare module 'jsbn';`
../../node_modules/.pnpm/ip-address@7.1.0/node_modules/ip-address/dist/lib/ipv6.d.ts(3,28): error TS7016: Could not find a declaration file for module 'jsbn'. '/workspaces/Campra-V4/node_modules/.pnpm/jsbn@1.1.0/node_modules/jsbn/index.js' implicitly has an 'any' type.
  Try `npm i --save-dev @types/jsbn` if it exists or add a new declaration (.d.ts) file containing `declare module 'jsbn';`
../../node_modules/.pnpm/ip-cidr@3.0.11/node_modules/ip-cidr/index.d.ts(2,28): error TS7016: Could not find a declaration file for module 'jsbn'. '/workspaces/Campra-V4/node_modules/.pnpm/jsbn@1.1.0/node_modules/jsbn/index.js' implicitly has an 'any' type.
  Try `npm i --save-dev @types/jsbn` if it exists or add a new declaration (.d.ts) file containing `declare module 'jsbn';`
../../node_modules/.pnpm/pureimage@0.3.15/node_modules/pureimage/types/text.d.ts(1,27): error TS7016: Could not find a declaration file for module 'opentype.js'. '/workspaces/Campra-V4/node_modules/.pnpm/opentype.js@0.4.11/node_modules/opentype.js/src/opentype.js' implicitly has an 'any' type.
  Try `npm i --save-dev @types/opentype.js` if it exists or add a new declaration (.d.ts) file containing `declare module 'opentype.js';`
../../node_modules/.pnpm/pureimage@0.3.15/node_modules/pureimage/types/text.d.ts(2,25): error TS2834: Relative import paths need explicit file extensions in EcmaScript imports when '--moduleResolution' is 'node16' or 'nodenext'. Consider adding an extension to the import path.
../../node_modules/.pnpm/rss-parser@3.12.0/node_modules/rss-parser/index.d.ts(1,25): error TS7016: Could not find a declaration file for module 'xml2js'. '/workspaces/Campra-V4/node_modules/.pnpm/xml2js@0.4.23/node_modules/xml2js/lib/xml2js.js' implicitly has an 'any' type.
  Try `npm i --save-dev @types/xml2js` if it exists or add a new declaration (.d.ts) file containing `declare module 'xml2js';`
src/boot/master.ts(136,7): error TS18046: 'exception' is of type 'unknown'.
src/boot/master.ts(139,14): error TS2304: Cannot find name 'e'.
src/boot/master.ts(140,23): error TS2304: Cannot find name 'e'.
src/boot/master.ts(162,18): error TS2345: Argument of type 'unknown' is not assignable to parameter of type 'string | Error'.
src/db/elasticsearch.ts(1,32): error TS7016: Could not find a declaration file for module '@elastic/elasticsearch'. '/workspaces/Campra-V4/node_modules/.pnpm/@elastic+elasticsearch@7.17.0/node_modules/@elastic/elasticsearch/index.mjs' implicitly has an 'any' type.
  Try `npm i --save-dev @types/elastic__elasticsearch` if it exists or add a new declaration (.d.ts) file containing `declare module '@elastic/elasticsearch';`
src/db/elasticsearch.ts(46,10): error TS7006: Parameter 'exist' implicitly has an 'any' type.
src/db/postgre.ts(79,10): error TS2305: Module '"./redis.js"' has no exported member 'redisClient'.
src/db/redis.ts(4,26): error TS2351: This expression is not constructable.
  Type 'typeof import("/workspaces/Campra-V4/node_modules/.pnpm/ioredis@5.6.0/node_modules/ioredis/built/index")' has no construct signatures.
src/db/redis.ts(11,25): error TS2339: Property 'user' does not exist on type '{ host: string; port: number; family?: number | undefined; pass: string; db?: number | undefined; prefix?: string | undefined; }'.
src/misc/algo-cache.ts(1,10): error TS2305: Module '"@/db/redis.js"' has no exported member 'redisClient'.
src/misc/algo-cache.ts(9,49): error TS2314: Generic type 'NeuralNetwork<InputType, OutputType>' requires 2 type argument(s).
src/misc/algo-cache.ts(18,50): error TS2314: Generic type 'NeuralNetwork<InputType, OutputType>' requires 2 type argument(s).
src/misc/algo-cache.ts(34,63): error TS2345: Argument of type 'unknown' is not assignable to parameter of type 'Record<string, any> | null | undefined'.
src/misc/algo-cache.ts(39,48): error TS2314: Generic type 'NeuralNetwork<InputType, OutputType>' requires 2 type argument(s).
src/misc/algo-cache.ts(47,63): error TS2345: Argument of type 'unknown' is not assignable to parameter of type 'Record<string, any> | null | undefined'.
src/misc/algo-cache.ts(59,64): error TS2345: Argument of type 'unknown' is not assignable to parameter of type 'Record<string, any> | null | undefined'.
src/misc/algo-cache.ts(86,12): error TS2314: Generic type 'NeuralNetwork<InputType, OutputType>' requires 2 type argument(s).
src/misc/algo-cache.ts(94,64): error TS2345: Argument of type 'unknown' is not assignable to parameter of type 'Record<string, any> | null | undefined'.
src/misc/antenna-cache.ts(17,33): error TS7006: Parameter '_' implicitly has an 'any' type.
src/misc/antenna-cache.ts(17,36): error TS7006: Parameter 'data' implicitly has an 'any' type.
src/misc/app-lock.ts(1,10): error TS2305: Module '"../db/redis.js"' has no exported member 'redisClient'.
src/misc/app-lock.ts(3,23): error TS7016: Could not find a declaration file for module 'redis-lock'. '/workspaces/Campra-V4/node_modules/.pnpm/redis-lock@0.1.4/node_modules/redis-lock/index.js' implicitly has an 'any' type.
  Try `npm i --save-dev @types/redis-lock` if it exists or add a new declaration (.d.ts) file containing `declare module 'redis-lock';`
src/misc/check-word-mute.ts(19,23): error TS2339: Property 'cw' does not exist on type 'NoteLike'.
src/misc/download-url.ts(88,9): error TS2349: This expression is not callable.
  Type 'typeof import("/workspaces/Campra-V4/node_modules/.pnpm/private-ip@2.3.4/node_modules/private-ip/lib/index")' has no call signatures.
src/misc/emoji-regex.ts(1,21): error TS7016: Could not find a declaration file for module 'twemoji-parser/dist/lib/regex.js'. '/workspaces/Campra-V4/node_modules/.pnpm/twemoji-parser@14.0.0/node_modules/twemoji-parser/dist/lib/regex.js' implicitly has an 'any' type.
  Try `npm i --save-dev @types/twemoji-parser` if it exists or add a new declaration (.d.ts) file containing `declare module 'twemoji-parser/dist/lib/regex.js';`
src/misc/extract-custom-emojis-from-mfm.ts(9,36): error TS18048: 'x.props' is possibly 'undefined'.
src/misc/extract-custom-emojis-from-mfm.ts(9,44): error TS2339: Property 'name' does not exist on type 'Record<string, unknown> | { query: string; content: string; } | { code: string; lang: string | null; } | { formula: string; } | { emoji: string; } | { name: string; } | { code: string; } | { formula: string; } | ... 5 more ... | { ...; }'.
  Property 'name' does not exist on type '{ query: string; content: string; }'.
src/misc/extract-hashtags.ts(6,48): error TS18048: 'x.props' is possibly 'undefined'.
src/misc/extract-hashtags.ts(6,56): error TS2339: Property 'hashtag' does not exist on type 'Record<string, unknown> | { query: string; content: string; } | { code: string; lang: string | null; } | { formula: string; } | { emoji: string; } | { name: string; } | { code: string; } | { formula: string; } | ... 5 more ... | { ...; }'.
  Property 'hashtag' does not exist on type '{ query: string; content: string; }'.
src/misc/extract-mentions.ts(10,2): error TS2322: Type '(Record<string, unknown> | { query: string; content: string; } | { code: string; lang: string | null; } | { formula: string; } | { emoji: string; } | { name: string; } | { code: string; } | { formula: string; } | ... 6 more ... | undefined)[]' is not assignable to type '{ username: string; host: string | null; acct: string; }[]'.
  Type 'Record<string, unknown> | { query: string; content: string; } | { code: string; lang: string | null; } | { formula: string; } | { emoji: string; } | { name: string; } | { code: string; } | { formula: string; } | ... 6 more ... | undefined' is not assignable to type '{ username: string; host: string | null; acct: string; }'.
    Type 'undefined' is not assignable to type '{ username: string; host: string | null; acct: string; }'.
src/misc/fetch.ts(5,33): error TS2307: Cannot find module 'node:abort-controller' or its corresponding type declarations.
src/misc/fetch.ts(6,49): error TS7016: Could not find a declaration file for module 'hpagent'. '/workspaces/Campra-V4/node_modules/.pnpm/hpagent@0.1.2/node_modules/hpagent/index.mjs' implicitly has an 'any' type.
  Try `npm i --save-dev @types/hpagent` if it exists or add a new declaration (.d.ts) file containing `declare module 'hpagent';`
src/misc/fetch.ts(49,3): error TS2345: Argument of type '{ method: string; headers: Record<string, string>; body: string | undefined; timeout: number; size: number; agent: (url: URL, bypassProxy?: boolean) => any; signal: any; }' is not assignable to parameter of type 'RequestInit'.
  Object literal may only specify known properties, and 'timeout' does not exist in type 'RequestInit'.
src/misc/gen-identicon.ts(54,2): error TS2322: Type 'LinearGradient' is not assignable to type 'string'.
src/misc/get-note-summary.ts(8,11): error TS2339: Property 'deletedAt' does not exist on type '{ id: string; visibility: string; text: SchemaType<{ readonly type: "string"; readonly optional: false; readonly nullable: true; }>; user: { id: string; name: SchemaType<{ readonly type: "string"; readonly nullable: true; readonly optional: false; readonly example: "Campra!"; }>; ... 9 more ...; onlineStatus: Schema...'.
src/misc/i18n.ts(16,14): error TS2352: Conversion of type 'T' to type 'string' may be a mistake because neither type sufficiently overlaps with the other. If this was intentional, convert the expression to 'unknown' first.
  Type 'Record<string, any>' is not comparable to type 'string'.
src/misc/sanitize-css.ts(28,21): error TS7006: Parameter 'url' implicitly has an 'any' type.
src/misc/sanitize-css.ts(37,22): error TS7006: Parameter 'url' implicitly has an 'any' type.
src/misc/sanitize-css.ts(48,27): error TS7006: Parameter 'property' implicitly has an 'any' type.
src/misc/sanitize-css.ts(48,37): error TS7006: Parameter 'value' implicitly has an 'any' type.
src/misc/sanitize-css.ts(67,22): error TS7006: Parameter 'css' implicitly has an 'any' type.
src/misc/webhook-cache.ts(19,33): error TS7006: Parameter '_' implicitly has an 'any' type.
src/misc/webhook-cache.ts(19,36): error TS7006: Parameter 'data' implicitly has an 'any' type.
src/models/entities/abuse-user-report.ts(36,10): error TS2769: No overload matches this call.
  The last overload gave the following error.
    Argument of type '{ type: "varchar"; length: number; }' is not assignable to parameter of type '(type?: any) => Function'.
src/models/entities/access-token.ts(50,10): error TS2769: No overload matches this call.
  The last overload gave the following error.
    Argument of type '{ type: "varchar"; length: number; }' is not assignable to parameter of type '(type?: any) => Function'.
      Type '{ type: "varchar"; length: number; }' provides no match for the signature '(type?: any): Function'.
src/models/entities/ad.ts(7,9): error TS2564: Property 'id' has no initializer and is not definitely assigned in the constructor.
src/models/entities/ad.ts(13,9): error TS2564: Property 'createdAt' has no initializer and is not definitely assigned in the constructor.
src/models/entities/ad.ts(19,9): error TS2564: Property 'expiresAt' has no initializer and is not definitely assigned in the constructor.
src/models/entities/ad.ts(24,9): error TS2564: Property 'place' has no initializer and is not definitely assigned in the constructor.
src/models/entities/ad.ts(30,9): error TS2564: Property 'priority' has no initializer and is not definitely assigned in the constructor.
src/models/entities/ad.ts(35,9): error TS2564: Property 'ratio' has no initializer and is not definitely assigned in the constructor.
src/models/entities/ad.ts(40,9): error TS2564: Property 'url' has no initializer and is not definitely assigned in the constructor.
src/models/entities/ad.ts(45,9): error TS2564: Property 'imageUrl' has no initializer and is not definitely assigned in the constructor.
src/models/entities/ad.ts(50,9): error TS2564: Property 'memo' has no initializer and is not definitely assigned in the constructor.
src/models/entities/announcement-read.ts(10,9): error TS2564: Property 'id' has no initializer and is not definitely assigned in the constructor.
src/models/entities/announcement-read.ts(15,9): error TS2564: Property 'createdAt' has no initializer and is not definitely assigned in the constructor.
src/models/entities/announcement-read.ts(19,9): error TS2564: Property 'userId' has no initializer and is not definitely assigned in the constructor.
src/models/entities/announcement-read.ts(25,9): error TS2564: Property 'user' has no initializer and is not definitely assigned in the constructor.
src/models/entities/announcement-read.ts(29,9): error TS2564: Property 'announcementId' has no initializer and is not definitely assigned in the constructor.
src/models/entities/announcement-read.ts(35,9): error TS2564: Property 'announcement' has no initializer and is not definitely assigned in the constructor.
src/models/entities/announcement.ts(7,9): error TS2564: Property 'id' has no initializer and is not definitely assigned in the constructor.
src/models/entities/announcement.ts(13,9): error TS2564: Property 'createdAt' has no initializer and is not definitely assigned in the constructor.
src/models/entities/announcement.ts(19,9): error TS2564: Property 'updatedAt' has no initializer and is not definitely assigned in the constructor.
src/models/entities/announcement.ts(24,9): error TS2564: Property 'text' has no initializer and is not definitely assigned in the constructor.
src/models/entities/announcement.ts(29,9): error TS2564: Property 'title' has no initializer and is not definitely assigned in the constructor.
src/models/entities/announcement.ts(34,9): error TS2564: Property 'imageUrl' has no initializer and is not definitely assigned in the constructor.
src/models/entities/antenna-note.ts(10,9): error TS2564: Property 'id' has no initializer and is not definitely assigned in the constructor.
src/models/entities/antenna-note.ts(17,9): error TS2564: Property 'noteId' has no initializer and is not definitely assigned in the constructor.
src/models/entities/antenna-note.ts(23,9): error TS2564: Property 'note' has no initializer and is not definitely assigned in the constructor.
src/models/entities/antenna-note.ts(30,9): error TS2564: Property 'antennaId' has no initializer and is not definitely assigned in the constructor.
src/models/entities/antenna-note.ts(36,9): error TS2564: Property 'antenna' has no initializer and is not definitely assigned in the constructor.
src/models/entities/antenna-note.ts(42,9): error TS2564: Property 'read' has no initializer and is not definitely assigned in the constructor.
src/models/entities/antenna.ts(10,9): error TS2564: Property 'id' has no initializer and is not definitely assigned in the constructor.
src/models/entities/antenna.ts(15,9): error TS2564: Property 'createdAt' has no initializer and is not definitely assigned in the constructor.
src/models/entities/antenna.ts(22,9): error TS2564: Property 'userId' has no initializer and is not definitely assigned in the constructor.
src/models/entities/antenna.ts(28,9): error TS2564: Property 'user' has no initializer and is not definitely assigned in the constructor.
src/models/entities/antenna.ts(34,9): error TS2564: Property 'name' has no initializer and is not definitely assigned in the constructor.
src/models/entities/antenna.ts(37,9): error TS2564: Property 'src' has no initializer and is not definitely assigned in the constructor.
src/models/entities/antenna.ts(43,9): error TS2564: Property 'userListId' has no initializer and is not definitely assigned in the constructor.
src/models/entities/antenna.ts(49,9): error TS2564: Property 'userList' has no initializer and is not definitely assigned in the constructor.
src/models/entities/antenna.ts(55,9): error TS2564: Property 'userGroupJoiningId' has no initializer and is not definitely assigned in the constructor.
src/models/entities/antenna.ts(61,9): error TS2564: Property 'userGroupJoining' has no initializer and is not definitely assigned in the constructor.
src/models/entities/antenna.ts(67,9): error TS2564: Property 'users' has no initializer and is not definitely assigned in the constructor.
src/models/entities/antenna.ts(72,9): error TS2564: Property 'keywords' has no initializer and is not definitely assigned in the constructor.
src/models/entities/antenna.ts(77,9): error TS2564: Property 'excludeKeywords' has no initializer and is not definitely assigned in the constructor.
src/models/entities/antenna.ts(82,9): error TS2564: Property 'caseSensitive' has no initializer and is not definitely assigned in the constructor.
src/models/entities/antenna.ts(87,9): error TS2564: Property 'withReplies' has no initializer and is not definitely assigned in the constructor.
src/models/entities/antenna.ts(90,9): error TS2564: Property 'withFile' has no initializer and is not definitely assigned in the constructor.
src/models/entities/antenna.ts(95,9): error TS2564: Property 'expression' has no initializer and is not definitely assigned in the constructor.
src/models/entities/antenna.ts(98,9): error TS2564: Property 'notify' has no initializer and is not definitely assigned in the constructor.
src/models/entities/app.ts(8,9): error TS2564: Property 'id' has no initializer and is not definitely assigned in the constructor.
src/models/entities/app.ts(14,9): error TS2564: Property 'createdAt' has no initializer and is not definitely assigned in the constructor.
src/models/entities/app.ts(22,9): error TS2564: Property 'userId' has no initializer and is not definitely assigned in the constructor.
src/models/entities/app.ts(28,9): error TS2564: Property 'user' has no initializer and is not definitely assigned in the constructor.
src/models/entities/app.ts(35,9): error TS2564: Property 'secret' has no initializer and is not definitely assigned in the constructor.
src/models/entities/app.ts(41,9): error TS2564: Property 'name' has no initializer and is not definitely assigned in the constructor.
src/models/entities/app.ts(47,9): error TS2564: Property 'description' has no initializer and is not definitely assigned in the constructor.
src/models/entities/app.ts(53,9): error TS2564: Property 'permission' has no initializer and is not definitely assigned in the constructor.
src/models/entities/app.ts(59,9): error TS2564: Property 'callbackUrl' has no initializer and is not definitely assigned in the constructor.
src/models/entities/attestation-challenge.ts(8,9): error TS2564: Property 'id' has no initializer and is not definitely assigned in the constructor.
src/models/entities/attestation-challenge.ts(12,9): error TS2564: Property 'userId' has no initializer and is not definitely assigned in the constructor.
src/models/entities/attestation-challenge.ts(18,9): error TS2564: Property 'user' has no initializer and is not definitely assigned in the constructor.
src/models/entities/attestation-challenge.ts(25,9): error TS2564: Property 'challenge' has no initializer and is not definitely assigned in the constructor.
src/models/entities/attestation-challenge.ts(30,9): error TS2564: Property 'createdAt' has no initializer and is not definitely assigned in the constructor.
src/models/entities/attestation-challenge.ts(37,9): error TS2564: Property 'registrationChallenge' has no initializer and is not definitely assigned in the constructor.
src/models/entities/auth-session.ts(9,9): error TS2564: Property 'id' has no initializer and is not definitely assigned in the constructor.
src/models/entities/auth-session.ts(14,9): error TS2564: Property 'createdAt' has no initializer and is not definitely assigned in the constructor.
src/models/entities/auth-session.ts(20,9): error TS2564: Property 'token' has no initializer and is not definitely assigned in the constructor.
src/models/entities/auth-session.ts(26,9): error TS2564: Property 'userId' has no initializer and is not definitely assigned in the constructor.
src/models/entities/auth-session.ts(33,9): error TS2564: Property 'user' has no initializer and is not definitely assigned in the constructor.
src/models/entities/auth-session.ts(36,9): error TS2564: Property 'appId' has no initializer and is not definitely assigned in the constructor.
src/models/entities/auth-session.ts(42,9): error TS2564: Property 'app' has no initializer and is not definitely assigned in the constructor.
src/models/entities/blocking.ts(9,9): error TS2564: Property 'id' has no initializer and is not definitely assigned in the constructor.
src/models/entities/blocking.ts(15,9): error TS2564: Property 'createdAt' has no initializer and is not definitely assigned in the constructor.
src/models/entities/blocking.ts(22,9): error TS2564: Property 'blockeeId' has no initializer and is not definitely assigned in the constructor.
src/models/entities/blocking.ts(28,9): error TS2564: Property 'blockee' has no initializer and is not definitely assigned in the constructor.
src/models/entities/blocking.ts(35,9): error TS2564: Property 'blockerId' has no initializer and is not definitely assigned in the constructor.
src/models/entities/blocking.ts(41,9): error TS2564: Property 'blocker' has no initializer and is not definitely assigned in the constructor.
src/models/entities/channel-following.ts(10,9): error TS2564: Property 'id' has no initializer and is not definitely assigned in the constructor.
src/models/entities/channel-following.ts(16,9): error TS2564: Property 'createdAt' has no initializer and is not definitely assigned in the constructor.
src/models/entities/channel-following.ts(23,9): error TS2564: Property 'followeeId' has no initializer and is not definitely assigned in the constructor.
src/models/entities/channel-following.ts(29,9): error TS2564: Property 'followee' has no initializer and is not definitely assigned in the constructor.
src/models/entities/channel-following.ts(36,9): error TS2564: Property 'followerId' has no initializer and is not definitely assigned in the constructor.
src/models/entities/channel-following.ts(42,9): error TS2564: Property 'follower' has no initializer and is not definitely assigned in the constructor.
src/models/entities/channel-note-pining.ts(10,9): error TS2564: Property 'id' has no initializer and is not definitely assigned in the constructor.
src/models/entities/channel-note-pining.ts(15,9): error TS2564: Property 'createdAt' has no initializer and is not definitely assigned in the constructor.
src/models/entities/channel-note-pining.ts(19,9): error TS2564: Property 'channelId' has no initializer and is not definitely assigned in the constructor.
src/models/entities/channel-note-pining.ts(25,9): error TS2564: Property 'channel' has no initializer and is not definitely assigned in the constructor.
src/models/entities/channel-note-pining.ts(28,9): error TS2564: Property 'noteId' has no initializer and is not definitely assigned in the constructor.
src/models/entities/channel-note-pining.ts(34,9): error TS2564: Property 'note' has no initializer and is not definitely assigned in the constructor.
src/models/entities/channel.ts(9,9): error TS2564: Property 'id' has no initializer and is not definitely assigned in the constructor.
src/models/entities/channel.ts(15,9): error TS2564: Property 'createdAt' has no initializer and is not definitely assigned in the constructor.
src/models/entities/channel.ts(21,9): error TS2564: Property 'lastNotedAt' has no initializer and is not definitely assigned in the constructor.
src/models/entities/channel.ts(29,9): error TS2564: Property 'userId' has no initializer and is not definitely assigned in the constructor.
src/models/entities/channel.ts(35,9): error TS2564: Property 'user' has no initializer and is not definitely assigned in the constructor.
src/models/entities/channel.ts(41,9): error TS2564: Property 'name' has no initializer and is not definitely assigned in the constructor.
src/models/entities/channel.ts(47,9): error TS2564: Property 'description' has no initializer and is not definitely assigned in the constructor.
src/models/entities/channel.ts(54,9): error TS2564: Property 'bannerId' has no initializer and is not definitely assigned in the constructor.
src/models/entities/channel.ts(60,9): error TS2564: Property 'banner' has no initializer and is not definitely assigned in the constructor.
src/models/entities/channel.ts(67,9): error TS2564: Property 'notesCount' has no initializer and is not definitely assigned in the constructor.
src/models/entities/channel.ts(74,9): error TS2564: Property 'usersCount' has no initializer and is not definitely assigned in the constructor.
src/models/entities/channel.ts(79,9): error TS2564: Property 'moderators' has no initializer and is not definitely assigned in the constructor.
src/models/entities/channel.ts(86,9): error TS2564: Property 'admins' has no initializer and is not definitely assigned in the constructor.
src/models/entities/channel.ts(93,9): error TS2564: Property 'archive' has no initializer and is not definitely assigned in the constructor.
src/models/entities/channel.ts(98,9): error TS2564: Property 'banned' has no initializer and is not definitely assigned in the constructor.
src/models/entities/clip-note.ts(10,9): error TS2564: Property 'id' has no initializer and is not definitely assigned in the constructor.
src/models/entities/clip-note.ts(17,9): error TS2564: Property 'noteId' has no initializer and is not definitely assigned in the constructor.
src/models/entities/clip-note.ts(23,9): error TS2564: Property 'note' has no initializer and is not definitely assigned in the constructor.
src/models/entities/clip-note.ts(30,9): error TS2564: Property 'clipId' has no initializer and is not definitely assigned in the constructor.
src/models/entities/clip-note.ts(36,9): error TS2564: Property 'clip' has no initializer and is not definitely assigned in the constructor.
src/models/entities/clip.ts(8,9): error TS2564: Property 'id' has no initializer and is not definitely assigned in the constructor.
src/models/entities/clip.ts(13,9): error TS2564: Property 'createdAt' has no initializer and is not definitely assigned in the constructor.
src/models/entities/clip.ts(20,9): error TS2564: Property 'userId' has no initializer and is not definitely assigned in the constructor.
src/models/entities/clip.ts(26,9): error TS2564: Property 'user' has no initializer and is not definitely assigned in the constructor.
src/models/entities/clip.ts(32,9): error TS2564: Property 'name' has no initializer and is not definitely assigned in the constructor.
src/models/entities/clip.ts(37,9): error TS2564: Property 'isPublic' has no initializer and is not definitely assigned in the constructor.
src/models/entities/clip.ts(43,9): error TS2564: Property 'description' has no initializer and is not definitely assigned in the constructor.
src/models/entities/decoration.ts(8,9): error TS2564: Property 'id' has no initializer and is not definitely assigned in the constructor.
src/models/entities/decoration.ts(13,9): error TS2564: Property 'updatedAt' has no initializer and is not definitely assigned in the constructor.
src/models/entities/decoration.ts(19,9): error TS2564: Property 'name' has no initializer and is not definitely assigned in the constructor.
src/models/entities/decoration.ts(25,9): error TS2564: Property 'credit' has no initializer and is not definitely assigned in the constructor.
src/models/entities/decoration.ts(31,9): error TS2564: Property 'host' has no initializer and is not definitely assigned in the constructor.
src/models/entities/decoration.ts(36,9): error TS2564: Property 'category' has no initializer and is not definitely assigned in the constructor.
src/models/entities/decoration.ts(41,9): error TS2564: Property 'originalUrl' has no initializer and is not definitely assigned in the constructor.
src/models/entities/decoration.ts(47,9): error TS2564: Property 'publicUrl' has no initializer and is not definitely assigned in the constructor.
src/models/entities/decoration.ts(52,9): error TS2564: Property 'uri' has no initializer and is not definitely assigned in the constructor.
src/models/entities/decoration.ts(58,9): error TS2564: Property 'type' has no initializer and is not definitely assigned in the constructor.
src/models/entities/decoration.ts(63,9): error TS2564: Property 'aliases' has no initializer and is not definitely assigned in the constructor.
src/models/entities/decoration.ts(69,9): error TS2564: Property 'isPlus' has no initializer and is not definitely assigned in the constructor.
src/models/entities/decoration.ts(75,9): error TS2564: Property 'isMPlus' has no initializer and is not definitely assigned in the constructor.
src/models/entities/drive-file.ts(10,9): error TS2564: Property 'id' has no initializer and is not definitely assigned in the constructor.
src/models/entities/drive-file.ts(16,9): error TS2564: Property 'createdAt' has no initializer and is not definitely assigned in the constructor.
src/models/entities/drive-file.ts(24,9): error TS2564: Property 'userId' has no initializer and is not definitely assigned in the constructor.
src/models/entities/drive-file.ts(30,9): error TS2564: Property 'user' has no initializer and is not definitely assigned in the constructor.
src/models/entities/drive-file.ts(37,9): error TS2564: Property 'userHost' has no initializer and is not definitely assigned in the constructor.
src/models/entities/drive-file.ts(44,9): error TS2564: Property 'md5' has no initializer and is not definitely assigned in the constructor.
src/models/entities/drive-file.ts(50,9): error TS2564: Property 'name' has no initializer and is not definitely assigned in the constructor.
src/models/entities/drive-file.ts(57,9): error TS2564: Property 'type' has no initializer and is not definitely assigned in the constructor.
src/models/entities/drive-file.ts(62,9): error TS2564: Property 'size' has no initializer and is not definitely assigned in the constructor.
src/models/entities/drive-file.ts(68,9): error TS2564: Property 'comment' has no initializer and is not definitely assigned in the constructor.
src/models/entities/drive-file.ts(74,9): error TS2564: Property 'blurhash' has no initializer and is not definitely assigned in the constructor.
src/models/entities/drive-file.ts(80,9): error TS2564: Property 'properties' has no initializer and is not definitely assigned in the constructor.
src/models/entities/drive-file.ts(83,9): error TS2564: Property 'storedInternal' has no initializer and is not definitely assigned in the constructor.
src/models/entities/drive-file.ts(89,9): error TS2564: Property 'url' has no initializer and is not definitely assigned in the constructor.
src/models/entities/drive-file.ts(95,9): error TS2564: Property 'thumbnailUrl' has no initializer and is not definitely assigned in the constructor.
src/models/entities/drive-file.ts(101,9): error TS2564: Property 'webpublicUrl' has no initializer and is not definitely assigned in the constructor.
src/models/entities/drive-file.ts(106,9): error TS2564: Property 'webpublicType' has no initializer and is not definitely assigned in the constructor.
src/models/entities/drive-file.ts(112,9): error TS2564: Property 'accessKey' has no initializer and is not definitely assigned in the constructor.
src/models/entities/drive-file.ts(118,9): error TS2564: Property 'thumbnailAccessKey' has no initializer and is not definitely assigned in the constructor.
src/models/entities/drive-file.ts(124,9): error TS2564: Property 'webpublicAccessKey' has no initializer and is not definitely assigned in the constructor.
src/models/entities/drive-file.ts(131,9): error TS2564: Property 'uri' has no initializer and is not definitely assigned in the constructor.
src/models/entities/drive-file.ts(136,9): error TS2564: Property 'src' has no initializer and is not definitely assigned in the constructor.
src/models/entities/drive-file.ts(144,9): error TS2564: Property 'folderId' has no initializer and is not definitely assigned in the constructor.
src/models/entities/drive-file.ts(150,9): error TS2564: Property 'folder' has no initializer and is not definitely assigned in the constructor.
src/models/entities/drive-file.ts(157,9): error TS2564: Property 'isSensitive' has no initializer and is not definitely assigned in the constructor.
src/models/entities/drive-file.ts(164,9): error TS2564: Property 'maybeSensitive' has no initializer and is not definitely assigned in the constructor.
src/models/entities/drive-file.ts(170,9): error TS2564: Property 'maybePorn' has no initializer and is not definitely assigned in the constructor.
src/models/entities/drive-file.ts(180,9): error TS2564: Property 'isLink' has no initializer and is not definitely assigned in the constructor.
src/models/entities/drive-file.ts(186,9): error TS2564: Property 'requestHeaders' has no initializer and is not definitely assigned in the constructor.
src/models/entities/drive-file.ts(191,9): error TS2564: Property 'requestIp' has no initializer and is not definitely assigned in the constructor.
src/models/entities/drive-folder.ts(8,9): error TS2564: Property 'id' has no initializer and is not definitely assigned in the constructor.
src/models/entities/drive-folder.ts(14,9): error TS2564: Property 'createdAt' has no initializer and is not definitely assigned in the constructor.
src/models/entities/drive-folder.ts(20,9): error TS2564: Property 'name' has no initializer and is not definitely assigned in the constructor.
src/models/entities/drive-folder.ts(28,9): error TS2564: Property 'userId' has no initializer and is not definitely assigned in the constructor.
src/models/entities/drive-folder.ts(34,9): error TS2564: Property 'user' has no initializer and is not definitely assigned in the constructor.
src/models/entities/drive-folder.ts(42,9): error TS2564: Property 'parentId' has no initializer and is not definitely assigned in the constructor.
src/models/entities/drive-folder.ts(48,9): error TS2564: Property 'parent' has no initializer and is not definitely assigned in the constructor.
src/models/entities/emoji.ts(8,9): error TS2564: Property 'id' has no initializer and is not definitely assigned in the constructor.
src/models/entities/emoji.ts(13,9): error TS2564: Property 'updatedAt' has no initializer and is not definitely assigned in the constructor.
src/models/entities/emoji.ts(19,9): error TS2564: Property 'name' has no initializer and is not definitely assigned in the constructor.
src/models/entities/emoji.ts(25,9): error TS2564: Property 'host' has no initializer and is not definitely assigned in the constructor.
src/models/entities/emoji.ts(30,9): error TS2564: Property 'category' has no initializer and is not definitely assigned in the constructor.
src/models/entities/emoji.ts(35,9): error TS2564: Property 'originalUrl' has no initializer and is not definitely assigned in the constructor.
src/models/entities/emoji.ts(41,9): error TS2564: Property 'publicUrl' has no initializer and is not definitely assigned in the constructor.
src/models/entities/emoji.ts(46,9): error TS2564: Property 'uri' has no initializer and is not definitely assigned in the constructor.
src/models/entities/emoji.ts(52,9): error TS2564: Property 'type' has no initializer and is not definitely assigned in the constructor.
src/models/entities/emoji.ts(57,9): error TS2564: Property 'aliases' has no initializer and is not definitely assigned in the constructor.
src/models/entities/follow-request.ts(9,9): error TS2564: Property 'id' has no initializer and is not definitely assigned in the constructor.
src/models/entities/follow-request.ts(14,9): error TS2564: Property 'createdAt' has no initializer and is not definitely assigned in the constructor.
src/models/entities/follow-request.ts(21,9): error TS2564: Property 'followeeId' has no initializer and is not definitely assigned in the constructor.
src/models/entities/follow-request.ts(27,9): error TS2564: Property 'followee' has no initializer and is not definitely assigned in the constructor.
src/models/entities/follow-request.ts(34,9): error TS2564: Property 'followerId' has no initializer and is not definitely assigned in the constructor.
src/models/entities/follow-request.ts(40,9): error TS2564: Property 'follower' has no initializer and is not definitely assigned in the constructor.
src/models/entities/follow-request.ts(46,9): error TS2564: Property 'requestId' has no initializer and is not definitely assigned in the constructor.
src/models/entities/follow-request.ts(53,9): error TS2564: Property 'followerHost' has no initializer and is not definitely assigned in the constructor.
src/models/entities/follow-request.ts(59,9): error TS2564: Property 'followerInbox' has no initializer and is not definitely assigned in the constructor.
src/models/entities/follow-request.ts(65,9): error TS2564: Property 'followerSharedInbox' has no initializer and is not definitely assigned in the constructor.
src/models/entities/follow-request.ts(71,9): error TS2564: Property 'followeeHost' has no initializer and is not definitely assigned in the constructor.
src/models/entities/follow-request.ts(77,9): error TS2564: Property 'followeeInbox' has no initializer and is not definitely assigned in the constructor.
src/models/entities/follow-request.ts(83,9): error TS2564: Property 'followeeSharedInbox' has no initializer and is not definitely assigned in the constructor.
src/models/entities/following.ts(9,9): error TS2564: Property 'id' has no initializer and is not definitely assigned in the constructor.
src/models/entities/following.ts(15,9): error TS2564: Property 'createdAt' has no initializer and is not definitely assigned in the constructor.
src/models/entities/following.ts(22,9): error TS2564: Property 'followeeId' has no initializer and is not definitely assigned in the constructor.
src/models/entities/following.ts(28,9): error TS2564: Property 'followee' has no initializer and is not definitely assigned in the constructor.
src/models/entities/following.ts(35,9): error TS2564: Property 'followerId' has no initializer and is not definitely assigned in the constructor.
src/models/entities/following.ts(41,9): error TS2564: Property 'follower' has no initializer and is not definitely assigned in the constructor.
src/models/entities/following.ts(49,9): error TS2564: Property 'followerHost' has no initializer and is not definitely assigned in the constructor.
src/models/entities/following.ts(55,9): error TS2564: Property 'followerInbox' has no initializer and is not definitely assigned in the constructor.
src/models/entities/following.ts(61,9): error TS2564: Property 'followerSharedInbox' has no initializer and is not definitely assigned in the constructor.
src/models/entities/following.ts(68,9): error TS2564: Property 'followeeHost' has no initializer and is not definitely assigned in the constructor.
src/models/entities/following.ts(74,9): error TS2564: Property 'followeeInbox' has no initializer and is not definitely assigned in the constructor.
src/models/entities/following.ts(80,9): error TS2564: Property 'followeeSharedInbox' has no initializer and is not definitely assigned in the constructor.
src/models/entities/gallery-like.ts(10,9): error TS2564: Property 'id' has no initializer and is not definitely assigned in the constructor.
src/models/entities/gallery-like.ts(13,9): error TS2564: Property 'createdAt' has no initializer and is not definitely assigned in the constructor.
src/models/entities/gallery-like.ts(17,9): error TS2564: Property 'userId' has no initializer and is not definitely assigned in the constructor.
src/models/entities/gallery-like.ts(23,9): error TS2564: Property 'user' has no initializer and is not definitely assigned in the constructor.
src/models/entities/gallery-like.ts(26,9): error TS2564: Property 'postId' has no initializer and is not definitely assigned in the constructor.
src/models/entities/gallery-like.ts(32,9): error TS2564: Property 'post' has no initializer and is not definitely assigned in the constructor.
src/models/entities/gallery-post.ts(9,9): error TS2564: Property 'id' has no initializer and is not definitely assigned in the constructor.
src/models/entities/gallery-post.ts(15,9): error TS2564: Property 'createdAt' has no initializer and is not definitely assigned in the constructor.
src/models/entities/gallery-post.ts(21,9): error TS2564: Property 'updatedAt' has no initializer and is not definitely assigned in the constructor.
src/models/entities/gallery-post.ts(26,9): error TS2564: Property 'title' has no initializer and is not definitely assigned in the constructor.
src/models/entities/gallery-post.ts(31,9): error TS2564: Property 'description' has no initializer and is not definitely assigned in the constructor.
src/models/entities/gallery-post.ts(38,9): error TS2564: Property 'userId' has no initializer and is not definitely assigned in the constructor.
src/models/entities/gallery-post.ts(44,9): error TS2564: Property 'user' has no initializer and is not definitely assigned in the constructor.
src/models/entities/gallery-post.ts(51,9): error TS2564: Property 'fileIds' has no initializer and is not definitely assigned in the constructor.
src/models/entities/gallery-post.ts(58,9): error TS2564: Property 'isSensitive' has no initializer and is not definitely assigned in the constructor.
src/models/entities/gallery-post.ts(64,9): error TS2564: Property 'likedCount' has no initializer and is not definitely assigned in the constructor.
src/models/entities/gallery-post.ts(70,9): error TS2564: Property 'tags' has no initializer and is not definitely assigned in the constructor.
src/models/entities/hashtag.ts(8,9): error TS2564: Property 'id' has no initializer and is not definitely assigned in the constructor.
src/models/entities/hashtag.ts(14,9): error TS2564: Property 'name' has no initializer and is not definitely assigned in the constructor.
src/models/entities/hashtag.ts(20,9): error TS2564: Property 'mentionedUserIds' has no initializer and is not definitely assigned in the constructor.
src/models/entities/hashtag.ts(26,9): error TS2564: Property 'mentionedUsersCount' has no initializer and is not definitely assigned in the constructor.
src/models/entities/hashtag.ts(32,9): error TS2564: Property 'mentionedLocalUserIds' has no initializer and is not definitely assigned in the constructor.
src/models/entities/hashtag.ts(38,9): error TS2564: Property 'mentionedLocalUsersCount' has no initializer and is not definitely assigned in the constructor.
src/models/entities/hashtag.ts(44,9): error TS2564: Property 'mentionedRemoteUserIds' has no initializer and is not definitely assigned in the constructor.
src/models/entities/hashtag.ts(50,9): error TS2564: Property 'mentionedRemoteUsersCount' has no initializer and is not definitely assigned in the constructor.
src/models/entities/hashtag.ts(56,9): error TS2564: Property 'attachedUserIds' has no initializer and is not definitely assigned in the constructor.
src/models/entities/hashtag.ts(62,9): error TS2564: Property 'attachedUsersCount' has no initializer and is not definitely assigned in the constructor.
src/models/entities/hashtag.ts(68,9): error TS2564: Property 'attachedLocalUserIds' has no initializer and is not definitely assigned in the constructor.
src/models/entities/hashtag.ts(74,9): error TS2564: Property 'attachedLocalUsersCount' has no initializer and is not definitely assigned in the constructor.
src/models/entities/hashtag.ts(80,9): error TS2564: Property 'attachedRemoteUserIds' has no initializer and is not definitely assigned in the constructor.
src/models/entities/hashtag.ts(86,9): error TS2564: Property 'attachedRemoteUsersCount' has no initializer and is not definitely assigned in the constructor.
src/models/entities/instance.ts(7,9): error TS2564: Property 'id' has no initializer and is not definitely assigned in the constructor.
src/models/entities/instance.ts(16,9): error TS2564: Property 'caughtAt' has no initializer and is not definitely assigned in the constructor.
src/models/entities/instance.ts(26,9): error TS2564: Property 'host' has no initializer and is not definitely assigned in the constructor.
src/models/entities/instance.ts(35,9): error TS2564: Property 'usersCount' has no initializer and is not definitely assigned in the constructor.
src/models/entities/instance.ts(44,9): error TS2564: Property 'notesCount' has no initializer and is not definitely assigned in the constructor.
src/models/entities/instance.ts(52,9): error TS2564: Property 'followingCount' has no initializer and is not definitely assigned in the constructor.
src/models/entities/instance.ts(60,9): error TS2564: Property 'followersCount' has no initializer and is not definitely assigned in the constructor.
src/models/entities/instance.ts(68,9): error TS2564: Property 'latestRequestSentAt' has no initializer and is not definitely assigned in the constructor.
src/models/entities/instance.ts(76,9): error TS2564: Property 'latestStatus' has no initializer and is not definitely assigned in the constructor.
src/models/entities/instance.ts(84,9): error TS2564: Property 'latestRequestReceivedAt' has no initializer and is not definitely assigned in the constructor.
src/models/entities/instance.ts(90,9): error TS2564: Property 'lastCommunicatedAt' has no initializer and is not definitely assigned in the constructor.
src/models/entities/instance.ts(98,9): error TS2564: Property 'isNotResponding' has no initializer and is not definitely assigned in the constructor.
src/models/entities/instance.ts(107,9): error TS2564: Property 'isSuspended' has no initializer and is not definitely assigned in the constructor.
src/models/entities/instance.ts(113,9): error TS2564: Property 'softwareName' has no initializer and is not definitely assigned in the constructor.
src/models/entities/instance.ts(118,9): error TS2564: Property 'softwareVersion' has no initializer and is not definitely assigned in the constructor.
src/models/entities/instance.ts(123,9): error TS2564: Property 'openRegistrations' has no initializer and is not definitely assigned in the constructor.
src/models/entities/instance.ts(128,9): error TS2564: Property 'name' has no initializer and is not definitely assigned in the constructor.
src/models/entities/instance.ts(133,9): error TS2564: Property 'description' has no initializer and is not definitely assigned in the constructor.
src/models/entities/instance.ts(138,9): error TS2564: Property 'maintainerName' has no initializer and is not definitely assigned in the constructor.
src/models/entities/instance.ts(143,9): error TS2564: Property 'maintainerEmail' has no initializer and is not definitely assigned in the constructor.
src/models/entities/instance.ts(148,9): error TS2564: Property 'iconUrl' has no initializer and is not definitely assigned in the constructor.
src/models/entities/instance.ts(153,9): error TS2564: Property 'faviconUrl' has no initializer and is not definitely assigned in the constructor.
src/models/entities/instance.ts(158,9): error TS2564: Property 'themeColor' has no initializer and is not definitely assigned in the constructor.
src/models/entities/instance.ts(163,9): error TS2564: Property 'infoUpdatedAt' has no initializer and is not definitely assigned in the constructor.
src/models/entities/messaging-message.ts(10,9): error TS2564: Property 'id' has no initializer and is not definitely assigned in the constructor.
src/models/entities/messaging-message.ts(16,9): error TS2564: Property 'createdAt' has no initializer and is not definitely assigned in the constructor.
src/models/entities/messaging-message.ts(23,9): error TS2564: Property 'userId' has no initializer and is not definitely assigned in the constructor.
src/models/entities/messaging-message.ts(29,9): error TS2564: Property 'user' has no initializer and is not definitely assigned in the constructor.
src/models/entities/messaging-message.ts(36,9): error TS2564: Property 'recipientId' has no initializer and is not definitely assigned in the constructor.
src/models/entities/messaging-message.ts(42,9): error TS2564: Property 'recipient' has no initializer and is not definitely assigned in the constructor.
src/models/entities/messaging-message.ts(49,9): error TS2564: Property 'groupId' has no initializer and is not definitely assigned in the constructor.
src/models/entities/messaging-message.ts(55,9): error TS2564: Property 'group' has no initializer and is not definitely assigned in the constructor.
src/models/entities/messaging-message.ts(60,9): error TS2564: Property 'text' has no initializer and is not definitely assigned in the constructor.
src/models/entities/messaging-message.ts(65,9): error TS2564: Property 'isRead' has no initializer and is not definitely assigned in the constructor.
src/models/entities/messaging-message.ts(70,9): error TS2564: Property 'uri' has no initializer and is not definitely assigned in the constructor.
src/models/entities/messaging-message.ts(76,9): error TS2564: Property 'reads' has no initializer and is not definitely assigned in the constructor.
src/models/entities/messaging-message.ts(82,9): error TS2564: Property 'fileId' has no initializer and is not definitely assigned in the constructor.
src/models/entities/messaging-message.ts(88,9): error TS2564: Property 'file' has no initializer and is not definitely assigned in the constructor.
src/models/entities/meta.ts(12,9): error TS2564: Property 'id' has no initializer and is not definitely assigned in the constructor.
src/models/entities/meta.ts(17,9): error TS2564: Property 'name' has no initializer and is not definitely assigned in the constructor.
src/models/entities/meta.ts(22,9): error TS2564: Property 'description' has no initializer and is not definitely assigned in the constructor.
src/models/entities/meta.ts(30,9): error TS2564: Property 'maintainerName' has no initializer and is not definitely assigned in the constructor.
src/models/entities/meta.ts(38,9): error TS2564: Property 'maintainerEmail' has no initializer and is not definitely assigned in the constructor.
src/models/entities/meta.ts(43,9): error TS2564: Property 'disableRegistration' has no initializer and is not definitely assigned in the constructor.
src/models/entities/meta.ts(48,9): error TS2564: Property 'disableLocalTimeline' has no initializer and is not definitely assigned in the constructor.
src/models/entities/meta.ts(53,9): error TS2564: Property 'disableRecommendedTimeline' has no initializer and is not definitely assigned in the constructor.
src/models/entities/meta.ts(58,9): error TS2564: Property 'disableGlobalTimeline' has no initializer and is not definitely assigned in the constructor.
src/models/entities/meta.ts(63,9): error TS2564: Property 'useStarForReactionFallback' has no initializer and is not definitely assigned in the constructor.
src/models/entities/meta.ts(68,9): error TS2564: Property 'langs' has no initializer and is not definitely assigned in the constructor.
src/models/entities/meta.ts(73,9): error TS2564: Property 'pinnedUsers' has no initializer and is not definitely assigned in the constructor.
src/models/entities/meta.ts(78,9): error TS2564: Property 'recommendedInstances' has no initializer and is not definitely assigned in the constructor.
src/models/entities/meta.ts(83,9): error TS2564: Property 'customMOTD' has no initializer and is not definitely assigned in the constructor.
src/models/entities/meta.ts(88,9): error TS2564: Property 'customSplashIcons' has no initializer and is not definitely assigned in the constructor.
src/models/entities/meta.ts(93,9): error TS2564: Property 'hiddenTags' has no initializer and is not definitely assigned in the constructor.
src/models/entities/meta.ts(98,9): error TS2564: Property 'blockedHosts' has no initializer and is not definitely assigned in the constructor.
src/models/entities/meta.ts(103,9): error TS2564: Property 'secureMode' has no initializer and is not definitely assigned in the constructor.
src/models/entities/meta.ts(108,9): error TS2564: Property 'privateMode' has no initializer and is not definitely assigned in the constructor.
src/models/entities/meta.ts(113,9): error TS2564: Property 'allowedHosts' has no initializer and is not definitely assigned in the constructor.
src/models/entities/meta.ts(118,9): error TS2564: Property 'pinnedPages' has no initializer and is not definitely assigned in the constructor.
src/models/entities/meta.ts(124,9): error TS2564: Property 'pinnedClipId' has no initializer and is not definitely assigned in the constructor.
src/models/entities/meta.ts(130,9): error TS2564: Property 'themeColor' has no initializer and is not definitely assigned in the constructor.
src/models/entities/meta.ts(137,9): error TS2564: Property 'mascotImageUrl' has no initializer and is not definitely assigned in the constructor.
src/models/entities/meta.ts(143,9): error TS2564: Property 'bannerUrl' has no initializer and is not definitely assigned in the constructor.
src/models/entities/meta.ts(149,9): error TS2564: Property 'backgroundImageUrl' has no initializer and is not definitely assigned in the constructor.
src/models/entities/meta.ts(155,9): error TS2564: Property 'logoImageUrl' has no initializer and is not definitely assigned in the constructor.
src/models/entities/meta.ts(162,9): error TS2564: Property 'errorImageUrl' has no initializer and is not definitely assigned in the constructor.
src/models/entities/meta.ts(168,9): error TS2564: Property 'iconUrl' has no initializer and is not definitely assigned in the constructor.
src/models/entities/meta.ts(173,9): error TS2564: Property 'cacheRemoteFiles' has no initializer and is not definitely assigned in the constructor.
src/models/entities/meta.ts(179,9): error TS2564: Property 'proxyAccountId' has no initializer and is not definitely assigned in the constructor.
src/models/entities/meta.ts(185,9): error TS2564: Property 'proxyAccount' has no initializer and is not definitely assigned in the constructor.
src/models/entities/meta.ts(190,9): error TS2564: Property 'emailRequiredForSignup' has no initializer and is not definitely assigned in the constructor.
src/models/entities/meta.ts(195,9): error TS2564: Property 'enableHcaptcha' has no initializer and is not definitely assigned in the constructor.
src/models/entities/meta.ts(201,9): error TS2564: Property 'hcaptchaSiteKey' has no initializer and is not definitely assigned in the constructor.
src/models/entities/meta.ts(207,9): error TS2564: Property 'hcaptchaSecretKey' has no initializer and is not definitely assigned in the constructor.
src/models/entities/meta.ts(212,9): error TS2564: Property 'enableRecaptcha' has no initializer and is not definitely assigned in the constructor.
src/models/entities/meta.ts(218,9): error TS2564: Property 'recaptchaSiteKey' has no initializer and is not definitely assigned in the constructor.
src/models/entities/meta.ts(224,9): error TS2564: Property 'recaptchaSecretKey' has no initializer and is not definitely assigned in the constructor.
src/models/entities/meta.ts(230,9): error TS2564: Property 'sensitiveMediaDetection' has no initializer and is not definitely assigned in the constructor.
src/models/entities/meta.ts(236,9): error TS2564: Property 'sensitiveMediaDetectionSensitivity' has no initializer and is not definitely assigned in the constructor.
src/models/entities/meta.ts(241,9): error TS2564: Property 'setSensitiveFlagAutomatically' has no initializer and is not definitely assigned in the constructor.
src/models/entities/meta.ts(246,9): error TS2564: Property 'enableSensitiveMediaDetectionForVideos' has no initializer and is not definitely assigned in the constructor.
src/models/entities/meta.ts(252,9): error TS2564: Property 'localDriveCapacityMb' has no initializer and is not definitely assigned in the constructor.
src/models/entities/meta.ts(258,9): error TS2564: Property 'remoteDriveCapacityMb' has no initializer and is not definitely assigned in the constructor.
src/models/entities/meta.ts(264,9): error TS2564: Property 'summalyProxy' has no initializer and is not definitely assigned in the constructor.
src/models/entities/meta.ts(269,9): error TS2564: Property 'enableEmail' has no initializer and is not definitely assigned in the constructor.
src/models/entities/meta.ts(275,9): error TS2564: Property 'email' has no initializer and is not definitely assigned in the constructor.
src/models/entities/meta.ts(280,9): error TS2564: Property 'smtpSecure' has no initializer and is not definitely assigned in the constructor.
src/models/entities/meta.ts(286,9): error TS2564: Property 'smtpHost' has no initializer and is not definitely assigned in the constructor.
src/models/entities/meta.ts(291,9): error TS2564: Property 'smtpPort' has no initializer and is not definitely assigned in the constructor.
src/models/entities/meta.ts(297,9): error TS2564: Property 'smtpUser' has no initializer and is not definitely assigned in the constructor.
src/models/entities/meta.ts(303,9): error TS2564: Property 'smtpPass' has no initializer and is not definitely assigned in the constructor.
src/models/entities/meta.ts(308,9): error TS2564: Property 'enableServiceWorker' has no initializer and is not definitely assigned in the constructor.
src/models/entities/meta.ts(314,9): error TS2564: Property 'swPublicKey' has no initializer and is not definitely assigned in the constructor.
src/models/entities/meta.ts(320,9): error TS2564: Property 'swPrivateKey' has no initializer and is not definitely assigned in the constructor.
src/models/entities/meta.ts(325,9): error TS2564: Property 'enableTwitterIntegration' has no initializer and is not definitely assigned in the constructor.
src/models/entities/meta.ts(331,9): error TS2564: Property 'twitterConsumerKey' has no initializer and is not definitely assigned in the constructor.
src/models/entities/meta.ts(337,9): error TS2564: Property 'twitterConsumerSecret' has no initializer and is not definitely assigned in the constructor.
src/models/entities/meta.ts(342,9): error TS2564: Property 'enableGithubIntegration' has no initializer and is not definitely assigned in the constructor.
src/models/entities/meta.ts(348,9): error TS2564: Property 'githubClientId' has no initializer and is not definitely assigned in the constructor.
src/models/entities/meta.ts(354,9): error TS2564: Property 'githubClientSecret' has no initializer and is not definitely assigned in the constructor.
src/models/entities/meta.ts(359,9): error TS2564: Property 'enableDiscordIntegration' has no initializer and is not definitely assigned in the constructor.
src/models/entities/meta.ts(365,9): error TS2564: Property 'discordClientId' has no initializer and is not definitely assigned in the constructor.
src/models/entities/meta.ts(371,9): error TS2564: Property 'discordClientSecret' has no initializer and is not definitely assigned in the constructor.
src/models/entities/meta.ts(377,9): error TS2564: Property 'deeplAuthKey' has no initializer and is not definitely assigned in the constructor.
src/models/entities/meta.ts(382,9): error TS2564: Property 'deeplIsPro' has no initializer and is not definitely assigned in the constructor.
src/models/entities/meta.ts(388,9): error TS2564: Property 'gifboxAuthKey' has no initializer and is not definitely assigned in the constructor.
src/models/entities/meta.ts(394,9): error TS2564: Property 'product_id_month' has no initializer and is not definitely assigned in the constructor.
src/models/entities/meta.ts(400,9): error TS2564: Property 'product_id_mp' has no initializer and is not definitely assigned in the constructor.
src/models/entities/meta.ts(406,9): error TS2564: Property 'price_id_month' has no initializer and is not definitely assigned in the constructor.
src/models/entities/meta.ts(412,9): error TS2564: Property 'price_id_year' has no initializer and is not definitely assigned in the constructor.
src/models/entities/meta.ts(418,9): error TS2564: Property 'price_id_month_mp' has no initializer and is not definitely assigned in the constructor.
src/models/entities/meta.ts(424,9): error TS2564: Property 'price_id_year_mp' has no initializer and is not definitely assigned in the constructor.
src/models/entities/meta.ts(430,9): error TS2564: Property 'stripe_key' has no initializer and is not definitely assigned in the constructor.
src/models/entities/meta.ts(436,9): error TS2564: Property 'stripe_webhook_secret' has no initializer and is not definitely assigned in the constructor.
src/models/entities/meta.ts(442,9): error TS2564: Property 'mux_access' has no initializer and is not definitely assigned in the constructor.
src/models/entities/meta.ts(448,9): error TS2564: Property 'mux_secret_key' has no initializer and is not definitely assigned in the constructor.
src/models/entities/meta.ts(454,9): error TS2564: Property 'mux_token_id' has no initializer and is not definitely assigned in the constructor.
src/models/entities/meta.ts(460,9): error TS2564: Property 'mux_webhook_secret' has no initializer and is not definitely assigned in the constructor.
src/models/entities/meta.ts(466,9): error TS2564: Property 'ToSUrl' has no initializer and is not definitely assigned in the constructor.
src/models/entities/meta.ts(473,9): error TS2564: Property 'repositoryUrl' has no initializer and is not definitely assigned in the constructor.
src/models/entities/meta.ts(480,9): error TS2564: Property 'feedbackUrl' has no initializer and is not definitely assigned in the constructor.
src/models/entities/meta.ts(486,9): error TS2564: Property 'defaultLightTheme' has no initializer and is not definitely assigned in the constructor.
src/models/entities/meta.ts(492,9): error TS2564: Property 'defaultDarkTheme' has no initializer and is not definitely assigned in the constructor.
src/models/entities/meta.ts(497,9): error TS2564: Property 'useObjectStorage' has no initializer and is not definitely assigned in the constructor.
src/models/entities/meta.ts(503,9): error TS2564: Property 'objectStorageBucket' has no initializer and is not definitely assigned in the constructor.
src/models/entities/meta.ts(509,9): error TS2564: Property 'objectStoragePrefix' has no initializer and is not definitely assigned in the constructor.
src/models/entities/meta.ts(515,9): error TS2564: Property 'objectStorageBaseUrl' has no initializer and is not definitely assigned in the constructor.
src/models/entities/meta.ts(521,9): error TS2564: Property 'objectStorageEndpoint' has no initializer and is not definitely assigned in the constructor.
src/models/entities/meta.ts(527,9): error TS2564: Property 'objectStorageRegion' has no initializer and is not definitely assigned in the constructor.
src/models/entities/meta.ts(533,9): error TS2564: Property 'objectStorageAccessKey' has no initializer and is not definitely assigned in the constructor.
src/models/entities/meta.ts(539,9): error TS2564: Property 'objectStorageSecretKey' has no initializer and is not definitely assigned in the constructor.
src/models/entities/meta.ts(544,9): error TS2564: Property 'objectStoragePort' has no initializer and is not definitely assigned in the constructor.
src/models/entities/meta.ts(549,9): error TS2564: Property 'objectStorageUseSSL' has no initializer and is not definitely assigned in the constructor.
src/models/entities/meta.ts(554,9): error TS2564: Property 'objectStorageUseProxy' has no initializer and is not definitely assigned in the constructor.
src/models/entities/meta.ts(559,9): error TS2564: Property 'objectStorageSetPublicRead' has no initializer and is not definitely assigned in the constructor.
src/models/entities/meta.ts(564,9): error TS2564: Property 'objectStorageS3ForcePathStyle' has no initializer and is not definitely assigned in the constructor.
src/models/entities/meta.ts(569,9): error TS2564: Property 'enableIpLogging' has no initializer and is not definitely assigned in the constructor.
src/models/entities/meta.ts(574,9): error TS2564: Property 'enableActiveEmailValidation' has no initializer and is not definitely assigned in the constructor.
src/models/entities/moderation-log.ts(8,9): error TS2564: Property 'id' has no initializer and is not definitely assigned in the constructor.
src/models/entities/moderation-log.ts(13,9): error TS2564: Property 'createdAt' has no initializer and is not definitely assigned in the constructor.
src/models/entities/moderation-log.ts(17,9): error TS2564: Property 'userId' has no initializer and is not definitely assigned in the constructor.
src/models/entities/moderation-log.ts(23,9): error TS2564: Property 'user' has no initializer and is not definitely assigned in the constructor.
src/models/entities/moderation-log.ts(28,9): error TS2564: Property 'type' has no initializer and is not definitely assigned in the constructor.
src/models/entities/moderation-log.ts(31,9): error TS2564: Property 'info' has no initializer and is not definitely assigned in the constructor.
src/models/entities/muted-note.ts(11,9): error TS2564: Property 'id' has no initializer and is not definitely assigned in the constructor.
src/models/entities/muted-note.ts(18,9): error TS2564: Property 'noteId' has no initializer and is not definitely assigned in the constructor.
src/models/entities/muted-note.ts(24,9): error TS2564: Property 'note' has no initializer and is not definitely assigned in the constructor.
src/models/entities/muted-note.ts(31,9): error TS2564: Property 'userId' has no initializer and is not definitely assigned in the constructor.
src/models/entities/muted-note.ts(37,9): error TS2564: Property 'user' has no initializer and is not definitely assigned in the constructor.
src/models/entities/muted-note.ts(47,9): error TS2564: Property 'reason' has no initializer and is not definitely assigned in the constructor.
src/models/entities/muting.ts(9,9): error TS2564: Property 'id' has no initializer and is not definitely assigned in the constructor.
src/models/entities/muting.ts(15,9): error TS2564: Property 'createdAt' has no initializer and is not definitely assigned in the constructor.
src/models/entities/muting.ts(21,9): error TS2564: Property 'expiresAt' has no initializer and is not definitely assigned in the constructor.
src/models/entities/muting.ts(28,9): error TS2564: Property 'muteeId' has no initializer and is not definitely assigned in the constructor.
src/models/entities/muting.ts(34,9): error TS2564: Property 'mutee' has no initializer and is not definitely assigned in the constructor.
src/models/entities/muting.ts(41,9): error TS2564: Property 'muterId' has no initializer and is not definitely assigned in the constructor.
src/models/entities/muting.ts(47,9): error TS2564: Property 'muter' has no initializer and is not definitely assigned in the constructor.
src/models/entities/note-favorite.ts(10,9): error TS2564: Property 'id' has no initializer and is not definitely assigned in the constructor.
src/models/entities/note-favorite.ts(15,9): error TS2564: Property 'createdAt' has no initializer and is not definitely assigned in the constructor.
src/models/entities/note-favorite.ts(19,9): error TS2564: Property 'userId' has no initializer and is not definitely assigned in the constructor.
src/models/entities/note-favorite.ts(25,9): error TS2564: Property 'user' has no initializer and is not definitely assigned in the constructor.
src/models/entities/note-favorite.ts(28,9): error TS2564: Property 'noteId' has no initializer and is not definitely assigned in the constructor.
src/models/entities/note-favorite.ts(34,9): error TS2564: Property 'note' has no initializer and is not definitely assigned in the constructor.
src/models/entities/note-reaction.ts(10,9): error TS2564: Property 'id' has no initializer and is not definitely assigned in the constructor.
src/models/entities/note-reaction.ts(16,9): error TS2564: Property 'createdAt' has no initializer and is not definitely assigned in the constructor.
src/models/entities/note-reaction.ts(20,9): error TS2564: Property 'userId' has no initializer and is not definitely assigned in the constructor.
src/models/entities/note-reaction.ts(30,9): error TS2564: Property 'noteId' has no initializer and is not definitely assigned in the constructor.
src/models/entities/note-reaction.ts(43,9): error TS2564: Property 'reaction' has no initializer and is not definitely assigned in the constructor.
src/models/entities/note-thread-muting.ts(10,9): error TS2564: Property 'id' has no initializer and is not definitely assigned in the constructor.
src/models/entities/note-thread-muting.ts(14,9): error TS2564: Property 'createdAt' has no initializer and is not definitely assigned in the constructor.
src/models/entities/note-thread-muting.ts(20,9): error TS2564: Property 'userId' has no initializer and is not definitely assigned in the constructor.
src/models/entities/note-thread-muting.ts(26,9): error TS2564: Property 'user' has no initializer and is not definitely assigned in the constructor.
src/models/entities/note-thread-muting.ts(32,9): error TS2564: Property 'threadId' has no initializer and is not definitely assigned in the constructor.
src/models/entities/note-unread.ts(11,9): error TS2564: Property 'id' has no initializer and is not definitely assigned in the constructor.
src/models/entities/note-unread.ts(15,9): error TS2564: Property 'userId' has no initializer and is not definitely assigned in the constructor.
src/models/entities/note-unread.ts(21,9): error TS2564: Property 'user' has no initializer and is not definitely assigned in the constructor.
src/models/entities/note-unread.ts(25,9): error TS2564: Property 'noteId' has no initializer and is not definitely assigned in the constructor.
src/models/entities/note-unread.ts(31,9): error TS2564: Property 'note' has no initializer and is not definitely assigned in the constructor.
src/models/entities/note-unread.ts(38,9): error TS2564: Property 'isMentioned' has no initializer and is not definitely assigned in the constructor.
src/models/entities/note-unread.ts(45,9): error TS2564: Property 'isSpecified' has no initializer and is not definitely assigned in the constructor.
src/models/entities/note-unread.ts(53,9): error TS2564: Property 'noteUserId' has no initializer and is not definitely assigned in the constructor.
src/models/entities/note-unread.ts(61,9): error TS2564: Property 'noteChannelId' has no initializer and is not definitely assigned in the constructor.
src/models/entities/note-watching.ts(10,9): error TS2564: Property 'id' has no initializer and is not definitely assigned in the constructor.
src/models/entities/note-watching.ts(16,9): error TS2564: Property 'createdAt' has no initializer and is not definitely assigned in the constructor.
src/models/entities/note-watching.ts(23,9): error TS2564: Property 'userId' has no initializer and is not definitely assigned in the constructor.
src/models/entities/note-watching.ts(29,9): error TS2564: Property 'user' has no initializer and is not definitely assigned in the constructor.
src/models/entities/note-watching.ts(36,9): error TS2564: Property 'noteId' has no initializer and is not definitely assigned in the constructor.
src/models/entities/note-watching.ts(42,9): error TS2564: Property 'note' has no initializer and is not definitely assigned in the constructor.
src/models/entities/note-watching.ts(50,9): error TS2564: Property 'noteUserId' has no initializer and is not definitely assigned in the constructor.
src/models/entities/note.ts(14,9): error TS2564: Property 'id' has no initializer and is not definitely assigned in the constructor.
src/models/entities/note.ts(20,9): error TS2564: Property 'createdAt' has no initializer and is not definitely assigned in the constructor.
src/models/entities/note.ts(28,9): error TS2564: Property 'replyId' has no initializer and is not definitely assigned in the constructor.
src/models/entities/note.ts(34,9): error TS2564: Property 'reply' has no initializer and is not definitely assigned in the constructor.
src/models/entities/note.ts(42,9): error TS2564: Property 'renoteId' has no initializer and is not definitely assigned in the constructor.
src/models/entities/note.ts(48,9): error TS2564: Property 'renote' has no initializer and is not definitely assigned in the constructor.
src/models/entities/note.ts(54,9): error TS2564: Property 'threadId' has no initializer and is not definitely assigned in the constructor.
src/models/entities/note.ts(59,9): error TS2564: Property 'text' has no initializer and is not definitely assigned in the constructor.
src/models/entities/note.ts(64,9): error TS2564: Property 'campraFor' has no initializer and is not definitely assigned in the constructor.
src/models/entities/note.ts(69,9): error TS2564: Property 'name' has no initializer and is not definitely assigned in the constructor.
src/models/entities/note.ts(74,9): error TS2564: Property 'cw' has no initializer and is not definitely assigned in the constructor.
src/models/entities/note.ts(81,9): error TS2564: Property 'userId' has no initializer and is not definitely assigned in the constructor.
src/models/entities/note.ts(87,9): error TS2564: Property 'user' has no initializer and is not definitely assigned in the constructor.
src/models/entities/note.ts(92,9): error TS2564: Property 'localOnly' has no initializer and is not definitely assigned in the constructor.
src/models/entities/note.ts(97,9): error TS2564: Property 'renoteCount' has no initializer and is not definitely assigned in the constructor.
src/models/entities/note.ts(102,9): error TS2564: Property 'repliesCount' has no initializer and is not definitely assigned in the constructor.
src/models/entities/note.ts(107,9): error TS2564: Property 'reactions' has no initializer and is not definitely assigned in the constructor.
src/models/entities/note.ts(117,9): error TS2564: Property 'visibility' has no initializer and is not definitely assigned in the constructor.
src/models/entities/note.ts(124,9): error TS2564: Property 'uri' has no initializer and is not definitely assigned in the constructor.
src/models/entities/note.ts(130,9): error TS2564: Property 'url' has no initializer and is not definitely assigned in the constructor.
src/models/entities/note.ts(135,9): error TS2564: Property 'score' has no initializer and is not definitely assigned in the constructor.
src/models/entities/note.ts(142,9): error TS2564: Property 'fileIds' has no initializer and is not definitely assigned in the constructor.
src/models/entities/note.ts(148,9): error TS2564: Property 'attachedFileTypes' has no initializer and is not definitely assigned in the constructor.
src/models/entities/note.ts(155,9): error TS2564: Property 'visibleUserIds' has no initializer and is not definitely assigned in the constructor.
src/models/entities/note.ts(162,9): error TS2564: Property 'mentions' has no initializer and is not definitely assigned in the constructor.
src/models/entities/note.ts(167,9): error TS2564: Property 'mentionedRemoteUsers' has no initializer and is not definitely assigned in the constructor.
src/models/entities/note.ts(172,9): error TS2564: Property 'emojis' has no initializer and is not definitely assigned in the constructor.
src/models/entities/note.ts(178,9): error TS2564: Property 'tags' has no initializer and is not definitely assigned in the constructor.
src/models/entities/note.ts(183,9): error TS2564: Property 'hasPoll' has no initializer and is not definitely assigned in the constructor.
src/models/entities/note.ts(191,9): error TS2564: Property 'channelId' has no initializer and is not definitely assigned in the constructor.
src/models/entities/note.ts(197,9): error TS2564: Property 'channel' has no initializer and is not definitely assigned in the constructor.
src/models/entities/note.ts(205,9): error TS2564: Property 'userHost' has no initializer and is not definitely assigned in the constructor.
src/models/entities/note.ts(212,9): error TS2564: Property 'replyUserId' has no initializer and is not definitely assigned in the constructor.
src/models/entities/note.ts(218,9): error TS2564: Property 'replyUserHost' has no initializer and is not definitely assigned in the constructor.
src/models/entities/note.ts(225,9): error TS2564: Property 'renoteUserId' has no initializer and is not definitely assigned in the constructor.
src/models/entities/note.ts(231,9): error TS2564: Property 'renoteUserHost' has no initializer and is not definitely assigned in the constructor.
src/models/entities/notification.ts(13,9): error TS2564: Property 'id' has no initializer and is not definitely assigned in the constructor.
src/models/entities/notification.ts(19,9): error TS2564: Property 'createdAt' has no initializer and is not definitely assigned in the constructor.
src/models/entities/notification.ts(29,9): error TS2564: Property 'notifieeId' has no initializer and is not definitely assigned in the constructor.
src/models/entities/notification.ts(35,9): error TS2564: Property 'notifiee' has no initializer and is not definitely assigned in the constructor.
src/models/entities/notification.ts(46,9): error TS2564: Property 'notifierId' has no initializer and is not definitely assigned in the constructor.
src/models/entities/notification.ts(52,9): error TS2564: Property 'notifier' has no initializer and is not definitely assigned in the constructor.
src/models/entities/notification.ts(74,9): error TS2564: Property 'type' has no initializer and is not definitely assigned in the constructor.
src/models/entities/notification.ts(84,9): error TS2564: Property 'isRead' has no initializer and is not definitely assigned in the constructor.
src/models/entities/notification.ts(90,9): error TS2564: Property 'noteId' has no initializer and is not definitely assigned in the constructor.
src/models/entities/notification.ts(96,9): error TS2564: Property 'note' has no initializer and is not definitely assigned in the constructor.
src/models/entities/notification.ts(102,9): error TS2564: Property 'followRequestId' has no initializer and is not definitely assigned in the constructor.
src/models/entities/notification.ts(108,9): error TS2564: Property 'followRequest' has no initializer and is not definitely assigned in the constructor.
src/models/entities/notification.ts(114,9): error TS2564: Property 'userGroupInvitationId' has no initializer and is not definitely assigned in the constructor.
src/models/entities/notification.ts(120,9): error TS2564: Property 'userGroupInvitation' has no initializer and is not definitely assigned in the constructor.
src/models/entities/notification.ts(125,9): error TS2564: Property 'reaction' has no initializer and is not definitely assigned in the constructor.
src/models/entities/notification.ts(130,9): error TS2564: Property 'choice' has no initializer and is not definitely assigned in the constructor.
src/models/entities/notification.ts(138,9): error TS2564: Property 'customBody' has no initializer and is not definitely assigned in the constructor.
src/models/entities/notification.ts(147,9): error TS2564: Property 'customHeader' has no initializer and is not definitely assigned in the constructor.
src/models/entities/notification.ts(156,9): error TS2564: Property 'customIcon' has no initializer and is not definitely assigned in the constructor.
src/models/entities/notification.ts(166,9): error TS2564: Property 'appAccessTokenId' has no initializer and is not definitely assigned in the constructor.
src/models/entities/notification.ts(172,9): error TS2564: Property 'appAccessToken' has no initializer and is not definitely assigned in the constructor.
src/models/entities/page-like.ts(10,9): error TS2564: Property 'id' has no initializer and is not definitely assigned in the constructor.
src/models/entities/page-like.ts(13,9): error TS2564: Property 'createdAt' has no initializer and is not definitely assigned in the constructor.
src/models/entities/page-like.ts(17,9): error TS2564: Property 'userId' has no initializer and is not definitely assigned in the constructor.
src/models/entities/page-like.ts(23,9): error TS2564: Property 'user' has no initializer and is not definitely assigned in the constructor.
src/models/entities/page-like.ts(26,9): error TS2564: Property 'pageId' has no initializer and is not definitely assigned in the constructor.
src/models/entities/page-like.ts(32,9): error TS2564: Property 'page' has no initializer and is not definitely assigned in the constructor.
src/models/entities/page.ts(10,9): error TS2564: Property 'id' has no initializer and is not definitely assigned in the constructor.
src/models/entities/page.ts(16,9): error TS2564: Property 'createdAt' has no initializer and is not definitely assigned in the constructor.
src/models/entities/page.ts(22,9): error TS2564: Property 'updatedAt' has no initializer and is not definitely assigned in the constructor.
src/models/entities/page.ts(27,9): error TS2564: Property 'title' has no initializer and is not definitely assigned in the constructor.
src/models/entities/page.ts(33,9): error TS2564: Property 'name' has no initializer and is not definitely assigned in the constructor.
src/models/entities/page.ts(38,9): error TS2564: Property 'summary' has no initializer and is not definitely assigned in the constructor.
src/models/entities/page.ts(41,9): error TS2564: Property 'alignCenter' has no initializer and is not definitely assigned in the constructor.
src/models/entities/page.ts(44,9): error TS2564: Property 'isPublic' has no initializer and is not definitely assigned in the constructor.
src/models/entities/page.ts(49,9): error TS2564: Property 'hideTitleWhenPinned' has no initializer and is not definitely assigned in the constructor.
src/models/entities/page.ts(54,9): error TS2564: Property 'font' has no initializer and is not definitely assigned in the constructor.
src/models/entities/page.ts(61,9): error TS2564: Property 'userId' has no initializer and is not definitely assigned in the constructor.
src/models/entities/page.ts(67,9): error TS2564: Property 'user' has no initializer and is not definitely assigned in the constructor.
src/models/entities/page.ts(73,9): error TS2564: Property 'eyeCatchingImageId' has no initializer and is not definitely assigned in the constructor.
src/models/entities/page.ts(79,9): error TS2564: Property 'eyeCatchingImage' has no initializer and is not definitely assigned in the constructor.
src/models/entities/page.ts(84,9): error TS2564: Property 'content' has no initializer and is not definitely assigned in the constructor.
src/models/entities/page.ts(89,9): error TS2564: Property 'variables' has no initializer and is not definitely assigned in the constructor.
src/models/entities/page.ts(95,9): error TS2564: Property 'script' has no initializer and is not definitely assigned in the constructor.
src/models/entities/page.ts(103,9): error TS2564: Property 'visibility' has no initializer and is not definitely assigned in the constructor.
src/models/entities/page.ts(110,9): error TS2564: Property 'visibleUserIds' has no initializer and is not definitely assigned in the constructor.
src/models/entities/page.ts(115,9): error TS2564: Property 'likedCount' has no initializer and is not definitely assigned in the constructor.
src/models/entities/password-reset-request.ts(8,9): error TS2564: Property 'id' has no initializer and is not definitely assigned in the constructor.
src/models/entities/password-reset-request.ts(11,9): error TS2564: Property 'createdAt' has no initializer and is not definitely assigned in the constructor.
src/models/entities/password-reset-request.ts(17,9): error TS2564: Property 'token' has no initializer and is not definitely assigned in the constructor.
src/models/entities/password-reset-request.ts(23,9): error TS2564: Property 'userId' has no initializer and is not definitely assigned in the constructor.
src/models/entities/password-reset-request.ts(29,9): error TS2564: Property 'user' has no initializer and is not definitely assigned in the constructor.
src/models/entities/poll-vote.ts(10,9): error TS2564: Property 'id' has no initializer and is not definitely assigned in the constructor.
src/models/entities/poll-vote.ts(16,9): error TS2564: Property 'createdAt' has no initializer and is not definitely assigned in the constructor.
src/models/entities/poll-vote.ts(20,9): error TS2564: Property 'userId' has no initializer and is not definitely assigned in the constructor.
src/models/entities/poll-vote.ts(26,9): error TS2564: Property 'user' has no initializer and is not definitely assigned in the constructor.
src/models/entities/poll-vote.ts(30,9): error TS2564: Property 'noteId' has no initializer and is not definitely assigned in the constructor.
src/models/entities/poll-vote.ts(36,9): error TS2564: Property 'note' has no initializer and is not definitely assigned in the constructor.
src/models/entities/poll-vote.ts(39,9): error TS2564: Property 'choice' has no initializer and is not definitely assigned in the constructor.
src/models/entities/poll.ts(10,9): error TS2564: Property 'noteId' has no initializer and is not definitely assigned in the constructor.
src/models/entities/poll.ts(16,9): error TS2564: Property 'note' has no initializer and is not definitely assigned in the constructor.
src/models/entities/poll.ts(21,9): error TS2564: Property 'expiresAt' has no initializer and is not definitely assigned in the constructor.
src/models/entities/poll.ts(24,9): error TS2564: Property 'multiple' has no initializer and is not definitely assigned in the constructor.
src/models/entities/poll.ts(29,9): error TS2564: Property 'choices' has no initializer and is not definitely assigned in the constructor.
src/models/entities/poll.ts(34,9): error TS2564: Property 'votes' has no initializer and is not definitely assigned in the constructor.
src/models/entities/poll.ts(41,9): error TS2564: Property 'noteVisibility' has no initializer and is not definitely assigned in the constructor.
src/models/entities/poll.ts(48,9): error TS2564: Property 'userId' has no initializer and is not definitely assigned in the constructor.
src/models/entities/poll.ts(55,9): error TS2564: Property 'userHost' has no initializer and is not definitely assigned in the constructor.
src/models/entities/promo-note.ts(9,9): error TS2564: Property 'noteId' has no initializer and is not definitely assigned in the constructor.
src/models/entities/promo-note.ts(15,9): error TS2564: Property 'note' has no initializer and is not definitely assigned in the constructor.
src/models/entities/promo-note.ts(18,9): error TS2564: Property 'expiresAt' has no initializer and is not definitely assigned in the constructor.
src/models/entities/promo-note.ts(26,9): error TS2564: Property 'userId' has no initializer and is not definitely assigned in the constructor.
src/models/entities/promo-read.ts(10,9): error TS2564: Property 'id' has no initializer and is not definitely assigned in the constructor.
src/models/entities/promo-read.ts(15,9): error TS2564: Property 'createdAt' has no initializer and is not definitely assigned in the constructor.
src/models/entities/promo-read.ts(19,9): error TS2564: Property 'userId' has no initializer and is not definitely assigned in the constructor.
src/models/entities/promo-read.ts(25,9): error TS2564: Property 'user' has no initializer and is not definitely assigned in the constructor.
src/models/entities/promo-read.ts(28,9): error TS2564: Property 'noteId' has no initializer and is not definitely assigned in the constructor.
src/models/entities/promo-read.ts(34,9): error TS2564: Property 'note' has no initializer and is not definitely assigned in the constructor.
src/models/entities/registration-tickets.ts(7,9): error TS2564: Property 'id' has no initializer and is not definitely assigned in the constructor.
src/models/entities/registration-tickets.ts(10,9): error TS2564: Property 'createdAt' has no initializer and is not definitely assigned in the constructor.
src/models/entities/registration-tickets.ts(16,9): error TS2564: Property 'code' has no initializer and is not definitely assigned in the constructor.
src/models/entities/registry-item.ts(9,9): error TS2564: Property 'id' has no initializer and is not definitely assigned in the constructor.
src/models/entities/registry-item.ts(14,9): error TS2564: Property 'createdAt' has no initializer and is not definitely assigned in the constructor.
src/models/entities/registry-item.ts(19,9): error TS2564: Property 'updatedAt' has no initializer and is not definitely assigned in the constructor.
src/models/entities/registry-item.ts(26,9): error TS2564: Property 'userId' has no initializer and is not definitely assigned in the constructor.
src/models/entities/registry-item.ts(32,9): error TS2564: Property 'user' has no initializer and is not definitely assigned in the constructor.
src/models/entities/registry-item.ts(38,9): error TS2564: Property 'key' has no initializer and is not definitely assigned in the constructor.
src/models/entities/registry-item.ts(50,9): error TS2564: Property 'scope' has no initializer and is not definitely assigned in the constructor.
src/models/entities/registry-item.ts(57,9): error TS2564: Property 'domain' has no initializer and is not definitely assigned in the constructor.
src/models/entities/relay.ts(7,9): error TS2564: Property 'id' has no initializer and is not definitely assigned in the constructor.
src/models/entities/relay.ts(13,9): error TS2564: Property 'inbox' has no initializer and is not definitely assigned in the constructor.
src/models/entities/relay.ts(18,9): error TS2564: Property 'status' has no initializer and is not definitely assigned in the constructor.
src/models/entities/signin.ts(8,9): error TS2564: Property 'id' has no initializer and is not definitely assigned in the constructor.
src/models/entities/signin.ts(13,9): error TS2564: Property 'createdAt' has no initializer and is not definitely assigned in the constructor.
src/models/entities/signin.ts(17,9): error TS2564: Property 'userId' has no initializer and is not definitely assigned in the constructor.
src/models/entities/signin.ts(23,9): error TS2564: Property 'user' has no initializer and is not definitely assigned in the constructor.
src/models/entities/signin.ts(28,9): error TS2564: Property 'ip' has no initializer and is not definitely assigned in the constructor.
src/models/entities/signin.ts(31,9): error TS2564: Property 'headers' has no initializer and is not definitely assigned in the constructor.
src/models/entities/signin.ts(34,9): error TS2564: Property 'success' has no initializer and is not definitely assigned in the constructor.
src/models/entities/streams.ts(9,12): error TS2564: Property 'id' has no initializer and is not definitely assigned in the constructor.
src/models/entities/streams.ts(14,9): error TS2564: Property 'updatedAt' has no initializer and is not definitely assigned in the constructor.
src/models/entities/streams.ts(20,9): error TS2564: Property 'title' has no initializer and is not definitely assigned in the constructor.
src/models/entities/streams.ts(25,9): error TS2564: Property 'key' has no initializer and is not definitely assigned in the constructor.
src/models/entities/streams.ts(32,9): error TS2564: Property 'userId' has no initializer and is not definitely assigned in the constructor.
src/models/entities/streams.ts(38,9): error TS2564: Property 'url' has no initializer and is not definitely assigned in the constructor.
src/models/entities/streams.ts(44,9): error TS2564: Property 'playbackId' has no initializer and is not definitely assigned in the constructor.
src/models/entities/streams.ts(50,9): error TS2564: Property 'noteId' has no initializer and is not definitely assigned in the constructor.
src/models/entities/sw-subscription.ts(8,9): error TS2564: Property 'id' has no initializer and is not definitely assigned in the constructor.
src/models/entities/sw-subscription.ts(11,9): error TS2564: Property 'createdAt' has no initializer and is not definitely assigned in the constructor.
src/models/entities/sw-subscription.ts(15,9): error TS2564: Property 'userId' has no initializer and is not definitely assigned in the constructor.
src/models/entities/sw-subscription.ts(21,9): error TS2564: Property 'user' has no initializer and is not definitely assigned in the constructor.
src/models/entities/sw-subscription.ts(26,9): error TS2564: Property 'endpoint' has no initializer and is not definitely assigned in the constructor.
src/models/entities/sw-subscription.ts(31,9): error TS2564: Property 'auth' has no initializer and is not definitely assigned in the constructor.
src/models/entities/sw-subscription.ts(36,9): error TS2564: Property 'publickey' has no initializer and is not definitely assigned in the constructor.
src/models/entities/used-username.ts(8,9): error TS2564: Property 'username' has no initializer and is not definitely assigned in the constructor.
src/models/entities/used-username.ts(11,9): error TS2564: Property 'createdAt' has no initializer and is not definitely assigned in the constructor.
src/models/entities/user-emoji.ts(8,9): error TS2564: Property 'id' has no initializer and is not definitely assigned in the constructor.
src/models/entities/user-emoji.ts(13,9): error TS2564: Property 'updatedAt' has no initializer and is not definitely assigned in the constructor.
src/models/entities/user-emoji.ts(19,9): error TS2564: Property 'name' has no initializer and is not definitely assigned in the constructor.
src/models/entities/user-emoji.ts(25,9): error TS2564: Property 'host' has no initializer and is not definitely assigned in the constructor.
src/models/entities/user-emoji.ts(30,9): error TS2564: Property 'category' has no initializer and is not definitely assigned in the constructor.
src/models/entities/user-emoji.ts(35,9): error TS2564: Property 'originalUrl' has no initializer and is not definitely assigned in the constructor.
src/models/entities/user-emoji.ts(41,9): error TS2564: Property 'publicUrl' has no initializer and is not definitely assigned in the constructor.
src/models/entities/user-emoji.ts(46,9): error TS2564: Property 'uri' has no initializer and is not definitely assigned in the constructor.
src/models/entities/user-emoji.ts(52,9): error TS2564: Property 'type' has no initializer and is not definitely assigned in the constructor.
src/models/entities/user-emoji.ts(57,9): error TS2564: Property 'aliases' has no initializer and is not definitely assigned in the constructor.
src/models/entities/user-emoji.ts(63,9): error TS2564: Property 'isPlus' has no initializer and is not definitely assigned in the constructor.
src/models/entities/user-group-invitation.ts(10,9): error TS2564: Property 'id' has no initializer and is not definitely assigned in the constructor.
src/models/entities/user-group-invitation.ts(15,9): error TS2564: Property 'createdAt' has no initializer and is not definitely assigned in the constructor.
src/models/entities/user-group-invitation.ts(22,9): error TS2564: Property 'userId' has no initializer and is not definitely assigned in the constructor.
src/models/entities/user-group-invitation.ts(28,9): error TS2564: Property 'user' has no initializer and is not definitely assigned in the constructor.
src/models/entities/user-group-invitation.ts(35,9): error TS2564: Property 'userGroupId' has no initializer and is not definitely assigned in the constructor.
src/models/entities/user-group-invitation.ts(41,9): error TS2564: Property 'userGroup' has no initializer and is not definitely assigned in the constructor.
src/models/entities/user-group-joining.ts(10,9): error TS2564: Property 'id' has no initializer and is not definitely assigned in the constructor.
src/models/entities/user-group-joining.ts(15,9): error TS2564: Property 'createdAt' has no initializer and is not definitely assigned in the constructor.
src/models/entities/user-group-joining.ts(22,9): error TS2564: Property 'userId' has no initializer and is not definitely assigned in the constructor.
src/models/entities/user-group-joining.ts(28,9): error TS2564: Property 'user' has no initializer and is not definitely assigned in the constructor.
src/models/entities/user-group-joining.ts(35,9): error TS2564: Property 'userGroupId' has no initializer and is not definitely assigned in the constructor.
src/models/entities/user-group-joining.ts(41,9): error TS2564: Property 'userGroup' has no initializer and is not definitely assigned in the constructor.
src/models/entities/user-group.ts(8,9): error TS2564: Property 'id' has no initializer and is not definitely assigned in the constructor.
src/models/entities/user-group.ts(14,9): error TS2564: Property 'createdAt' has no initializer and is not definitely assigned in the constructor.
src/models/entities/user-group.ts(19,9): error TS2564: Property 'name' has no initializer and is not definitely assigned in the constructor.
src/models/entities/user-group.ts(26,9): error TS2564: Property 'userId' has no initializer and is not definitely assigned in the constructor.
src/models/entities/user-group.ts(32,9): error TS2564: Property 'user' has no initializer and is not definitely assigned in the constructor.
src/models/entities/user-group.ts(37,9): error TS2564: Property 'isPrivate' has no initializer and is not definitely assigned in the constructor.
src/models/entities/user-ip.ts(10,9): error TS2564: Property 'id' has no initializer and is not definitely assigned in the constructor.
src/models/entities/user-ip.ts(14,9): error TS2564: Property 'createdAt' has no initializer and is not definitely assigned in the constructor.
src/models/entities/user-ip.ts(18,9): error TS2564: Property 'userId' has no initializer and is not definitely assigned in the constructor.
src/models/entities/user-ip.ts(23,9): error TS2564: Property 'ip' has no initializer and is not definitely assigned in the constructor.
src/models/entities/user-keypair.ts(8,9): error TS2564: Property 'userId' has no initializer and is not definitely assigned in the constructor.
src/models/entities/user-keypair.ts(14,9): error TS2564: Property 'user' has no initializer and is not definitely assigned in the constructor.
src/models/entities/user-keypair.ts(19,9): error TS2564: Property 'publicKey' has no initializer and is not definitely assigned in the constructor.
src/models/entities/user-keypair.ts(24,9): error TS2564: Property 'privateKey' has no initializer and is not definitely assigned in the constructor.
src/models/entities/user-list-joining.ts(10,9): error TS2564: Property 'id' has no initializer and is not definitely assigned in the constructor.
src/models/entities/user-list-joining.ts(15,9): error TS2564: Property 'createdAt' has no initializer and is not definitely assigned in the constructor.
src/models/entities/user-list-joining.ts(22,9): error TS2564: Property 'userId' has no initializer and is not definitely assigned in the constructor.
src/models/entities/user-list-joining.ts(28,9): error TS2564: Property 'user' has no initializer and is not definitely assigned in the constructor.
src/models/entities/user-list-joining.ts(35,9): error TS2564: Property 'userListId' has no initializer and is not definitely assigned in the constructor.
src/models/entities/user-list-joining.ts(41,9): error TS2564: Property 'userList' has no initializer and is not definitely assigned in the constructor.
src/models/entities/user-list.ts(8,9): error TS2564: Property 'id' has no initializer and is not definitely assigned in the constructor.
src/models/entities/user-list.ts(13,9): error TS2564: Property 'createdAt' has no initializer and is not definitely assigned in the constructor.
src/models/entities/user-list.ts(20,9): error TS2564: Property 'userId' has no initializer and is not definitely assigned in the constructor.
src/models/entities/user-list.ts(26,9): error TS2564: Property 'user' has no initializer and is not definitely assigned in the constructor.
src/models/entities/user-list.ts(32,9): error TS2564: Property 'name' has no initializer and is not definitely assigned in the constructor.
src/models/entities/user-note-pining.ts(10,9): error TS2564: Property 'id' has no initializer and is not definitely assigned in the constructor.
src/models/entities/user-note-pining.ts(15,9): error TS2564: Property 'createdAt' has no initializer and is not definitely assigned in the constructor.
src/models/entities/user-note-pining.ts(19,9): error TS2564: Property 'userId' has no initializer and is not definitely assigned in the constructor.
src/models/entities/user-note-pining.ts(25,9): error TS2564: Property 'user' has no initializer and is not definitely assigned in the constructor.
src/models/entities/user-note-pining.ts(28,9): error TS2564: Property 'noteId' has no initializer and is not definitely assigned in the constructor.
src/models/entities/user-note-pining.ts(34,9): error TS2564: Property 'note' has no initializer and is not definitely assigned in the constructor.
src/models/entities/user-pending.ts(7,9): error TS2564: Property 'id' has no initializer and is not definitely assigned in the constructor.
src/models/entities/user-pending.ts(10,9): error TS2564: Property 'createdAt' has no initializer and is not definitely assigned in the constructor.
src/models/entities/user-pending.ts(16,9): error TS2564: Property 'code' has no initializer and is not definitely assigned in the constructor.
src/models/entities/user-pending.ts(21,9): error TS2564: Property 'username' has no initializer and is not definitely assigned in the constructor.
src/models/entities/user-pending.ts(26,9): error TS2564: Property 'email' has no initializer and is not definitely assigned in the constructor.
src/models/entities/user-pending.ts(31,9): error TS2564: Property 'password' has no initializer and is not definitely assigned in the constructor.
src/models/entities/user-profile.ts(12,9): error TS2564: Property 'userId' has no initializer and is not definitely assigned in the constructor.
src/models/entities/user-profile.ts(18,9): error TS2564: Property 'user' has no initializer and is not definitely assigned in the constructor.
src/models/entities/user-profile.ts(24,9): error TS2564: Property 'location' has no initializer and is not definitely assigned in the constructor.
src/models/entities/user-profile.ts(30,9): error TS2564: Property 'birthday' has no initializer and is not definitely assigned in the constructor.
src/models/entities/user-profile.ts(36,9): error TS2564: Property 'description' has no initializer and is not definitely assigned in the constructor.
src/models/entities/user-profile.ts(42,9): error TS2564: Property 'profileCss' has no initializer and is not definitely assigned in the constructor.
src/models/entities/user-profile.ts(47,9): error TS2564: Property 'fields' has no initializer and is not definitely assigned in the constructor.
src/models/entities/user-profile.ts(55,9): error TS2564: Property 'lang' has no initializer and is not definitely assigned in the constructor.
src/models/entities/user-profile.ts(61,9): error TS2564: Property 'url' has no initializer and is not definitely assigned in the constructor.
src/models/entities/user-profile.ts(67,9): error TS2564: Property 'email' has no initializer and is not definitely assigned in the constructor.
src/models/entities/user-profile.ts(72,9): error TS2564: Property 'emailVerifyCode' has no initializer and is not definitely assigned in the constructor.
src/models/entities/user-profile.ts(77,9): error TS2564: Property 'emailVerified' has no initializer and is not definitely assigned in the constructor.
src/models/entities/user-profile.ts(82,9): error TS2564: Property 'emailNotificationTypes' has no initializer and is not definitely assigned in the constructor.
src/models/entities/user-profile.ts(87,9): error TS2564: Property 'publicReactions' has no initializer and is not definitely assigned in the constructor.
src/models/entities/user-profile.ts(93,9): error TS2564: Property 'ffVisibility' has no initializer and is not definitely assigned in the constructor.
src/models/entities/user-profile.ts(98,9): error TS2564: Property 'twoFactorTempSecret' has no initializer and is not definitely assigned in the constructor.
src/models/entities/user-profile.ts(103,9): error TS2564: Property 'twoFactorSecret' has no initializer and is not definitely assigned in the constructor.
src/models/entities/user-profile.ts(108,9): error TS2564: Property 'twoFactorEnabled' has no initializer and is not definitely assigned in the constructor.
src/models/entities/user-profile.ts(113,9): error TS2564: Property 'securityKeysAvailable' has no initializer and is not definitely assigned in the constructor.
src/models/entities/user-profile.ts(118,9): error TS2564: Property 'usePasswordLessLogin' has no initializer and is not definitely assigned in the constructor.
src/models/entities/user-profile.ts(124,9): error TS2564: Property 'password' has no initializer and is not definitely assigned in the constructor.
src/models/entities/user-profile.ts(129,9): error TS2564: Property 'moderationNote' has no initializer and is not definitely assigned in the constructor.
src/models/entities/user-profile.ts(136,9): error TS2564: Property 'clientData' has no initializer and is not definitely assigned in the constructor.
src/models/entities/user-profile.ts(143,9): error TS2564: Property 'room' has no initializer and is not definitely assigned in the constructor.
src/models/entities/user-profile.ts(148,9): error TS2564: Property 'autoAcceptFollowed' has no initializer and is not definitely assigned in the constructor.
src/models/entities/user-profile.ts(154,9): error TS2564: Property 'noCrawle' has no initializer and is not definitely assigned in the constructor.
src/models/entities/user-profile.ts(159,9): error TS2564: Property 'alwaysMarkNsfw' has no initializer and is not definitely assigned in the constructor.
src/models/entities/user-profile.ts(164,9): error TS2564: Property 'autoSensitive' has no initializer and is not definitely assigned in the constructor.
src/models/entities/user-profile.ts(169,9): error TS2564: Property 'carefulBot' has no initializer and is not definitely assigned in the constructor.
src/models/entities/user-profile.ts(174,9): error TS2564: Property 'injectFeaturedNote' has no initializer and is not definitely assigned in the constructor.
src/models/entities/user-profile.ts(179,9): error TS2564: Property 'receiveAnnouncementEmail' has no initializer and is not definitely assigned in the constructor.
src/models/entities/user-profile.ts(185,9): error TS2564: Property 'pinnedPageId' has no initializer and is not definitely assigned in the constructor.
src/models/entities/user-profile.ts(191,9): error TS2564: Property 'pinnedPage' has no initializer and is not definitely assigned in the constructor.
src/models/entities/user-profile.ts(196,9): error TS2564: Property 'integrations' has no initializer and is not definitely assigned in the constructor.
src/models/entities/user-profile.ts(202,9): error TS2564: Property 'enableWordMute' has no initializer and is not definitely assigned in the constructor.
src/models/entities/user-profile.ts(207,9): error TS2564: Property 'mutedWords' has no initializer and is not definitely assigned in the constructor.
src/models/entities/user-profile.ts(213,9): error TS2564: Property 'mutedInstances' has no initializer and is not definitely assigned in the constructor.
src/models/entities/user-profile.ts(220,9): error TS2564: Property 'mutingNotificationTypes' has no initializer and is not definitely assigned in the constructor.
src/models/entities/user-profile.ts(228,9): error TS2564: Property 'userHost' has no initializer and is not definitely assigned in the constructor.
src/models/entities/user-publickey.ts(8,9): error TS2564: Property 'userId' has no initializer and is not definitely assigned in the constructor.
src/models/entities/user-publickey.ts(14,9): error TS2564: Property 'user' has no initializer and is not definitely assigned in the constructor.
src/models/entities/user-publickey.ts(20,9): error TS2564: Property 'keyId' has no initializer and is not definitely assigned in the constructor.
src/models/entities/user-publickey.ts(25,9): error TS2564: Property 'keyPem' has no initializer and is not definitely assigned in the constructor.
src/models/entities/user-security-key.ts(10,9): error TS2564: Property 'id' has no initializer and is not definitely assigned in the constructor.
src/models/entities/user-security-key.ts(14,9): error TS2564: Property 'userId' has no initializer and is not definitely assigned in the constructor.
src/models/entities/user-security-key.ts(20,9): error TS2564: Property 'user' has no initializer and is not definitely assigned in the constructor.
src/models/entities/user-security-key.ts(27,9): error TS2564: Property 'publicKey' has no initializer and is not definitely assigned in the constructor.
src/models/entities/user-security-key.ts(33,9): error TS2564: Property 'lastUsed' has no initializer and is not definitely assigned in the constructor.
src/models/entities/user-security-key.ts(39,9): error TS2564: Property 'name' has no initializer and is not definitely assigned in the constructor.
src/models/entities/user.ts(9,9): error TS2564: Property 'id' has no initializer and is not definitely assigned in the constructor.
src/models/entities/user.ts(15,9): error TS2564: Property 'createdAt' has no initializer and is not definitely assigned in the constructor.
src/models/entities/user.ts(22,9): error TS2564: Property 'updatedAt' has no initializer and is not definitely assigned in the constructor.
src/models/entities/user.ts(27,9): error TS2564: Property 'lastFetchedAt' has no initializer and is not definitely assigned in the constructor.
src/models/entities/user.ts(33,9): error TS2564: Property 'lastActiveDate' has no initializer and is not definitely assigned in the constructor.
src/models/entities/user.ts(38,9): error TS2564: Property 'hideOnlineStatus' has no initializer and is not definitely assigned in the constructor.
src/models/entities/user.ts(44,9): error TS2564: Property 'username' has no initializer and is not definitely assigned in the constructor.
src/models/entities/user.ts(51,9): error TS2564: Property 'usernameLower' has no initializer and is not definitely assigned in the constructor.
src/models/entities/user.ts(57,9): error TS2564: Property 'name' has no initializer and is not definitely assigned in the constructor.
src/models/entities/user.ts(63,9): error TS2564: Property 'followersCount' has no initializer and is not definitely assigned in the constructor.
src/models/entities/user.ts(69,9): error TS2564: Property 'followingCount' has no initializer and is not definitely assigned in the constructor.
src/models/entities/user.ts(76,9): error TS2564: Property 'movedToUri' has no initializer and is not definitely assigned in the constructor.
src/models/entities/user.ts(82,9): error TS2564: Property 'alsoKnownAs' has no initializer and is not definitely assigned in the constructor.
src/models/entities/user.ts(88,9): error TS2564: Property 'notesCount' has no initializer and is not definitely assigned in the constructor.
src/models/entities/user.ts(95,9): error TS2564: Property 'avatarId' has no initializer and is not definitely assigned in the constructor.
src/models/entities/user.ts(101,9): error TS2564: Property 'avatar' has no initializer and is not definitely assigned in the constructor.
src/models/entities/user.ts(108,9): error TS2564: Property 'bannerId' has no initializer and is not definitely assigned in the constructor.
src/models/entities/user.ts(114,9): error TS2564: Property 'banner' has no initializer and is not definitely assigned in the constructor.
src/models/entities/user.ts(120,9): error TS2564: Property 'tags' has no initializer and is not definitely assigned in the constructor.
src/models/entities/user.ts(126,9): error TS2564: Property 'isSuspended' has no initializer and is not definitely assigned in the constructor.
src/models/entities/user.ts(132,9): error TS2564: Property 'isSilenced' has no initializer and is not definitely assigned in the constructor.
src/models/entities/user.ts(138,9): error TS2564: Property 'isLocked' has no initializer and is not definitely assigned in the constructor.
src/models/entities/user.ts(144,9): error TS2564: Property 'isBot' has no initializer and is not definitely assigned in the constructor.
src/models/entities/user.ts(150,9): error TS2564: Property 'isVerified' has no initializer and is not definitely assigned in the constructor.
src/models/entities/user.ts(156,9): error TS2564: Property 'isStaff' has no initializer and is not definitely assigned in the constructor.
src/models/entities/user.ts(162,9): error TS2564: Property 'isTranslator' has no initializer and is not definitely assigned in the constructor.
src/models/entities/user.ts(168,9): error TS2564: Property 'hasAlgoBeta' has no initializer and is not definitely assigned in the constructor.
src/models/entities/user.ts(174,9): error TS2564: Property 'isOG' has no initializer and is not definitely assigned in the constructor.
src/models/entities/user.ts(180,9): error TS2564: Property 'isPlus' has no initializer and is not definitely assigned in the constructor.
src/models/entities/user.ts(186,9): error TS2564: Property 'isMPlus' has no initializer and is not definitely assigned in the constructor.
src/models/entities/user.ts(192,9): error TS2564: Property 'isLive' has no initializer and is not definitely assigned in the constructor.
src/models/entities/user.ts(198,9): error TS2564: Property 'isCat' has no initializer and is not definitely assigned in the constructor.
src/models/entities/user.ts(204,9): error TS2564: Property 'isAdmin' has no initializer and is not definitely assigned in the constructor.
src/models/entities/user.ts(210,9): error TS2564: Property 'isModerator' has no initializer and is not definitely assigned in the constructor.
src/models/entities/user.ts(217,9): error TS2564: Property 'isExplorable' has no initializer and is not definitely assigned in the constructor.
src/models/entities/user.ts(224,9): error TS2564: Property 'isDeleted' has no initializer and is not definitely assigned in the constructor.
src/models/entities/user.ts(229,9): error TS2564: Property 'emojis' has no initializer and is not definitely assigned in the constructor.
src/models/entities/user.ts(234,9): error TS2564: Property 'stripe_user' has no initializer and is not definitely assigned in the constructor.
src/models/entities/user.ts(241,9): error TS2564: Property 'host' has no initializer and is not definitely assigned in the constructor.
src/models/entities/user.ts(247,9): error TS2564: Property 'inbox' has no initializer and is not definitely assigned in the constructor.
src/models/entities/user.ts(253,9): error TS2564: Property 'sharedInbox' has no initializer and is not definitely assigned in the constructor.
src/models/entities/user.ts(259,9): error TS2564: Property 'featured' has no initializer and is not definitely assigned in the constructor.
src/models/entities/user.ts(266,9): error TS2564: Property 'uri' has no initializer and is not definitely assigned in the constructor.
src/models/entities/user.ts(273,9): error TS2564: Property 'liveUrl' has no initializer and is not definitely assigned in the constructor.
src/models/entities/user.ts(279,9): error TS2564: Property 'followersUri' has no initializer and is not definitely assigned in the constructor.
src/models/entities/user.ts(285,9): error TS2564: Property 'showTimelineReplies' has no initializer and is not definitely assigned in the constructor.
src/models/entities/user.ts(292,9): error TS2564: Property 'token' has no initializer and is not definitely assigned in the constructor.
src/models/entities/user.ts(298,9): error TS2564: Property 'driveCapacityOverrideMb' has no initializer and is not definitely assigned in the constructor.
src/models/entities/user.ts(304,9): error TS2564: Property 'avatarDecorations' has no initializer and is not definitely assigned in the constructor.
src/models/entities/webhook.ts(10,9): error TS2564: Property 'id' has no initializer and is not definitely assigned in the constructor.
src/models/entities/webhook.ts(15,9): error TS2564: Property 'createdAt' has no initializer and is not definitely assigned in the constructor.
src/models/entities/webhook.ts(22,9): error TS2564: Property 'userId' has no initializer and is not definitely assigned in the constructor.
src/models/entities/webhook.ts(28,9): error TS2564: Property 'user' has no initializer and is not definitely assigned in the constructor.
src/models/entities/webhook.ts(34,9): error TS2564: Property 'name' has no initializer and is not definitely assigned in the constructor.
src/models/entities/webhook.ts(40,9): error TS2564: Property 'on' has no initializer and is not definitely assigned in the constructor.
src/models/entities/webhook.ts(45,9): error TS2564: Property 'url' has no initializer and is not definitely assigned in the constructor.
src/models/entities/webhook.ts(50,9): error TS2564: Property 'secret' has no initializer and is not definitely assigned in the constructor.
src/models/entities/webhook.ts(56,9): error TS2564: Property 'active' has no initializer and is not definitely assigned in the constructor.
src/models/entities/webhook.ts(64,9): error TS2564: Property 'latestSentAt' has no initializer and is not definitely assigned in the constructor.
src/models/entities/webhook.ts(72,9): error TS2564: Property 'latestStatus' has no initializer and is not definitely assigned in the constructor.
src/models/repositories/channel.ts(16,25): error TS2339: Property 'pinnedNoteIds' does not exist on type 'Channel'.
src/models/repositories/channel.ts(17,17): error TS2339: Property 'color' does not exist on type 'Channel'.
src/models/repositories/channel.ts(18,22): error TS2339: Property 'isArchived' does not exist on type 'Channel'.
src/models/repositories/channel.ts(47,21): error TS2322: Type 'string | null' is not assignable to type 'string'.
  Type 'null' is not assignable to type 'string'.
src/models/repositories/note-reaction.ts(38,14): error TS2552: Cannot find name 'booleam'. Did you mean 'boolean'?
src/models/repositories/user.ts(50,17): error TS2351: This expression is not constructable.
  Type 'typeof import("/workspaces/Campra-V4/node_modules/.pnpm/ajv@8.11.2/node_modules/ajv/dist/ajv")' has no construct signatures.
src/queue/processors/db/export-custom-emojis.ts(63,30): error TS2345: Argument of type 'string | null' is not assignable to parameter of type 'string'.
  Type 'null' is not assignable to type 'string'.
src/queue/processors/db/import-user-lists.ts(65,73): error TS18047: 'target' is possibly 'null'.
src/queue/processors/db/import-user-lists.ts(67,23): error TS2345: Argument of type 'User | null' is not assignable to parameter of type 'User'.
  Type 'null' is not assignable to type 'User'.
src/queue/queues.ts(3,26): error TS2305: Module '"./types.js"' has no exported member 'InboxJobData'.
src/queue/types.ts(2,22): error TS2307: Cannot find module '@/models/entities/note' or its corresponding type declarations.
src/queue/types.ts(4,25): error TS2307: Cannot find module '@/models/entities/webhook' or its corresponding type declarations.
src/server/api/2fa.ts(73,23): error TS2345: Argument of type 'string | null' is not assignable to parameter of type 'string'.
  Type 'null' is not assignable to type 'string'.
src/server/api/api-handler.ts(146,59): error TS18046: 'err' is of type 'unknown'.
src/server/api/api-handler.ts(148,56): error TS18046: 'err' is of type 'unknown'.
src/server/api/authenticate.ts(42,28): error TS2322: Type 'string | null' is not assignable to type 'string | FindOperator<string> | undefined'.
  Type 'null' is not assignable to type 'string | FindOperator<string> | undefined'.
src/server/api/common/inject-featured.ts(52,35): error TS2349: This expression is not callable.
  Type 'typeof import("/workspaces/Campra-V4/node_modules/.pnpm/rndstr@1.0.0/node_modules/rndstr/built/index")' has no call signatures.
src/server/api/common/inject-promo.ts(30,25): error TS2349: This expression is not callable.
  Type 'typeof import("/workspaces/Campra-V4/node_modules/.pnpm/rndstr@1.0.0/node_modules/rndstr/built/index")' has no call signatures.
src/server/api/common/make-pagination-query.ts(3,62): error TS2344: Type 'T' does not satisfy the constraint 'ObjectLiteral'.
src/server/api/common/read-notification.ts(48,28): error TS2345: Argument of type '"readNotifications"' is not assignable to parameter of type 'keyof MainStreamTypes'.
src/server/api/common/signin.ts(37,4): error TS2322: Type 'IncomingHttpHeaders' is not assignable to type '(() => string) | _QueryDeepPartialEntity<Record<string, any>> | undefined'.
src/server/api/compatibility.ts(1,27): error TS2835: Relative import paths need explicit file extensions in EcmaScript imports when '--moduleResolution' is 'node16' or 'nodenext'. Did you mean './endpoints.js'?
src/server/api/compatibility.ts(14,12): error TS2339: Property 'default' does not exist on type 'string | typeof import("/workspaces/Campra-V4/packages/backend/src/server/api/endpoints/compatibility/instance-info", { assert: { "resolution-mode": "import" } })'.
  Property 'default' does not exist on type 'string'.
src/server/api/compatibility.ts(15,12): error TS2339: Property 'meta' does not exist on type 'string | typeof import("/workspaces/Campra-V4/packages/backend/src/server/api/endpoints/compatibility/instance-info", { assert: { "resolution-mode": "import" } })'.
  Property 'meta' does not exist on type 'string'.
src/server/api/compatibility.ts(16,14): error TS2339: Property 'paramDef' does not exist on type 'string | typeof import("/workspaces/Campra-V4/packages/backend/src/server/api/endpoints/compatibility/instance-info", { assert: { "resolution-mode": "import" } })'.
  Property 'paramDef' does not exist on type 'string'.
src/server/api/define.ts(16,17): error TS2351: This expression is not constructable.
  Type 'typeof import("/workspaces/Campra-V4/node_modules/.pnpm/ajv@8.11.2/node_modules/ajv/dist/ajv")' has no construct signatures.
src/server/api/endpoints.ts(287,31): error TS2307: Cannot find module './endpoints/patrons.js' or its corresponding type declarations.
src/server/api/endpoints.ts(791,7): error TS2322: Type '{ name: string | typeof import("/workspaces/Campra-V4/packages/backend/src/server/api/endpoints/admin/meta", { assert: { "resolution-mode": "import" } }) | typeof import("/workspaces/Campra-V4/packages/backend/src/server/api/endpoints/admin/accounts/create", { assert: { "resolution-mode": "import" } }) | ... 260 mor...' is not assignable to type 'IEndpoint[]'.
  Type '{ name: string | typeof ep___admin_meta | typeof ep___admin_accounts_create | typeof ep___admin_accounts_delete | typeof ep___admin_accounts_hosted | ... 258 more ... | typeof ep___live_edit_stream_note; exec: any; meta: any; params: any; }' is not assignable to type 'IEndpoint'.
    Types of property 'name' are incompatible.
      Type 'string | typeof import("/workspaces/Campra-V4/packages/backend/src/server/api/endpoints/admin/meta", { assert: { "resolution-mode": "import" } }) | typeof import("/workspaces/Campra-V4/packages/backend/src/server/api/endpoints/admin/accounts/create", { assert: { "resolution-mode": "import" } }) | ... 260 more ... | ...' is not assignable to type 'string'.
        Type 'typeof import("/workspaces/Campra-V4/packages/backend/src/server/api/endpoints/admin/meta", { assert: { "resolution-mode": "import" } })' is not assignable to type 'string'.
src/server/api/endpoints.ts(794,12): error TS2339: Property 'default' does not exist on type 'string | typeof import("/workspaces/Campra-V4/packages/backend/src/server/api/endpoints/admin/meta", { assert: { "resolution-mode": "import" } }) | typeof import("/workspaces/Campra-V4/packages/backend/src/server/api/endpoints/admin/accounts/create", { assert: { "resolution-mode": "import" } }) | ... 260 more ... | ...'.
  Property 'default' does not exist on type 'string'.
src/server/api/endpoints.ts(795,12): error TS2339: Property 'meta' does not exist on type 'string | typeof import("/workspaces/Campra-V4/packages/backend/src/server/api/endpoints/admin/meta", { assert: { "resolution-mode": "import" } }) | typeof import("/workspaces/Campra-V4/packages/backend/src/server/api/endpoints/admin/accounts/create", { assert: { "resolution-mode": "import" } }) | ... 260 more ... | ...'.
  Property 'meta' does not exist on type 'string'.
src/server/api/endpoints.ts(796,14): error TS2339: Property 'paramDef' does not exist on type 'string | typeof import("/workspaces/Campra-V4/packages/backend/src/server/api/endpoints/admin/meta", { assert: { "resolution-mode": "import" } }) | typeof import("/workspaces/Campra-V4/packages/backend/src/server/api/endpoints/admin/accounts/create", { assert: { "resolution-mode": "import" } }) | ... 260 more ... | ...'.
  Property 'paramDef' does not exist on type 'string'.
src/server/api/endpoints/admin/avatar-decorations/add.ts(38,96): error TS2349: This expression is not callable.
  Type 'typeof import("/workspaces/Campra-V4/node_modules/.pnpm/rndstr@1.0.0/node_modules/rndstr/built/index")' has no call signatures.
src/server/api/endpoints/admin/avatar-decorations/add.ts(52,9): error TS2322: Type 'string | null' is not assignable to type 'string | (() => string) | undefined'.
  Type 'null' is not assignable to type 'string | (() => string) | undefined'.
src/server/api/endpoints/admin/avatar-decorations/edit.ts(66,26): error TS2345: Argument of type '"decorationUpdated"' is not assignable to parameter of type 'keyof BroadcastTypes'.
src/server/api/endpoints/admin/avatar-decorations/list.ts(72,39): error TS2345: Argument of type '(ps: { query: SchemaType<{ readonly type: "string"; readonly nullable: true; readonly default: null; }>; limit: number; } & {} & { query?: SchemaType<{ readonly type: "string"; readonly nullable: true; readonly default: null; }> | undefined; limit?: number | undefined; sinceId?: string | undefined; untilId?: string ...' is not assignable to parameter of type 'executor<{ readonly tags: readonly ["admin"]; readonly requireCredential: true; readonly requireModerator: true; readonly res: { readonly type: "array"; readonly optional: false; readonly nullable: false; readonly items: { ...; }; }; }, { ...; }>'.
  Type 'Promise<{ isPlus: boolean; id: string; url: string; name: string; host: string | null; isMPlus: boolean; category: string | null; aliases: string[]; credit?: SchemaType<{ readonly type: "string"; readonly optional: true; readonly nullable: true; readonly format: "id"; readonly example: "xxxxxxxxxx"; }>; }[]>' is not assignable to type 'Promise<({ id: string; url: string; name: string; host: null; isPlus: SchemaType<{ readonly type: "boolean"; readonly optional: false; }>; isMPlus: SchemaType<{ readonly type: "boolean"; readonly optional: false; }>; category: SchemaType<...>; aliases: string[]; } & {} & { ...; })[]>'.
    Type '{ isPlus: boolean; id: string; url: string; name: string; host: string | null; isMPlus: boolean; category: string | null; aliases: string[]; credit?: SchemaType<{ readonly type: "string"; readonly optional: true; readonly nullable: true; readonly format: "id"; readonly example: "xxxxxxxxxx"; }>; }[]' is not assignable to type '({ id: string; url: string; name: string; host: null; isPlus: SchemaType<{ readonly type: "boolean"; readonly optional: false; }>; isMPlus: SchemaType<{ readonly type: "boolean"; readonly optional: false; }>; category: SchemaType<...>; aliases: string[]; } & {} & { ...; })[]'.
      Type '{ isPlus: boolean; id: string; url: string; name: string; host: string | null; isMPlus: boolean; category: string | null; aliases: string[]; credit?: SchemaType<{ readonly type: "string"; readonly optional: true; readonly nullable: true; readonly format: "id"; readonly example: "xxxxxxxxxx"; }>; }' is not assignable to type '{ id: string; url: string; name: string; host: null; isPlus: SchemaType<{ readonly type: "boolean"; readonly optional: false; }>; isMPlus: SchemaType<{ readonly type: "boolean"; readonly optional: false; }>; category: SchemaType<...>; aliases: string[]; } & {} & { ...; }'.
        Type '{ isPlus: boolean; id: string; url: string; name: string; host: string | null; isMPlus: boolean; category: string | null; aliases: string[]; credit?: SchemaType<{ readonly type: "string"; readonly optional: true; readonly nullable: true; readonly format: "id"; readonly example: "xxxxxxxxxx"; }>; }' is not assignable to type '{ id: string; url: string; name: string; host: null; isPlus: SchemaType<{ readonly type: "boolean"; readonly optional: false; }>; isMPlus: SchemaType<{ readonly type: "boolean"; readonly optional: false; }>; category: SchemaType<...>; aliases: string[]; }'.
          Types of property 'host' are incompatible.
            Type 'string | null' is not assignable to type 'null'.
              Type 'string' is not assignable to type 'null'.
src/server/api/endpoints/admin/drive/show-file.ts(172,39): error TS2345: Argument of type '(ps: any, me: ILocalUser) => Promise<DriveFile>' is not assignable to parameter of type 'executor<{ readonly tags: readonly ["admin"]; readonly requireCredential: true; readonly requireModerator: true; readonly errors: { readonly noSuchFile: { readonly message: "No such file."; readonly code: "NO_SUCH_FILE"; readonly id: "caf3ca38-c6e5-472e-a30c-b05377dcc240"; }; }; readonly res: { ...; }; }, { ...; }>'.
  Type 'Promise<DriveFile>' is not assignable to type 'Promise<{ type: string; id: string; url: SchemaType<{ readonly type: "string"; readonly optional: false; readonly nullable: true; readonly format: "url"; }>; name: string; accessKey: SchemaType<...>; ... 17 more ...; isLink: SchemaType<...>; } & {} & { ...; }>'.
    Type 'DriveFile' is not assignable to type '{ type: string; id: string; url: SchemaType<{ readonly type: "string"; readonly optional: false; readonly nullable: true; readonly format: "url"; }>; name: string; accessKey: SchemaType<...>; ... 17 more ...; isLink: SchemaType<...>; } & {} & { ...; }'.
      Type 'DriveFile' is not assignable to type '{ type: string; id: string; url: SchemaType<{ readonly type: "string"; readonly optional: false; readonly nullable: true; readonly format: "url"; }>; name: string; accessKey: SchemaType<{ ...; }>; ... 17 more ...; isLink: SchemaType<...>; }'.
        Types of property 'createdAt' are incompatible.
          Type 'Date' is not assignable to type 'string'.
src/server/api/endpoints/admin/drive/show-file.ts(188,10): error TS2790: The operand of a 'delete' operator must be optional.
src/server/api/endpoints/admin/drive/show-file.ts(189,10): error TS2790: The operand of a 'delete' operator must be optional.
src/server/api/endpoints/admin/emoji/add.ts(39,93): error TS2349: This expression is not callable.
  Type 'typeof import("/workspaces/Campra-V4/node_modules/.pnpm/rndstr@1.0.0/node_modules/rndstr/built/index")' has no call signatures.
src/server/api/endpoints/admin/emoji/list.ts(66,39): error TS2345: Argument of type '(ps: { query: SchemaType<{ readonly type: "string"; readonly nullable: true; readonly default: null; }>; limit: number; } & {} & { query?: SchemaType<{ readonly type: "string"; readonly nullable: true; readonly default: null; }> | undefined; limit?: number | undefined; sinceId?: string | undefined; untilId?: string ...' is not assignable to parameter of type 'executor<{ readonly tags: readonly ["admin"]; readonly requireCredential: true; readonly requireModerator: true; readonly res: { readonly type: "array"; readonly optional: false; readonly nullable: false; readonly items: { ...; }; }; }, { ...; }>'.
  Type 'Promise<({ id: string; url: string; name: string; host: SchemaType<{ readonly type: "string"; readonly optional: false; readonly nullable: true; readonly description: "The local host is represented with `null`."; }>; category: SchemaType<...>; aliases: string[]; } & {} & { ...; })[]>' is not assignable to type 'Promise<({ id: string; url: string; name: string; category: SchemaType<{ readonly type: "string"; readonly optional: false; readonly nullable: true; }>; aliases: string[]; } & {} & { id?: string | undefined; ... 4 more ...; url?: string | undefined; })[]>'.
    Type '({ id: string; url: string; name: string; host: SchemaType<{ readonly type: "string"; readonly optional: false; readonly nullable: true; readonly description: "The local host is represented with `null`."; }>; category: SchemaType<...>; aliases: string[]; } & {} & { ...; })[]' is not assignable to type '({ id: string; url: string; name: string; category: SchemaType<{ readonly type: "string"; readonly optional: false; readonly nullable: true; }>; aliases: string[]; } & {} & { id?: string | undefined; ... 4 more ...; url?: string | undefined; })[]'.
      Type '{ id: string; url: string; name: string; host: SchemaType<{ readonly type: "string"; readonly optional: false; readonly nullable: true; readonly description: "The local host is represented with `null`."; }>; category: SchemaType<...>; aliases: string[]; } & {} & { ...; }' is not assignable to type '{ id: string; url: string; name: string; category: SchemaType<{ readonly type: "string"; readonly optional: false; readonly nullable: true; }>; aliases: string[]; } & {} & { id?: string | undefined; ... 4 more ...; url?: string | undefined; }'.
        Type '{ id: string; url: string; name: string; host: SchemaType<{ readonly type: "string"; readonly optional: false; readonly nullable: true; readonly description: "The local host is represented with `null`."; }>; category: SchemaType<...>; aliases: string[]; } & {} & { ...; }' is not assignable to type '{ id?: string | undefined; aliases?: string[] | undefined; name?: string | undefined; category?: SchemaType<{ readonly type: "string"; readonly optional: false; readonly nullable: true; }> | undefined; host?: SchemaType<...>; url?: string | undefined; }'.
          Types of property 'host' are incompatible.
            Type 'string | null' is not assignable to type 'SchemaType<{ readonly type: "null"; readonly optional: true; readonly description: "The local host is represented with `null`. The field exists for compatibility with other API endpoints that return files."; }>'.
              Type 'string' is not assignable to type 'SchemaType<{ readonly type: "null"; readonly optional: true; readonly description: "The local host is represented with `null`. The field exists for compatibility with other API endpoints that return files."; }>'.
src/server/api/endpoints/admin/invite.ts(35,15): error TS2349: This expression is not callable.
  Type 'typeof import("/workspaces/Campra-V4/node_modules/.pnpm/rndstr@1.0.0/node_modules/rndstr/built/index")' has no call signatures.
src/server/api/endpoints/admin/meta.ts(379,39): error TS2345: Argument of type '(ps: {} & {} & {}, me: ILocalUser) => Promise<{ maintainerName: string | null; maintainerEmail: string | null; version: string; name: string | null; uri: string; description: string | null; ... 96 more ...; enableActiveEmailValidation: boolean; }>' is not assignable to parameter of type 'executor<{ readonly tags: readonly ["meta"]; readonly requireCredential: true; readonly requireAdmin: true; readonly res: { readonly type: "object"; readonly optional: false; readonly nullable: false; readonly properties: { ...; }; }; }, { ...; }>'.
  Type 'Promise<{ maintainerName: string | null; maintainerEmail: string | null; version: string; name: string | null; uri: string; description: string | null; langs: string[]; tosUrl: string | null; ... 94 more ...; enableActiveEmailValidation: boolean; }>' is not assignable to type 'Promise<{ emojis: ({ id: string; url: string; host: SchemaType<{ readonly type: "string"; readonly optional: false; readonly nullable: true; }>; category: SchemaType<{ readonly type: "string"; readonly optional: false; readonly nullable: true; }>; aliases: string[]; } & {} & { ...; })[]; ... 22 more ...; translatorA...'.
    Type '{ maintainerName: string | null; maintainerEmail: string | null; version: string; name: string | null; uri: string; description: string | null; langs: string[]; tosUrl: string | null; ... 94 more ...; enableActiveEmailValidation: boolean; }' is not assignable to type '{ emojis: ({ id: string; url: string; host: SchemaType<{ readonly type: "string"; readonly optional: false; readonly nullable: true; }>; category: SchemaType<{ readonly type: "string"; readonly optional: false; readonly nullable: true; }>; aliases: string[]; } & {} & { ...; })[]; ... 22 more ...; translatorAvailable...'.
      Type '{ maintainerName: string | null; maintainerEmail: string | null; version: string; name: string | null; uri: string; description: string | null; langs: string[]; tosUrl: string | null; ... 94 more ...; enableActiveEmailValidation: boolean; }' is missing the following properties from type '{ emojis: ({ id: string; url: string; host: SchemaType<{ readonly type: "string"; readonly optional: false; readonly nullable: true; }>; category: SchemaType<{ readonly type: "string"; readonly optional: false; readonly nullable: true; }>; aliases: string[]; } & {} & { ...; })[]; ... 22 more ...; translatorAvailable...': emojis, ads
src/server/api/endpoints/admin/reset-password.ts(46,17): error TS2349: This expression is not callable.
  Type 'typeof import("/workspaces/Campra-V4/node_modules/.pnpm/rndstr@1.0.0/node_modules/rndstr/built/index")' has no call signatures.
src/server/api/endpoints/admin/server-info.ts(4,10): error TS2305: Module '"../../../../db/redis.js"' has no exported member 'redisClient'.
src/server/api/endpoints/admin/stripe/add-trial-user.ts(67,23): error TS2345: Argument of type '{ tags: string[]; requireCredential: boolean; requireModerator: boolean; limit: { duration: number; max: number; }; errors: { STRIPE_NOT_CONFIGURED: { message: string; code: string; id: string; }; USER_NOT_FOUND: { ...; }; EMAIL_REQUIRED: { ...; }; TRIAL_ACTIVATION_FAILED: { ...; }; }; res: { ...; }; }' is not assignable to parameter of type 'IEndpointMeta'.
  The types of 'res.type' are incompatible between these types.
    Type 'string' is not assignable to type 'TypeStringef | undefined'.
src/server/api/endpoints/admin/stripe/add-trial-user.ts(97,58): error TS2769: No overload matches this call.
  Overload 1 of 2, '(id: string, params?: CustomerRetrieveParams | undefined, options?: RequestOptions | undefined): Promise<Response<Customer | DeletedCustomer>>', gave the following error.
    Argument of type 'string[]' is not assignable to parameter of type 'string'.
  Overload 2 of 2, '(id: string, options?: RequestOptions | undefined): Promise<Response<Customer | DeletedCustomer>>', gave the following error.
    Argument of type 'string[]' is not assignable to parameter of type 'string'.
src/server/api/endpoints/admin/stripe/add-trial-user.ts(107,47): error TS2322: Type 'string' is not assignable to type 'string[] | (() => string) | undefined'.
src/server/api/endpoints/admin/stripe/add-trial-user.ts(116,45): error TS2322: Type 'string' is not assignable to type 'string[] | (() => string) | undefined'.
src/server/api/endpoints/admin/stripe/make-customer.ts(62,23): error TS2345: Argument of type '{ tags: string[]; requireCredential: boolean; requireModerator: boolean; limit: { duration: number; max: number; }; errors: { STRIPE_NOT_CONFIGURED: { message: string; code: string; id: string; }; USER_NOT_FOUND: { ...; }; EMAIL_REQUIRED: { ...; }; STRIPE_CUSTOMER_CREATION_FAILED: { ...; }; }; res: { ...; }; }' is not assignable to parameter of type 'IEndpointMeta'.
  The types of 'res.type' are incompatible between these types.
    Type 'string' is not assignable to type 'TypeStringef | undefined'.
src/server/api/endpoints/admin/stripe/make-customer.ts(94,43): error TS2322: Type 'string' is not assignable to type 'string[] | (() => string) | undefined'.
src/server/api/endpoints/admin/stripe/remove-trial-user.ts(67,23): error TS2345: Argument of type '{ tags: string[]; requireCredential: boolean; requireModerator: boolean; limit: { duration: number; max: number; }; errors: { STRIPE_NOT_CONFIGURED: { message: string; code: string; id: string; }; USER_NOT_FOUND: { ...; }; STRIPE_CUSTOMER_NOT_FOUND: { ...; }; NO_ACTIVE_SUBSCRIPTION: { ...; }; TRIAL_CANCELLATION_FAIL...' is not assignable to parameter of type 'IEndpointMeta'.
  The types of 'res.type' are incompatible between these types.
    Type 'string' is not assignable to type 'TypeStringef | undefined'.
src/server/api/endpoints/admin/stripe/remove-trial-user.ts(89,33): error TS2769: No overload matches this call.
  Overload 1 of 2, '(params?: SubscriptionListParams | undefined, options?: RequestOptions | undefined): ApiListPromise<Subscription>', gave the following error.
    Type 'string[]' is not assignable to type 'string'.
  Overload 2 of 2, '(options?: RequestOptions | undefined): ApiListPromise<Subscription>', gave the following error.
    Argument of type '{ customer: string[]; status: string; limit: number; }' is not assignable to parameter of type 'RequestOptions'.
      Object literal may only specify known properties, and 'customer' does not exist in type 'RequestOptions'.
src/server/api/endpoints/admin/stripe/remove-trial-user.ts(102,32): error TS2339: Property 'del' does not exist on type 'SubscriptionsResource'.
src/server/api/endpoints/blocking/create.ts(56,39): error TS2345: Argument of type '(ps: {} & { userId: string; } & { userId?: string | undefined; }, user: ILocalUser) => Promise<({ id: string; name: SchemaType<{ readonly type: "string"; readonly nullable: true; readonly optional: false; readonly example: "Campra!"; }>; ... 9 more ...; onlineStatus: SchemaType<...>; } & {} & { ...; }) | Packed<...>>' is not assignable to parameter of type 'executor<{ readonly tags: readonly ["account"]; readonly limit: { readonly duration: number; readonly max: 100; }; readonly requireCredential: true; readonly kind: "write:blocks"; readonly errors: { readonly noSuchUser: { ...; }; readonly blockeeIsYourself: { ...; }; readonly alreadyBlocking: { ...; }; }; readonly r...'.
  Type 'Promise<({ id: string; name: SchemaType<{ readonly type: "string"; readonly nullable: true; readonly optional: false; readonly example: "Campra!"; }>; host: SchemaType<{ readonly type: "string"; readonly nullable: true; readonly optional: false; readonly example: "campra.app"; readonly description: "The local host ...' is not assignable to type 'Promise<{ id: string; name: SchemaType<{ readonly type: "string"; readonly nullable: true; readonly optional: false; readonly example: "Campra!"; }>; host: SchemaType<{ readonly type: "string"; readonly nullable: true; readonly optional: false; readonly example: "campra.app"; readonly description: "The local host i...'.
    Type '({ id: string; name: SchemaType<{ readonly type: "string"; readonly nullable: true; readonly optional: false; readonly example: "Campra!"; }>; host: SchemaType<{ readonly type: "string"; readonly nullable: true; readonly optional: false; readonly example: "campra.app"; readonly description: "The local host is repre...' is not assignable to type '{ id: string; name: SchemaType<{ readonly type: "string"; readonly nullable: true; readonly optional: false; readonly example: "Campra!"; }>; host: SchemaType<{ readonly type: "string"; readonly nullable: true; readonly optional: false; readonly example: "campra.app"; readonly description: "The local host is repres...'.
      Type '{ id: string; name: import("/workspaces/Campra-V4/packages/backend/src/misc/schema", { assert: { "resolution-mode": "import" } }).SchemaType<{ readonly type: "string"; readonly nullable: true; readonly optional: false; readonly example: "Campra!"; }>; ... 9 more ...; onlineStatus: import("/workspaces/Campra-V4/packa...' is not assignable to type '{ id: string; name: import("/workspaces/Campra-V4/packages/backend/src/misc/schema", { assert: { "resolution-mode": "import" } }).SchemaType<{ readonly type: "string"; readonly nullable: true; readonly optional: false; readonly example: "Campra!"; }>; ... 9 more ...; onlineStatus: import("/workspaces/Campra-V4/packa...'. Two different types with this name exist, but they are unrelated.
        Type '{ id: string; name: SchemaType<{ readonly type: "string"; readonly nullable: true; readonly optional: false; readonly example: "Campra!"; }>; host: SchemaType<{ readonly type: "string"; readonly nullable: true; readonly optional: false; readonly example: "campra.app"; readonly description: "The local host is repres...' is missing the following properties from type '{ location: SchemaType<{ readonly type: "string"; readonly nullable: true; readonly optional: false; }>; url: SchemaType<{ readonly type: "string"; readonly format: "url"; readonly nullable: true; readonly optional: false; }>; ... 27 more ...; securityKeys: SchemaType<...>; }': location, url, lang, description, and 26 more.
src/server/api/endpoints/blocking/delete.ts(56,39): error TS2345: Argument of type '(ps: {} & { userId: string; } & { userId?: string | undefined; }, user: ILocalUser) => Promise<({ id: string; name: SchemaType<{ readonly type: "string"; readonly nullable: true; readonly optional: false; readonly example: "Campra!"; }>; ... 9 more ...; onlineStatus: SchemaType<...>; } & {} & { ...; }) | Packed<...>>' is not assignable to parameter of type 'executor<{ readonly tags: readonly ["account"]; readonly limit: { readonly duration: number; readonly max: 100; }; readonly requireCredential: true; readonly kind: "write:blocks"; readonly errors: { readonly noSuchUser: { ...; }; readonly blockeeIsYourself: { ...; }; readonly notBlocking: { ...; }; }; readonly res: ...'.
  Type 'Promise<({ id: string; name: SchemaType<{ readonly type: "string"; readonly nullable: true; readonly optional: false; readonly example: "Campra!"; }>; host: SchemaType<{ readonly type: "string"; readonly nullable: true; readonly optional: false; readonly example: "campra.app"; readonly description: "The local host ...' is not assignable to type 'Promise<{ id: string; name: SchemaType<{ readonly type: "string"; readonly nullable: true; readonly optional: false; readonly example: "Campra!"; }>; host: SchemaType<{ readonly type: "string"; readonly nullable: true; readonly optional: false; readonly example: "campra.app"; readonly description: "The local host i...'.
src/server/api/endpoints/channels/ban-list.ts(40,38): error TS18047: 'me' is possibly 'null'.
src/server/api/endpoints/channels/ban-list.ts(41,79): error TS18047: 'me' is possibly 'null'.
src/server/api/endpoints/channels/ban-list.ts(42,87): error TS18047: 'me' is possibly 'null'.
src/server/api/endpoints/channels/ban-list.ts(43,29): error TS18047: 'me' is possibly 'null'.
src/server/api/endpoints/channels/ban-list.ts(56,9): error TS2304: Cannot find name 'In'.
src/server/api/endpoints/channels/ban-user.ts(62,38): error TS18047: 'me' is possibly 'null'.
src/server/api/endpoints/channels/ban-user.ts(63,79): error TS18047: 'me' is possibly 'null'.
src/server/api/endpoints/channels/pin.ts(74,48): error TS2554: Expected 1-2 arguments, but got 3.
src/server/api/endpoints/channels/pin.ts(80,64): error TS2304: Cannot find name 'Channel'.
src/server/api/endpoints/channels/pin.ts(87,45): error TS7006: Parameter 'admin' implicitly has an 'any' type.
src/server/api/endpoints/channels/pin.ts(92,53): error TS7006: Parameter 'mod' implicitly has an 'any' type.
src/server/api/endpoints/channels/search.ts(3,26): error TS2307: Cannot find module '../../../../api/endpoint-base.js' or its corresponding type declarations.
src/server/api/endpoints/channels/search.ts(6,20): error TS2307: Cannot find module '../../../../di-symbols.js' or its corresponding type declarations.
src/server/api/endpoints/channels/un-archive.ts(45,38): error TS18047: 'me' is possibly 'null'.
src/server/api/endpoints/channels/un-archive.ts(46,79): error TS18047: 'me' is possibly 'null'.
src/server/api/endpoints/channels/un-archive.ts(47,25): error TS18047: 'me' is possibly 'null'.
src/server/api/endpoints/channels/un-archive.ts(48,29): error TS18047: 'me' is possibly 'null'.
src/server/api/endpoints/channels/un-archive.ts(67,50): error TS2554: Expected 1-2 arguments, but got 3.
src/server/api/endpoints/channels/unban-user.ts(57,38): error TS18047: 'me' is possibly 'null'.
src/server/api/endpoints/channels/unban-user.ts(58,79): error TS18047: 'me' is possibly 'null'.
src/server/api/endpoints/channels/unpin.ts(68,48): error TS2554: Expected 1-2 arguments, but got 3.
src/server/api/endpoints/channels/unpin.ts(74,64): error TS2304: Cannot find name 'Channel'.
src/server/api/endpoints/channels/unpin.ts(81,45): error TS7006: Parameter 'admin' implicitly has an 'any' type.
src/server/api/endpoints/channels/unpin.ts(86,53): error TS7006: Parameter 'mod' implicitly has an 'any' type.
src/server/api/endpoints/channels/user-role-add.ts(62,38): error TS18047: 'me' is possibly 'null'.
src/server/api/endpoints/channels/user-role-add.ts(63,61): error TS18047: 'me' is possibly 'null'.
src/server/api/endpoints/channels/user-role-add.ts(88,46): error TS2554: Expected 1-2 arguments, but got 3.
src/server/api/endpoints/channels/user-role-remove.ts(67,38): error TS18047: 'me' is possibly 'null'.
src/server/api/endpoints/channels/user-role-remove.ts(68,61): error TS18047: 'me' is possibly 'null'.
src/server/api/endpoints/channels/user-role-remove.ts(95,46): error TS2554: Expected 1-2 arguments, but got 3.
src/server/api/endpoints/clips/remove-note.ts(48,21): error TS2554: Expected 2 arguments, but got 1.
src/server/api/endpoints/drive/files/create.ts(77,23): error TS2448: Block-scoped variable 'meta' used before its declaration.
src/server/api/endpoints/drive/files/create.ts(77,23): error TS2454: Variable 'meta' is used before being assigned.
src/server/api/endpoints/drive/files/create.ts(77,28): error TS2339: Property 'errors' does not exist on type 'Meta'.
src/server/api/endpoints/drive/files/create.ts(104,81): error TS2339: Property 'errors' does not exist on type 'Meta'.
src/server/api/endpoints/drive/files/create.ts(105,81): error TS2339: Property 'errors' does not exist on type 'Meta'.
src/server/api/endpoints/endpoint.ts(25,10): error TS18048: 'v.type' is possibly 'undefined'.
src/server/api/endpoints/endpoint.ts(25,43): error TS18048: 'v.type' is possibly 'undefined'.
src/server/api/endpoints/gifbox/popular.ts(81,10): error TS18046: 'json' is of type 'unknown'.
src/server/api/endpoints/gifbox/search.ts(79,10): error TS18046: 'json' is of type 'unknown'.
src/server/api/endpoints/i/authorized-apps.ts(34,57): error TS2345: Argument of type 'string | null' is not assignable to parameter of type 'string | App'.
  Type 'null' is not assignable to type 'string | App'.
src/server/api/endpoints/i/gen-alt.ts(38,61): error TS2769: No overload matches this call.
  Overload 1 of 2, '(s: string, hash: string): Promise<boolean>', gave the following error.
    Argument of type 'string | null' is not assignable to parameter of type 'string'.
      Type 'null' is not assignable to type 'string'.
  Overload 2 of 2, '(s: string, hash: string, callback?: ((err: Error, success: boolean) => void) | undefined, progressCallback?: ((percent: number) => void) | undefined): void', gave the following error.
    Argument of type 'string | null' is not assignable to parameter of type 'string'.
      Type 'null' is not assignable to type 'string'.
src/server/api/endpoints/i/gen-alt.ts(44,55): error TS2345: Argument of type 'string | null' is not assignable to parameter of type 'string'.
  Type 'null' is not assignable to type 'string'.
src/server/api/endpoints/i/notifications.ts(52,39): error TS2345: Argument of type '(ps: { following: SchemaType<{ readonly type: "boolean"; readonly default: false; }>; limit: number; unreadOnly: SchemaType<{ readonly type: "boolean"; readonly default: false; }>; markAsRead: SchemaType<...>; } & {} & { ...; }, user: ILocalUser) => Promise<...>' is not assignable to parameter of type 'executor<{ readonly tags: readonly ["account", "notifications"]; readonly requireCredential: true; readonly limit: { readonly duration: 60000; readonly max: 15; }; readonly kind: "read:notifications"; readonly res: { ...; }; }, { ...; }>'.
  Type 'Promise<(({ type: SchemaType<{ readonly type: "string"; readonly optional: false; readonly nullable: false; readonly enum: readonly ["follow", "mention", "reply", "renote", "quote", "reaction", "pollVote", "pollEnded", "receiveFollowRequest", "followRequestAccepted", "groupInvited", "app"]; }>; id: string; createdAt...' is not assignable to type 'Promise<({ type: SchemaType<{ readonly type: "string"; readonly optional: false; readonly nullable: false; readonly enum: readonly ["follow", "mention", "reply", "renote", "quote", "reaction", "pollVote", "pollEnded", "receiveFollowRequest", "followRequestAccepted", "groupInvited", "app"]; }>; id: string; createdAt:...'.
    Type '(({ type: SchemaType<{ readonly type: "string"; readonly optional: false; readonly nullable: false; readonly enum: readonly ["follow", "mention", "reply", "renote", "quote", "reaction", "pollVote", "pollEnded", "receiveFollowRequest", "followRequestAccepted", "groupInvited", "app"]; }>; id: string; createdAt: string...' is not assignable to type '({ type: SchemaType<{ readonly type: "string"; readonly optional: false; readonly nullable: false; readonly enum: readonly ["follow", "mention", "reply", "renote", "quote", "reaction", "pollVote", "pollEnded", "receiveFollowRequest", "followRequestAccepted", "groupInvited", "app"]; }>; id: string; createdAt: string;...'.
      Type '({ type: SchemaType<{ readonly type: "string"; readonly optional: false; readonly nullable: false; readonly enum: readonly ["follow", "mention", "reply", "renote", "quote", "reaction", "pollVote", "pollEnded", "receiveFollowRequest", "followRequestAccepted", "groupInvited", "app"]; }>; id: string; createdAt: string;...' is not assignable to type '{ type: SchemaType<{ readonly type: "string"; readonly optional: false; readonly nullable: false; readonly enum: readonly ["follow", "mention", "reply", "renote", "quote", "reaction", "pollVote", "pollEnded", "receiveFollowRequest", "followRequestAccepted", "groupInvited", "app"]; }>; id: string; createdAt: string; ...'.
        Type 'null' is not assignable to type '{ type: SchemaType<{ readonly type: "string"; readonly optional: false; readonly nullable: false; readonly enum: readonly ["follow", "mention", "reply", "renote", "quote", "reaction", "pollVote", "pollEnded", "receiveFollowRequest", "followRequestAccepted", "groupInvited", "app"]; }>; id: string; createdAt: string; ...'.
          Type 'null' is not assignable to type '{ type: SchemaType<{ readonly type: "string"; readonly optional: false; readonly nullable: false; readonly enum: readonly ["follow", "mention", "reply", "renote", "quote", "reaction", "pollVote", "pollEnded", "receiveFollowRequest", "followRequestAccepted", "groupInvited", "app"]; }>; id: string; createdAt: string; ...'.
src/server/api/endpoints/i/update-email.ts(79,16): error TS2349: This expression is not callable.
  Type 'typeof import("/workspaces/Campra-V4/node_modules/.pnpm/rndstr@1.0.0/node_modules/rndstr/built/index")' has no call signatures.
src/server/api/endpoints/i/update.ts(190,29): error TS2345: Argument of type '{ readonly type: "object"; readonly properties: { readonly name: { readonly nullable: true; readonly type: "string"; readonly minLength: 1; readonly maxLength: 50; }; readonly description: { readonly nullable: true; readonly type: "string"; readonly minLength: 1; readonly maxLength: 500; }; ... 28 more ...; readonly...' is not assignable to parameter of type 'Schema'.
  Types of property 'properties' are incompatible.
    Type '{ readonly name: { readonly nullable: true; readonly type: "string"; readonly minLength: 1; readonly maxLength: 50; }; readonly description: { readonly nullable: true; readonly type: "string"; readonly minLength: 1; readonly maxLength: 500; }; ... 28 more ...; readonly username: { ...; }; }' is not assignable to type 'Obj'.
      Property 'lang' is incompatible with index signature.
        Type '{ readonly type: "string"; readonly enum: readonly [null, ...string[]]; readonly nullable: true; }' is not assignable to type 'Schema'.
          Types of property 'enum' are incompatible.
            Type 'readonly [null, ...string[]]' is not assignable to type 'readonly string[]'.
              Type 'string | null' is not assignable to type 'string'.
                Type 'null' is not assignable to type 'string'.
src/server/api/endpoints/i/update.ts(229,24): error TS7006: Parameter 'x' implicitly has an 'any' type.
src/server/api/endpoints/i/update.ts(229,56): error TS7006: Parameter 'x' implicitly has an 'any' type.
src/server/api/endpoints/i/update.ts(287,12): error TS7006: Parameter 'x' implicitly has an 'any' type.
src/server/api/endpoints/i/update.ts(288,9): error TS7006: Parameter 'x' implicitly has an 'any' type.
src/server/api/endpoints/i/update.ts(341,56): error TS7006: Parameter 'd' implicitly has an 'any' type.
src/server/api/endpoints/i/update.ts(355,62): error TS7006: Parameter 'd' implicitly has an 'any' type.
src/server/api/endpoints/i/update.ts(377,49): error TS2345: Argument of type 'UserProfile | null' is not assignable to parameter of type 'UserProfile | undefined'.
  Type 'null' is not assignable to type 'UserProfile | undefined'.
src/server/api/endpoints/live/make-stream.ts(53,37): error TS7006: Parameter 'muxClient' implicitly has an 'any' type.
src/server/api/endpoints/live/make-stream.ts(53,48): error TS7006: Parameter 'existingStream' implicitly has an 'any' type.
src/server/api/endpoints/live/make-stream.ts(113,22): error TS18048: 'stream.playback_ids' is possibly 'undefined'.
src/server/api/endpoints/live/webhook.ts(69,17): error TS2339: Property 'Video' does not exist on type 'Mux'.
src/server/api/endpoints/live/webhook.ts(74,39): error TS7006: Parameter 'Video' implicitly has an 'any' type.
src/server/api/endpoints/live/webhook.ts(74,46): error TS7006: Parameter 'data' implicitly has an 'any' type.
src/server/api/endpoints/live/webhook.ts(107,61): error TS7006: Parameter 'track' implicitly has an 'any' type.
src/server/api/endpoints/live/webhook.ts(128,21): error TS2345: Argument of type '{ url: string; force: true; filename: string; }' is not assignable to parameter of type 'Args'.
  Object literal may only specify known properties, and 'filename' does not exist in type 'Args'.
src/server/api/endpoints/live/webhook.ts(150,21): error TS2345: Argument of type '{ vodFileId: string; vodQuality: string; }' is not assignable to parameter of type '_QueryDeepPartialEntity<Streams>'.
  Object literal may only specify known properties, and 'vodFileId' does not exist in type '_QueryDeepPartialEntity<Streams>'.
src/server/api/endpoints/live/webhook.ts(162,76): error TS18046: 'deleteError' is of type 'unknown'.
src/server/api/endpoints/live/webhook.ts(166,65): error TS18046: 'error' is of type 'unknown'.
src/server/api/endpoints/live/webhook.ts(194,51): error TS18046: 'error' is of type 'unknown'.
src/server/api/endpoints/live/webhook.ts(212,13): error TS2322: Type 'undefined' is not assignable to type 'string'.
src/server/api/endpoints/live/webhook.ts(235,68): error TS18046: 'error' is of type 'unknown'.
src/server/api/endpoints/live/webhook.ts(265,64): error TS18046: 'error' is of type 'unknown'.
src/server/api/endpoints/live/webhook.ts(294,67): error TS18046: 'error' is of type 'unknown'.
src/server/api/endpoints/messaging/messages.ts(72,39): error TS2345: Argument of type '(ps: { limit: number; markAsRead: SchemaType<{ readonly type: "boolean"; readonly default: true; }>; } & {} & { limit?: number | undefined; sinceId?: string | undefined; untilId?: string | undefined; markAsRead?: SchemaType<...> | undefined; }, user: ILocalUser) => Promise<...>' is not assignable to parameter of type 'executor<{ readonly tags: readonly ["messaging"]; readonly requireCredential: true; readonly kind: "read:messaging"; readonly res: { readonly type: "array"; readonly optional: false; readonly nullable: false; readonly items: { ...; }; }; readonly errors: { ...; }; }, { ...; }>'.
  Type 'Promise<({ id: string; text: import("/workspaces/Campra-V4/packages/backend/src/misc/schema", { assert: { "resolution-mode": "import" } }).SchemaType<{ readonly type: "string"; readonly optional: false; readonly nullable: true; }>; createdAt: string; userId: string; recipientId: import("/workspaces/Campra-V4/package...' is not assignable to type 'Promise<({ id: string; text: import("/workspaces/Campra-V4/packages/backend/src/misc/schema", { assert: { "resolution-mode": "import" } }).SchemaType<{ readonly type: "string"; readonly optional: false; readonly nullable: true; }>; createdAt: string; userId: string; recipientId: import("/workspaces/Campra-V4/package...'. Two different types with this name exist, but they are unrelated.
    Type '({ id: string; text: import("/workspaces/Campra-V4/packages/backend/src/misc/schema", { assert: { "resolution-mode": "import" } }).SchemaType<{ readonly type: "string"; readonly optional: false; readonly nullable: true; }>; createdAt: string; userId: string; recipientId: import("/workspaces/Campra-V4/packages/backen...' is not assignable to type '({ id: string; text: import("/workspaces/Campra-V4/packages/backend/src/misc/schema", { assert: { "resolution-mode": "import" } }).SchemaType<{ readonly type: "string"; readonly optional: false; readonly nullable: true; }>; createdAt: string; userId: string; recipientId: import("/workspaces/Campra-V4/packages/backen...'. Two different types with this name exist, but they are unrelated.
      Type 'undefined' is not assignable to type '({ id: string; text: SchemaType<{ readonly type: "string"; readonly optional: false; readonly nullable: true; }>; createdAt: string; userId: string; recipientId: SchemaType<{ readonly type: "string"; readonly optional: false; readonly nullable: true; readonly format: "id"; }>; groupId: SchemaType<...>; } & {} & { .....'.
src/server/api/endpoints/messaging/messages.ts(72,39): error TS7030: Not all code paths return a value.
src/server/api/endpoints/messaging/messages.ts(73,9): error TS2339: Property 'userId' does not exist on type '{ limit: number; markAsRead: SchemaType<{ readonly type: "boolean"; readonly default: true; }>; } & {} & { limit?: number | undefined; sinceId?: string | undefined; untilId?: string | undefined; markAsRead?: SchemaType<...> | undefined; }'.
src/server/api/endpoints/messaging/messages.ts(75,38): error TS2339: Property 'userId' does not exist on type '{ limit: number; markAsRead: SchemaType<{ readonly type: "boolean"; readonly default: true; }>; } & {} & { limit?: number | undefined; sinceId?: string | undefined; untilId?: string | undefined; markAsRead?: SchemaType<...> | undefined; }'.
src/server/api/endpoints/messaging/messages.ts(105,16): error TS2339: Property 'groupId' does not exist on type '{ limit: number; markAsRead: SchemaType<{ readonly type: "boolean"; readonly default: true; }>; } & {} & { limit?: number | undefined; sinceId?: string | undefined; untilId?: string | undefined; markAsRead?: SchemaType<...> | undefined; }'.
src/server/api/endpoints/messaging/messages.ts(107,62): error TS2339: Property 'groupId' does not exist on type '{ limit: number; markAsRead: SchemaType<{ readonly type: "boolean"; readonly default: true; }>; } & {} & { limit?: number | undefined; sinceId?: string | undefined; untilId?: string | undefined; markAsRead?: SchemaType<...> | undefined; }'.
src/server/api/endpoints/messaging/messages/create.ts(94,9): error TS2339: Property 'userId' does not exist on type '{} & {} & { text?: SchemaType<{ readonly type: "string"; readonly nullable: true; readonly maxLength: 3000; }> | undefined; fileId?: string | undefined; }'.
src/server/api/endpoints/messaging/messages/create.ts(96,10): error TS2339: Property 'userId' does not exist on type '{} & {} & { text?: SchemaType<{ readonly type: "string"; readonly nullable: true; readonly maxLength: 3000; }> | undefined; fileId?: string | undefined; }'.
src/server/api/endpoints/messaging/messages/create.ts(101,36): error TS2339: Property 'userId' does not exist on type '{} & {} & { text?: SchemaType<{ readonly type: "string"; readonly nullable: true; readonly maxLength: 3000; }> | undefined; fileId?: string | undefined; }'.
src/server/api/endpoints/messaging/messages/create.ts(114,16): error TS2339: Property 'groupId' does not exist on type '{} & {} & { text?: SchemaType<{ readonly type: "string"; readonly nullable: true; readonly maxLength: 3000; }> | undefined; fileId?: string | undefined; }'.
src/server/api/endpoints/messaging/messages/create.ts(116,56): error TS2339: Property 'groupId' does not exist on type '{} & {} & { text?: SchemaType<{ readonly type: "string"; readonly nullable: true; readonly maxLength: 3000; }> | undefined; fileId?: string | undefined; }'.
src/server/api/endpoints/messaging/messages/create.ts(150,35): error TS2345: Argument of type 'User | null' is not assignable to parameter of type '{ id: string; } | undefined'.
  Type 'null' is not assignable to type '{ id: string; } | undefined'.
src/server/api/endpoints/messaging/messages/create.ts(150,35): error TS2454: Variable 'recipientUser' is used before being assigned.
src/server/api/endpoints/messaging/messages/create.ts(150,50): error TS2454: Variable 'recipientGroup' is used before being assigned.
src/server/api/endpoints/notes/algo.ts(63,3): error TS2564: Property 'speedOrder' has no initializer and is not definitely assigned in the constructor.
src/server/api/endpoints/notes/algo.ts(64,3): error TS2564: Property 'manualScore' has no initializer and is not definitely assigned in the constructor.
src/server/api/endpoints/notes/algo.ts(65,3): error TS2564: Property 'manualScoreAvailable' has no initializer and is not definitely assigned in the constructor.
src/server/api/endpoints/notes/algo.ts(66,3): error TS2564: Property 'recommendationOrder' has no initializer and is not definitely assigned in the constructor.
src/server/api/endpoints/notes/algo.ts(138,31): error TS2345: Argument of type 'User' is not assignable to parameter of type 'Pick<User, "id" | "showTimelineReplies">'.
  Property 'showTimelineReplies' is missing in type 'User' but required in type 'Pick<User, "id" | "showTimelineReplies">'.
src/server/api/endpoints/notes/algo.ts(227,15): error TS2345: Argument of type '{ input: { text: string; userId: string; replyId: string; renoteId: string; }; output: { interesting: number; }; }[]' is not assignable to parameter of type 'INeuralNetworkDatum<Partial<INeuralNetworkData>, Partial<INeuralNetworkData>>[]'.
  Type '{ input: { text: string; userId: string; replyId: string; renoteId: string; }; output: { interesting: number; }; }' is not assignable to type 'INeuralNetworkDatum<Partial<INeuralNetworkData>, Partial<INeuralNetworkData>>'.
    Types of property 'input' are incompatible.
      Type '{ text: string; userId: string; replyId: string; renoteId: string; }' is not assignable to type 'Partial<INeuralNetworkData>'.
        Type '{ text: string; userId: string; replyId: string; renoteId: string; }' is not assignable to type 'Partial<Partial<INumberHash>>'.
          Property 'text' is incompatible with index signature.
            Type 'string' is not assignable to type 'number'.
src/server/api/endpoints/notes/algo.ts(285,43): error TS2345: Argument of type 'ILocalUser' is not assignable to parameter of type 'User'.
  Type 'ILocalUser' is missing the following properties from type 'User': speed, speedOrder, manualScore, manualScoreAvailable, and 2 more.
src/server/api/endpoints/notes/algo.ts(292,54): error TS2345: Argument of type 'ILocalUser' is not assignable to parameter of type 'User'.
src/server/api/endpoints/notes/algo.ts(294,42): error TS2345: Argument of type 'ILocalUser' is not assignable to parameter of type 'User'.
src/server/api/endpoints/notes/children.ts(38,23): error TS2345: Argument of type '{ tags: string[]; requireCredential: boolean; requireCredentialPrivateMode: boolean; res: { type: string; optional: boolean; nullable: boolean; items: { type: string; optional: boolean; nullable: boolean; ref: string; }; }; }' is not assignable to parameter of type 'IEndpointMeta'.
  The types of 'res.type' are incompatible between these types.
    Type 'string' is not assignable to type 'TypeStringef | undefined'.
src/server/api/endpoints/notes/children.ts(40,113): error TS2339: Property 'depth' does not exist on type '{ limit: number; } & { noteId: string; } & { noteId?: string | undefined; limit?: number | undefined; sinceId?: string | undefined; untilId?: string | undefined; }'.
src/server/api/endpoints/notes/create.ts(241,5): error TS2322: Type 'null' is not assignable to type 'string | FindOperator<string> | undefined'.
src/server/api/endpoints/notes/create.ts(242,5): error TS2322: Type 'null' is not assignable to type 'string | FindOperator<string> | undefined'.
src/server/api/endpoints/notes/create.ts(323,3): error TS2345: Argument of type '{ createdAt: Date; files: DriveFile[]; poll: { choices: string[]; multiple: boolean; expiresAt: Date | null; } | undefined; text: string | undefined; campraFor: string | undefined; ... 9 more ...; apEmojis: never[] | undefined; }' is not assignable to parameter of type 'Option'.
  Object literal may only specify known properties, and 'apMentions' does not exist in type 'Option'.
src/server/api/endpoints/notes/delete.ts(57,42): error TS7006: Parameter 'note' implicitly has an 'any' type.
src/server/api/endpoints/notes/delete.ts(57,48): error TS7006: Parameter 'user' implicitly has an 'any' type.
src/server/api/endpoints/notes/hybrid-timeline.ts(63,3): error TS2564: Property 'speedOrder' has no initializer and is not definitely assigned in the constructor.
src/server/api/endpoints/notes/hybrid-timeline.ts(64,3): error TS2564: Property 'manualScore' has no initializer and is not definitely assigned in the constructor.
src/server/api/endpoints/notes/hybrid-timeline.ts(65,3): error TS2564: Property 'manualScoreAvailable' has no initializer and is not definitely assigned in the constructor.
src/server/api/endpoints/notes/hybrid-timeline.ts(66,3): error TS2564: Property 'recommendationOrder' has no initializer and is not definitely assigned in the constructor.
src/server/api/endpoints/notes/hybrid-timeline.ts(138,31): error TS2345: Argument of type 'User' is not assignable to parameter of type 'Pick<User, "id" | "showTimelineReplies">'.
  Property 'showTimelineReplies' is missing in type 'User' but required in type 'Pick<User, "id" | "showTimelineReplies">'.
src/server/api/endpoints/notes/hybrid-timeline.ts(227,15): error TS2345: Argument of type '{ input: { text: string; userId: string; replyId: string; renoteId: string; }; output: { interesting: number; }; }[]' is not assignable to parameter of type 'INeuralNetworkDatum<Partial<INeuralNetworkData>, Partial<INeuralNetworkData>>[]'.
  Type '{ input: { text: string; userId: string; replyId: string; renoteId: string; }; output: { interesting: number; }; }' is not assignable to type 'INeuralNetworkDatum<Partial<INeuralNetworkData>, Partial<INeuralNetworkData>>'.
    Types of property 'input' are incompatible.
      Type '{ text: string; userId: string; replyId: string; renoteId: string; }' is not assignable to type 'Partial<INeuralNetworkData>'.
        Type '{ text: string; userId: string; replyId: string; renoteId: string; }' is not assignable to type 'Partial<Partial<INumberHash>>'.
          Property 'text' is incompatible with index signature.
            Type 'string' is not assignable to type 'number'.
src/server/api/endpoints/notes/hybrid-timeline.ts(285,43): error TS2345: Argument of type 'ILocalUser' is not assignable to parameter of type 'User'.
  Type 'ILocalUser' is missing the following properties from type 'User': speed, speedOrder, manualScore, manualScoreAvailable, and 2 more.
src/server/api/endpoints/notes/hybrid-timeline.ts(292,54): error TS2345: Argument of type 'ILocalUser' is not assignable to parameter of type 'User'.
src/server/api/endpoints/notes/hybrid-timeline.ts(294,42): error TS2345: Argument of type 'ILocalUser' is not assignable to parameter of type 'User'.
src/server/api/endpoints/notes/search-by-tag.ts(89,10): error TS2339: Property 'tag' does not exist on type '{ reply: SchemaType<{ readonly type: "boolean"; readonly nullable: true; readonly default: null; }>; renote: SchemaType<{ readonly type: "boolean"; readonly nullable: true; readonly default: null; }>; poll: SchemaType<...>; limit: number; withFiles: SchemaType<...>; } & {} & { ...; }'.
src/server/api/endpoints/notes/search-by-tag.ts(90,23): error TS2339: Property 'tag' does not exist on type '{ reply: SchemaType<{ readonly type: "boolean"; readonly nullable: true; readonly default: null; }>; renote: SchemaType<{ readonly type: "boolean"; readonly nullable: true; readonly default: null; }>; poll: SchemaType<...>; limit: number; withFiles: SchemaType<...>; } & {} & { ...; }'.
src/server/api/endpoints/notes/search-by-tag.ts(91,47): error TS2339: Property 'tag' does not exist on type '{ reply: SchemaType<{ readonly type: "boolean"; readonly nullable: true; readonly default: null; }>; renote: SchemaType<{ readonly type: "boolean"; readonly nullable: true; readonly default: null; }>; poll: SchemaType<...>; limit: number; withFiles: SchemaType<...>; } & {} & { ...; }'.
src/server/api/endpoints/notes/search-by-tag.ts(94,27): error TS2339: Property 'query' does not exist on type '{ reply: SchemaType<{ readonly type: "boolean"; readonly nullable: true; readonly default: null; }>; renote: SchemaType<{ readonly type: "boolean"; readonly nullable: true; readonly default: null; }>; poll: SchemaType<...>; limit: number; withFiles: SchemaType<...>; } & {} & { ...; }'.
src/server/api/endpoints/notes/search-by-tag.ts(105,7): error TS18046: 'e' is of type 'unknown'.
src/server/api/endpoints/request-reset-password.ts(62,16): error TS2349: This expression is not callable.
  Type 'typeof import("/workspaces/Campra-V4/node_modules/.pnpm/rndstr@1.0.0/node_modules/rndstr/built/index")' has no call signatures.
src/server/api/endpoints/signin.ts(91,4): error TS2322: Type 'IncomingHttpHeaders' is not assignable to type '(() => string) | _QueryDeepPartialEntity<Record<string, any>> | undefined'.
src/server/api/endpoints/stripe/checkout.ts(64,23): error TS2345: Argument of type '{ tags: string[]; requireCredential: boolean; limit: { duration: number; max: number; }; errors: { STRIPE_NOT_CONFIGURED: { message: string; code: string; id: string; }; INVALID_SUBSCRIPTION_TYPE: { message: string; code: string; id: string; }; INVALID_STRIPE_SIGNATURE: { ...; }; EMAIL_REQUIRED: { ...; }; }; res: { ...' is not assignable to parameter of type 'IEndpointMeta'.
  The types of 'res.type' are incompatible between these types.
    Type 'string' is not assignable to type 'TypeStringef | undefined'.
src/server/api/endpoints/stripe/checkout.ts(79,12): error TS2339: Property 'body' does not exist on type '{} & { plan: SchemaType<{ readonly type: "string"; readonly enum: readonly ["plus", "mplus"]; readonly nullable: true; }>; subscriptionType: SchemaType<{ readonly type: "string"; readonly enum: readonly ["month", "year"]; readonly nullable: true; }>; } & { ...; }'.
src/server/api/endpoints/stripe/checkout.ts(93,35): error TS2339: Property 'metadata' does not exist on type 'Response<Customer | DeletedCustomer>'.
  Property 'metadata' does not exist on type 'DeletedCustomer & { lastResponse: { headers: { [key: string]: string; }; requestId: string; statusCode: number; apiVersion?: string | undefined; idempotencyKey?: string | undefined; stripeAccount?: string | undefined; }; }'.
src/server/api/endpoints/stripe/checkout.ts(94,37): error TS2339: Property 'metadata' does not exist on type 'Response<Customer | DeletedCustomer>'.
  Property 'metadata' does not exist on type 'DeletedCustomer & { lastResponse: { headers: { [key: string]: string; }; requestId: string; statusCode: number; apiVersion?: string | undefined; idempotencyKey?: string | undefined; stripeAccount?: string | undefined; }; }'.
src/server/api/endpoints/stripe/checkout.ts(101,48): error TS2345: Argument of type '{ stripe_user: string; isPlus: boolean; isMPlus: boolean; }' is not assignable to parameter of type '_QueryDeepPartialEntity<User>'.
  Types of property 'stripe_user' are incompatible.
    Type 'string' is not assignable to type 'string[] | (() => string) | undefined'.
src/server/api/endpoints/stripe/checkout.ts(108,47): error TS2339: Property 'metadata' does not exist on type 'Response<Customer | DeletedCustomer>'.
  Property 'metadata' does not exist on type 'DeletedCustomer & { lastResponse: { headers: { [key: string]: string; }; requestId: string; statusCode: number; apiVersion?: string | undefined; idempotencyKey?: string | undefined; stripeAccount?: string | undefined; }; }'.
src/server/api/endpoints/stripe/checkout.ts(123,5): error TS2322: Type 'string | null' is not assignable to type 'string | undefined'.
  Type 'null' is not assignable to type 'string | undefined'.
src/server/api/endpoints/stripe/checkout.ts(125,5): error TS2322: Type 'string | null' is not assignable to type 'string | undefined'.
src/server/api/endpoints/stripe/checkout.ts(133,62): error TS18047: 'user' is possibly 'null'.
src/server/api/endpoints/stripe/checkout.ts(142,7): error TS18047: 'user' is possibly 'null'.
src/server/api/endpoints/stripe/checkout.ts(144,64): error TS18047: 'user' is possibly 'null'.
src/server/api/endpoints/stripe/checkout.ts(144,64): error TS2769: No overload matches this call.
  Overload 1 of 2, '(id: string, params?: CustomerRetrieveParams | undefined, options?: RequestOptions | undefined): Promise<Response<Customer | DeletedCustomer>>', gave the following error.
    Argument of type 'string[]' is not assignable to parameter of type 'string'.
  Overload 2 of 2, '(id: string, options?: RequestOptions | undefined): Promise<Response<Customer | DeletedCustomer>>', gave the following error.
    Argument of type 'string[]' is not assignable to parameter of type 'string'.
src/server/api/endpoints/stripe/checkout.ts(148,28): error TS2339: Property 'email' does not exist on type 'Response<Customer | DeletedCustomer>'.
  Property 'email' does not exist on type 'DeletedCustomer & { lastResponse: { headers: { [key: string]: string; }; requestId: string; statusCode: number; apiVersion?: string | undefined; idempotencyKey?: string | undefined; stripeAccount?: string | undefined; }; }'.
src/server/api/endpoints/stripe/checkout.ts(149,28): error TS2339: Property 'metadata' does not exist on type 'Response<Customer | DeletedCustomer>'.
  Property 'metadata' does not exist on type 'DeletedCustomer & { lastResponse: { headers: { [key: string]: string; }; requestId: string; statusCode: number; apiVersion?: string | undefined; idempotencyKey?: string | undefined; stripeAccount?: string | undefined; }; }'.
src/server/api/endpoints/stripe/checkout.ts(149,48): error TS18047: 'user' is possibly 'null'.
src/server/api/endpoints/stripe/checkout.ts(150,28): error TS2339: Property 'metadata' does not exist on type 'Response<Customer | DeletedCustomer>'.
  Property 'metadata' does not exist on type 'DeletedCustomer & { lastResponse: { headers: { [key: string]: string; }; requestId: string; statusCode: number; apiVersion?: string | undefined; idempotencyKey?: string | undefined; stripeAccount?: string | undefined; }; }'.
src/server/api/endpoints/stripe/checkout.ts(154,21): error TS18047: 'user' is possibly 'null'.
src/server/api/endpoints/stripe/checkout.ts(155,23): error TS18047: 'user' is possibly 'null'.
src/server/api/endpoints/stripe/checkout.ts(164,19): error TS18047: 'user' is possibly 'null'.
src/server/api/endpoints/stripe/checkout.ts(165,21): error TS18047: 'user' is possibly 'null'.
src/server/api/endpoints/stripe/checkout.ts(170,32): error TS18047: 'user' is possibly 'null'.
src/server/api/endpoints/stripe/checkout.ts(170,45): error TS2322: Type 'string' is not assignable to type 'string[] | (() => string) | undefined'.
src/server/api/endpoints/stripe/checkout.ts(176,17): error TS18047: 'user' is possibly 'null'.
src/server/api/endpoints/stripe/checkout.ts(177,19): error TS18047: 'user' is possibly 'null'.
src/server/api/endpoints/stripe/checkout.ts(182,30): error TS18047: 'user' is possibly 'null'.
src/server/api/endpoints/stripe/checkout.ts(182,43): error TS2322: Type 'string' is not assignable to type 'string[] | (() => string) | undefined'.
src/server/api/endpoints/stripe/manage.ts(51,8): error TS18047: 'user' is possibly 'null'.
src/server/api/endpoints/stripe/manage.ts(52,26): error TS18047: 'user' is possibly 'null'.
src/server/api/endpoints/stripe/manage.ts(59,37): error TS2769: No overload matches this call.
  Overload 1 of 2, '(params?: SubscriptionListParams | undefined, options?: RequestOptions | undefined): ApiListPromise<Subscription>', gave the following error.
    Type 'string[]' is not assignable to type 'string'.
  Overload 2 of 2, '(options?: RequestOptions | undefined): ApiListPromise<Subscription>', gave the following error.
    Argument of type '{ customer: string[]; status: string; limit: number; }' is not assignable to parameter of type 'RequestOptions'.
      Object literal may only specify known properties, and 'customer' does not exist in type 'RequestOptions'.
src/server/api/endpoints/stripe/manage.ts(60,21): error TS18047: 'user' is possibly 'null'.
src/server/api/endpoints/stripe/manage.ts(82,37): error TS2769: No overload matches this call.
  Overload 1 of 2, '(params?: SubscriptionListParams | undefined, options?: RequestOptions | undefined): ApiListPromise<Subscription>', gave the following error.
    Type 'string[]' is not assignable to type 'string'.
  Overload 2 of 2, '(options?: RequestOptions | undefined): ApiListPromise<Subscription>', gave the following error.
    Argument of type '{ customer: string[]; status: string; limit: number; }' is not assignable to parameter of type 'RequestOptions'.
      Object literal may only specify known properties, and 'customer' does not exist in type 'RequestOptions'.
src/server/api/endpoints/stripe/manage.ts(83,21): error TS18047: 'user' is possibly 'null'.
src/server/api/endpoints/stripe/manage.ts(90,36): error TS18047: 'user' is possibly 'null'.
src/server/api/endpoints/stripe/manage.ts(93,65): error TS18047: 'user' is possibly 'null'.
src/server/api/endpoints/stripe/manage.ts(93,100): error TS18047: 'user' is possibly 'null'.
src/server/api/endpoints/stripe/manage.ts(108,11): error TS2322: Type 'string[]' is not assignable to type 'string'.
src/server/api/endpoints/stripe/manage.ts(108,21): error TS18047: 'user' is possibly 'null'.
src/server/api/endpoints/stripe/webhook.ts(61,51): error TS18046: 'error' is of type 'unknown'.
src/server/api/endpoints/stripe/webhook.ts(102,68): error TS18046: 'error' is of type 'unknown'.
src/server/api/endpoints/stripe/webhook.ts(135,66): error TS18046: 'error' is of type 'unknown'.
src/server/api/endpoints/users/followers.ts(71,40): error TS2339: Property 'userId' does not exist on type '{ limit: number; } & {} & { sinceId?: string | undefined; untilId?: string | undefined; limit?: number | undefined; }'.
src/server/api/endpoints/users/followers.ts(72,14): error TS2339: Property 'userId' does not exist on type '{ limit: number; } & {} & { sinceId?: string | undefined; untilId?: string | undefined; limit?: number | undefined; }'.
src/server/api/endpoints/users/followers.ts(73,25): error TS2339: Property 'username' does not exist on type '{ limit: number; } & {} & { sinceId?: string | undefined; untilId?: string | undefined; limit?: number | undefined; }'.
src/server/api/endpoints/users/followers.ts(73,74): error TS2339: Property 'host' does not exist on type '{ limit: number; } & {} & { sinceId?: string | undefined; untilId?: string | undefined; limit?: number | undefined; }'.
src/server/api/endpoints/users/following.ts(71,40): error TS2339: Property 'userId' does not exist on type '{ limit: number; } & {} & { sinceId?: string | undefined; untilId?: string | undefined; limit?: number | undefined; }'.
src/server/api/endpoints/users/following.ts(72,14): error TS2339: Property 'userId' does not exist on type '{ limit: number; } & {} & { sinceId?: string | undefined; untilId?: string | undefined; limit?: number | undefined; }'.
src/server/api/endpoints/users/following.ts(73,25): error TS2339: Property 'username' does not exist on type '{ limit: number; } & {} & { sinceId?: string | undefined; untilId?: string | undefined; limit?: number | undefined; }'.
src/server/api/endpoints/users/following.ts(73,74): error TS2339: Property 'host' does not exist on type '{ limit: number; } & {} & { sinceId?: string | undefined; untilId?: string | undefined; limit?: number | undefined; }'.
src/server/api/endpoints/users/report-abuse.ts(96,5): error TS2349: This expression is not callable.
  Type 'typeof sanitize' has no call signatures.
src/server/api/endpoints/users/report-abuse.ts(97,5): error TS2349: This expression is not callable.
  Type 'typeof sanitize' has no call signatures.
src/server/api/endpoints/users/show.ts(67,39): error TS2345: Argument of type '(ps: any, me: ILocalUser | null) => Promise<({ id: string; name: SchemaType<{ readonly type: "string"; readonly nullable: true; readonly optional: false; readonly example: "Campra!"; }>; ... 9 more ...; onlineStatus: SchemaType<...>; } & {} & { ...; }) | Packed<...>[]>' is not assignable to parameter of type 'executor<{ readonly tags: readonly ["users"]; readonly requireCredential: false; readonly requireCredentialPrivateMode: true; readonly description: "Show the properties of a user."; readonly res: { readonly optional: false; readonly nullable: false; readonly oneOf: readonly [...]; }; readonly errors: { ...; }; }, { ...'.
  Type 'Promise<({ id: string; name: SchemaType<{ readonly type: "string"; readonly nullable: true; readonly optional: false; readonly example: "Campra!"; }>; host: SchemaType<{ readonly type: "string"; readonly nullable: true; readonly optional: false; readonly example: "campra.app"; readonly description: "The local host ...' is not assignable to type 'Promise<SchemaType<{ readonly optional: false; readonly nullable: false; readonly oneOf: readonly [{ readonly type: "object"; readonly ref: "UserDetailed"; }, { readonly type: "array"; readonly items: { readonly type: "object"; readonly ref: "UserDetailed"; }; }]; }>>'.
    Type '({ id: string; name: SchemaType<{ readonly type: "string"; readonly nullable: true; readonly optional: false; readonly example: "Campra!"; }>; host: SchemaType<{ readonly type: "string"; readonly nullable: true; readonly optional: false; readonly example: "campra.app"; readonly description: "The local host is repre...' is not assignable to type 'SchemaType<{ readonly optional: false; readonly nullable: false; readonly oneOf: readonly [{ readonly type: "object"; readonly ref: "UserDetailed"; }, { readonly type: "array"; readonly items: { readonly type: "object"; readonly ref: "UserDetailed"; }; }]; }>'.
      Type '{ id: string; name: SchemaType<{ readonly type: "string"; readonly nullable: true; readonly optional: false; readonly example: "Campra!"; }>; host: SchemaType<{ readonly type: "string"; readonly nullable: true; readonly optional: false; readonly example: "campra.app"; readonly description: "The local host is repres...' is not assignable to type 'SchemaType<{ readonly optional: false; readonly nullable: false; readonly oneOf: readonly [{ readonly type: "object"; readonly ref: "UserDetailed"; }, { readonly type: "array"; readonly items: { readonly type: "object"; readonly ref: "UserDetailed"; }; }]; }>'.
        Type '{ id: string; name: SchemaType<{ readonly type: "string"; readonly nullable: true; readonly optional: false; readonly example: "Campra!"; }>; host: SchemaType<{ readonly type: "string"; readonly nullable: true; readonly optional: false; readonly example: "campra.app"; readonly description: "The local host is repres...' is missing the following properties from type 'Packed<"UserDetailed">[]': length, pop, push, concat, and 29 more.
src/server/api/endpoints/users/stats.ts(137,39): error TS2345: Argument of type '(ps: {} & { userId: string; } & { userId?: string | undefined; }, me: ILocalUser | null) => Promise<{ notesCount: number; repliesCount: number; renotesCount: number; repliedCount: number; ... 13 more ...; driveUsage: number; }>' is not assignable to parameter of type 'executor<{ readonly tags: readonly ["users"]; readonly requireCredential: false; readonly requireCredentialPrivateMode: true; readonly description: "Show statistics about a user."; readonly errors: { readonly noSuchUser: { ...; }; }; readonly res: { ...; }; }, { ...; }>'.
  Type 'Promise<{ notesCount: number; repliesCount: number; renotesCount: number; repliedCount: number; renotedCount: number; pollVotesCount: number; pollVotedCount: number; localFollowingCount: number; ... 9 more ...; driveUsage: number; }>' is not assignable to type 'Promise<{ followersCount: number; followingCount: number; notesCount: number; repliesCount: number; localFollowersCount: number; remoteFollowersCount: number; renotesCount: number; repliedCount: number; ... 11 more ...; driveUsage: number; } & {} & { ...; }>'.
    Type '{ notesCount: number; repliesCount: number; renotesCount: number; repliedCount: number; renotedCount: number; pollVotesCount: number; pollVotedCount: number; localFollowingCount: number; ... 9 more ...; driveUsage: number; }' is not assignable to type '{ followersCount: number; followingCount: number; notesCount: number; repliesCount: number; localFollowersCount: number; remoteFollowersCount: number; renotesCount: number; repliedCount: number; ... 11 more ...; driveUsage: number; } & {} & { ...; }'.
      Type '{ notesCount: number; repliesCount: number; renotesCount: number; repliedCount: number; renotedCount: number; pollVotesCount: number; pollVotedCount: number; localFollowingCount: number; ... 9 more ...; driveUsage: number; }' is missing the following properties from type '{ followersCount: number; followingCount: number; notesCount: number; repliesCount: number; localFollowersCount: number; remoteFollowersCount: number; renotesCount: number; repliedCount: number; ... 11 more ...; driveUsage: number; }': followersCount, followingCount
src/server/api/endpoints/users/stats.ts(207,9): error TS2339: Property 'followingCount' does not exist on type '{ notesCount: number; repliesCount: number; renotesCount: number; repliedCount: number; renotedCount: number; pollVotesCount: number; pollVotedCount: number; localFollowingCount: number; ... 9 more ...; driveUsage: number; }'.
src/server/api/endpoints/users/stats.ts(208,9): error TS2339: Property 'followersCount' does not exist on type '{ notesCount: number; repliesCount: number; renotesCount: number; repliedCount: number; renotedCount: number; pollVotesCount: number; pollVotedCount: number; localFollowingCount: number; ... 9 more ...; driveUsage: number; }'.
src/server/api/limiter.ts(4,10): error TS2305: Module '"../../db/redis.js"' has no exported member 'redisClient'.
src/server/api/openapi/gen-spec.ts(72,12): error TS2540: Cannot assign to 'properties' because it is a read-only property.
src/server/api/openapi/gen-spec.ts(75,12): error TS2540: Cannot assign to 'required' because it is a read-only property.
src/server/api/openapi/gen-spec.ts(81,20): error TS2339: Property 'push' does not exist on type 'readonly string[]'.
src/server/api/openapi/gen-spec.ts(94,18): error TS2345: Argument of type '{}' is not assignable to parameter of type '{ ApiKeyAuth: never[]; Bearer?: undefined; } | { Bearer: never[]; ApiKeyAuth?: undefined; }'.
src/server/api/openapi/gen-spec.ts(205,9): error TS2339: Property 'get' does not exist on type '{ post: { operationId: string; summary: string; description: string; externalDocs: { description: string; url: string; }; tags: readonly string[] | undefined; security: ({ ApiKeyAuth: never[]; Bearer?: undefined; } | { ...; })[]; requestBody: { ...; }; responses: { ...; } | { ...; }; }; }'.
src/server/api/openapi/gen-spec.ts(206,9): error TS2339: Property 'get' does not exist on type '{ post: { operationId: string; summary: string; description: string; externalDocs: { description: string; url: string; }; tags: readonly string[] | undefined; security: ({ ApiKeyAuth: never[]; Bearer?: undefined; } | { ...; })[]; requestBody: { ...; }; responses: { ...; } | { ...; }; }; }'.
src/server/api/openapi/gen-spec.ts(207,9): error TS2339: Property 'get' does not exist on type '{ post: { operationId: string; summary: string; description: string; externalDocs: { description: string; url: string; }; tags: readonly string[] | undefined; security: ({ ApiKeyAuth: never[]; Bearer?: undefined; } | { ...; })[]; requestBody: { ...; }; responses: { ...; } | { ...; }; }; }'.
src/server/api/openapi/gen-spec.ts(207,29): error TS2339: Property 'get' does not exist on type '{ post: { operationId: string; summary: string; description: string; externalDocs: { description: string; url: string; }; tags: readonly string[] | undefined; security: ({ ApiKeyAuth: never[]; Bearer?: undefined; } | { ...; })[]; requestBody: { ...; }; responses: { ...; } | { ...; }; }; }'.
src/server/api/openapi/gen-spec.ts(207,50): error TS7006: Parameter 'elem' implicitly has an 'any' type.
src/server/api/private/signin.ts(91,4): error TS2322: Type 'IncomingHttpHeaders' is not assignable to type '(() => string) | _QueryDeepPartialEntity<Record<string, any>> | undefined'.
src/server/api/private/signup-pending.ts(9,15): error TS18046: 'body' is of type 'unknown'.
src/server/api/private/signup-pending.ts(31,15): error TS2345: Argument of type 'User' is not assignable to parameter of type 'ILocalUser'.
  Types of property 'host' are incompatible.
    Type 'string | null' is not assignable to type 'null'.
      Type 'string' is not assignable to type 'null'.
src/server/api/private/signup-pending.ts(33,3): error TS2769: No overload matches this call.
  Overload 1 of 3, '(message: string, code?: number | undefined, properties?: {} | undefined): never', gave the following error.
    Argument of type 'number' is not assignable to parameter of type 'string'.
  Overload 2 of 3, '(...properties: (string | number | {})[]): never', gave the following error.
    Argument of type 'unknown' is not assignable to parameter of type 'string | number | {}'.
src/server/api/private/signup.ts(76,18): error TS2349: This expression is not callable.
  Type 'typeof import("/workspaces/Campra-V4/node_modules/.pnpm/rndstr@1.0.0/node_modules/rndstr/built/index")' has no call signatures.
src/server/api/private/signup.ts(90,15): error TS2345: Argument of type 'string | undefined' is not assignable to parameter of type 'string'.
  Type 'undefined' is not assignable to type 'string'.
src/server/api/service/discord.ts(12,10): error TS2305: Module '"../../../db/redis.js"' has no exported member 'redisClient'.
src/server/api/service/discord.ts(149,35): error TS7006: Parameter '_' implicitly has an 'any' type.
src/server/api/service/discord.ts(149,38): error TS7006: Parameter 'state' implicitly has an 'any' type.
src/server/api/service/discord.ts(199,5): error TS2322: Type '{ id: string; accessToken: any; refreshToken: any; expiresDate: any; username: string; discriminator: string; }' is not assignable to type '(() => string) | _QueryDeepPartialEntity<unknown>[] | readonly _QueryDeepPartialEntity<unknown>[] | _QueryDeepPartialEntity<any> | undefined'.
  Types of property 'id' are incompatible.
    Type 'string' is not assignable to type '(() => string) | _QueryDeepPartialEntity<unknown>[] | readonly _QueryDeepPartialEntity<unknown>[] | _QueryDeepPartialEntity<any> | undefined'.
src/server/api/service/discord.ts(220,38): error TS7006: Parameter '_' implicitly has an 'any' type.
src/server/api/service/discord.ts(220,41): error TS7006: Parameter 'state' implicitly has an 'any' type.
src/server/api/service/discord.ts(266,5): error TS2322: Type '{ accessToken: any; refreshToken: any; expiresDate: any; id: string; username: string; discriminator: string; }' is not assignable to type '(() => string) | _QueryDeepPartialEntity<unknown>[] | readonly _QueryDeepPartialEntity<unknown>[] | _QueryDeepPartialEntity<any> | undefined'.
  Types of property 'id' are incompatible.
    Type 'string' is not assignable to type '(() => string) | _QueryDeepPartialEntity<unknown>[] | readonly _QueryDeepPartialEntity<unknown>[] | _QueryDeepPartialEntity<any> | undefined'.
src/server/api/service/github.ts(12,10): error TS2305: Module '"../../../db/redis.js"' has no exported member 'redisClient'.
src/server/api/service/github.ts(147,35): error TS7006: Parameter '_' implicitly has an 'any' type.
src/server/api/service/github.ts(147,38): error TS7006: Parameter 'state' implicitly has an 'any' type.
src/server/api/service/github.ts(198,38): error TS7006: Parameter '_' implicitly has an 'any' type.
src/server/api/service/github.ts(198,41): error TS7006: Parameter 'state' implicitly has an 'any' type.
src/server/api/service/github.ts(241,5): error TS2322: Type '{ accessToken: any; id: string; login: string; }' is not assignable to type '(() => string) | _QueryDeepPartialEntity<unknown>[] | readonly _QueryDeepPartialEntity<unknown>[] | _QueryDeepPartialEntity<any> | undefined'.
  Types of property 'id' are incompatible.
    Type 'string' is not assignable to type '(() => string) | _QueryDeepPartialEntity<unknown>[] | readonly _QueryDeepPartialEntity<unknown>[] | _QueryDeepPartialEntity<any> | undefined'.
src/server/api/service/twitter.ts(12,10): error TS2305: Module '"../../../db/redis.js"' has no exported member 'redisClient'.
src/server/api/service/twitter.ts(69,10): error TS2349: This expression is not callable.
  Type 'typeof import("/workspaces/Campra-V4/node_modules/.pnpm/autwh@0.1.0/node_modules/autwh/built/index")' has no call signatures.
src/server/api/service/twitter.ts(128,35): error TS7006: Parameter '_' implicitly has an 'any' type.
src/server/api/service/twitter.ts(128,38): error TS7006: Parameter 'twCtx' implicitly has an 'any' type.
src/server/api/service/twitter.ts(163,38): error TS7006: Parameter '_' implicitly has an 'any' type.
src/server/api/service/twitter.ts(163,41): error TS7006: Parameter 'twCtx' implicitly has an 'any' type.
src/server/api/stream/channel.ts(1,24): error TS2307: Cannot find module '.' or its corresponding type declarations.
src/server/api/stream/channel.ts(61,71): error TS7051: Parameter has a name but no type. Did you mean 'arg0: Note'?
src/server/api/stream/channel.ts(68,12): error TS2790: The operand of a 'delete' operator must be optional.
src/server/api/stream/channel.ts(69,12): error TS2790: The operand of a 'delete' operator must be optional.
src/server/api/stream/channel.ts(70,12): error TS2790: The operand of a 'delete' operator must be optional.
src/server/api/stream/channel.ts(71,12): error TS2790: The operand of a 'delete' operator must be optional.
src/server/api/stream/channels/admin.ts(10,54): error TS7006: Parameter 'data' implicitly has an 'any' type.
src/server/api/stream/channels/antenna.ts(11,10): error TS2564: Property 'antennaId' has no initializer and is not definitely assigned in the constructor.
src/server/api/stream/channels/channel.ts(12,10): error TS2564: Property 'channelId' has no initializer and is not definitely assigned in the constructor.
src/server/api/stream/channels/channel.ts(14,10): error TS2564: Property 'emitTypersIntervalId' has no initializer and is not definitely assigned in the constructor.
src/server/api/stream/channels/drive.ts(10,54): error TS7006: Parameter 'data' implicitly has an 'any' type.
src/server/api/stream/channels/global-timeline.ts(15,3): error TS2322: Type '(Note: any) => void' is not assignable to type '(note: { id: string; visibility: string; text: SchemaType<{ readonly type: "string"; readonly optional: false; readonly nullable: true; }>; user: { id: string; name: SchemaType<{ readonly type: "string"; readonly nullable: true; readonly optional: false; readonly example: "Campra!"; }>; ... 9 more ...; onlineStatus:...'.
  Type 'void' is not assignable to type 'Promise<void>'.
src/server/api/stream/channels/hashtag.ts(10,10): error TS2564: Property 'q' has no initializer and is not definitely assigned in the constructor.
src/server/api/stream/channels/hashtag.ts(14,3): error TS2322: Type '(Note: any) => void' is not assignable to type '(note: { id: string; visibility: string; text: SchemaType<{ readonly type: "string"; readonly optional: false; readonly nullable: true; }>; user: { id: string; name: SchemaType<{ readonly type: "string"; readonly nullable: true; readonly optional: false; readonly example: "Campra!"; }>; ... 9 more ...; onlineStatus:...'.
  Type 'void' is not assignable to type 'Promise<void>'.
src/server/api/stream/channels/home-timeline.ts(14,3): error TS2322: Type '(Note: any) => void' is not assignable to type '(note: { id: string; visibility: string; text: SchemaType<{ readonly type: "string"; readonly optional: false; readonly nullable: true; }>; user: { id: string; name: SchemaType<{ readonly type: "string"; readonly nullable: true; readonly optional: false; readonly example: "Campra!"; }>; ... 9 more ...; onlineStatus:...'.
  Type 'void' is not assignable to type 'Promise<void>'.
src/server/api/stream/channels/hybrid-timeline.ts(15,3): error TS2322: Type '(Note: any) => void' is not assignable to type '(note: { id: string; visibility: string; text: SchemaType<{ readonly type: "string"; readonly optional: false; readonly nullable: true; }>; user: { id: string; name: SchemaType<{ readonly type: "string"; readonly nullable: true; readonly optional: false; readonly example: "Campra!"; }>; ... 9 more ...; onlineStatus:...'.
  Type 'void' is not assignable to type 'Promise<void>'.
src/server/api/stream/channels/local-timeline.ts(14,3): error TS2322: Type '(Note: any) => void' is not assignable to type '(note: { id: string; visibility: string; text: SchemaType<{ readonly type: "string"; readonly optional: false; readonly nullable: true; }>; user: { id: string; name: SchemaType<{ readonly type: "string"; readonly nullable: true; readonly optional: false; readonly example: "Campra!"; }>; ... 9 more ...; onlineStatus:...'.
  Type 'void' is not assignable to type 'Promise<void>'.
src/server/api/stream/channels/main.ts(11,59): error TS7006: Parameter 'data' implicitly has an 'any' type.
src/server/api/stream/channels/messaging-index.ts(10,63): error TS7006: Parameter 'data' implicitly has an 'any' type.
src/server/api/stream/channels/messaging.ts(13,10): error TS2564: Property 'otherpartyId' has no initializer and is not definitely assigned in the constructor.
src/server/api/stream/channels/messaging.ts(14,10): error TS2564: Property 'otherparty' has no initializer and is not definitely assigned in the constructor.
src/server/api/stream/channels/messaging.ts(15,10): error TS2564: Property 'groupId' has no initializer and is not definitely assigned in the constructor.
src/server/api/stream/channels/messaging.ts(16,10): error TS2564: Property 'subCh' has no initializer and is not definitely assigned in the constructor.
src/server/api/stream/channels/messaging.ts(18,10): error TS2564: Property 'emitTypersIntervalId' has no initializer and is not definitely assigned in the constructor.
src/server/api/stream/channels/recommended-timeline.ts(15,3): error TS2322: Type '(Note: any) => void' is not assignable to type '(note: { id: string; visibility: string; text: SchemaType<{ readonly type: "string"; readonly optional: false; readonly nullable: true; }>; user: { id: string; name: SchemaType<{ readonly type: "string"; readonly nullable: true; readonly optional: false; readonly example: "Campra!"; }>; ... 9 more ...; onlineStatus:...'.
  Type 'void' is not assignable to type 'Promise<void>'.
src/server/api/stream/channels/user-list.ts(11,10): error TS2564: Property 'listId' has no initializer and is not definitely assigned in the constructor.
src/server/api/stream/channels/user-list.ts(13,10): error TS2564: Property 'listUsersClock' has no initializer and is not definitely assigned in the constructor.
src/server/api/stream/channels/user-list.ts(18,3): error TS2322: Type '(Note: any) => void' is not assignable to type '(note: { id: string; visibility: string; text: SchemaType<{ readonly type: "string"; readonly optional: false; readonly nullable: true; }>; user: { id: string; name: SchemaType<{ readonly type: "string"; readonly nullable: true; readonly optional: false; readonly example: "Campra!"; }>; ... 9 more ...; onlineStatus:...'.
  Type 'void' is not assignable to type 'Promise<void>'.
src/server/api/stream/handlers/admin.ts(14,10): error TS2339: Property 'registerAdminConnection' does not exist on type 'StreamServer'.
src/server/api/stream/handlers/admin.ts(29,10): error TS2339: Property 'getActiveAdminUserIds' does not exist on type 'StreamServer'.
src/server/api/stream/handlers/admin.ts(34,10): error TS2339: Property 'broadcastAbuseReport' does not exist on type 'StreamServer'.
src/server/api/stream/handlers/admin.ts(35,33): error TS2339: Property 'getActiveAdminUserIds' does not exist on type 'StreamServer'.
src/server/api/stream/handlers/admin.ts(37,26): error TS7006: Parameter 'adminId' implicitly has an 'any' type.
src/server/api/stream/handlers/admin.ts(48,10): error TS2339: Property 'onConnectionClose' does not exist on type 'StreamServer'.
src/server/api/stream/handlers/antenna.ts(26,10): error TS2339: Property 'initializeUserAntennas' does not exist on type 'StreamServer'.
src/server/api/stream/handlers/antenna.ts(44,10): error TS2339: Property 'subscribeToAntenna' does not exist on type 'StreamServer'.
src/server/api/stream/handlers/antenna.ts(50,10): error TS2339: Property 'unsubscribeFromAntenna' does not exist on type 'StreamServer'.
src/server/api/stream/handlers/antenna.ts(56,10): error TS2339: Property 'processNoteForAntennas' does not exist on type 'StreamServer'.
src/server/api/stream/handlers/antenna.ts(68,10): error TS2339: Property 'onConnectionClose' does not exist on type 'StreamServer'.
src/server/api/stream/handlers/channel.ts(32,10): error TS2339: Property 'initializeChannelFollowing' does not exist on type 'StreamServer'.
src/server/api/stream/handlers/channel.ts(45,10): error TS2339: Property 'subscribeToChannel' does not exist on type 'StreamServer'.
src/server/api/stream/handlers/channel.ts(51,10): error TS2339: Property 'unsubscribeFromChannel' does not exist on type 'StreamServer'.
src/server/api/stream/handlers/channel.ts(57,10): error TS2339: Property 'registerTypingInChannel' does not exist on type 'StreamServer'.
src/server/api/stream/handlers/channel.ts(99,10): error TS2339: Property 'onConnectionClose' does not exist on type 'StreamServer'.
src/server/api/stream/handlers/core.ts(28,26): error TS2345: Argument of type '"serverStats"' is not assignable to parameter of type 'keyof InternalStreamTypes'.
src/server/api/stream/handlers/messaging.ts(31,10): error TS2339: Property 'registerTypingInMessaging' does not exist on type 'StreamServer'.
src/server/api/stream/handlers/messaging.ts(74,10): error TS2339: Property 'registerTypingInGroupMessaging' does not exist on type 'StreamServer'.
src/server/api/stream/handlers/messaging.ts(117,10): error TS2339: Property 'connectMessagingChannel' does not exist on type 'StreamServer'.
src/server/api/stream/handlers/messaging.ts(123,10): error TS2339: Property 'connectGroupMessagingChannel' does not exist on type 'StreamServer'.
src/server/api/stream/handlers/messaging.ts(129,10): error TS2339: Property 'onConnectionClose' does not exist on type 'StreamServer'.
src/server/api/stream/handlers/notes.ts(26,10): error TS2339: Property 'cacheNote' does not exist on type 'StreamServer'.
src/server/api/stream/handlers/notes.ts(54,10): error TS2339: Property 'readNote' does not exist on type 'StreamServer'.
src/server/api/stream/handlers/notes.ts(77,10): error TS2339: Property 'subscribeToNote' does not exist on type 'StreamServer'.
src/server/api/stream/handlers/notes.ts(83,10): error TS2339: Property 'unsubscribeFromNote' does not exist on type 'StreamServer'.
src/server/api/stream/handlers/notes.ts(89,10): error TS2339: Property 'onConnectionClose' does not exist on type 'StreamServer'.
src/server/api/stream/handlers/user.ts(19,10): error TS2339: Property 'initializeUserState' does not exist on type 'StreamServer'.
src/server/api/stream/handlers/user.ts(54,5): error TS2322: Type 'UserProfile | null' is not assignable to type 'null'.
  Type 'UserProfile' is not assignable to type 'null'.
src/server/api/stream/handlers/user.ts(61,10): error TS2339: Property 'getUserState' does not exist on type 'StreamServer'.
src/server/api/stream/handlers/user.ts(66,10): error TS2339: Property 'updateUserState' does not exist on type 'StreamServer'.
src/server/api/stream/handlers/user.ts(94,10): error TS2339: Property 'onConnectionClose' does not exist on type 'StreamServer'.
src/server/api/stream/index.ts(52,35): error TS7006: Parameter 'data' implicitly has an 'any' type.
src/server/api/stream/types.ts(18,25): error TS2307: Cannot find module '@/models/entities/webhook' or its corresponding type declarations.
src/server/api/stream/types.ts(263,62): error TS2709: Cannot use namespace 'Emitter' as a type.
src/server/api/stream/types.ts(263,62): error TS4081: Exported type alias 'EventEmitterDictionary' has or is using private name 'Emitter'.
src/server/api/streaming.ts(140,24): error TS18046: 'err' is of type 'unknown'.
src/server/index.ts(45,11): error TS2349: This expression is not callable.
  Type '{ default: (options?: ISlowOptions | undefined) => Middleware<DefaultState, DefaultContext, any>; }' has no call signatures.
src/server/web/manifest.ts(3,40): error TS2821: Import assertions are only supported when the '--module' option is set to 'esnext' or 'nodenext'.
src/services/chart/core.ts(245,4): error TS2322: Type 'RawRecord<T>[keyof Columns<T>]' is not assignable to type 'number'.
  Type '(TempColumnsForUnique<T>[string] & Columns<T>[string]) | (TempColumnsForUnique<T>[number] & Columns<T>[number]) | (TempColumnsForUnique<...>[symbol] & Columns<...>[symbol])' is not assignable to type 'number'.
    Type 'TempColumnsForUnique<T>[string] & Columns<T>[string]' is not assignable to type 'number'.
src/services/chart/core.ts(407,48): error TS2731: Implicit conversion of a 'symbol' to a 'string' will fail at runtime. Consider wrapping this expression in 'String(...)'.
src/services/chart/core.ts(408,48): error TS2731: Implicit conversion of a 'symbol' to a 'string' will fail at runtime. Consider wrapping this expression in 'String(...)'.
src/services/chart/core.ts(409,47): error TS2731: Implicit conversion of a 'symbol' to a 'string' will fail at runtime. Consider wrapping this expression in 'String(...)'.
src/services/chart/core.ts(410,47): error TS2731: Implicit conversion of a 'symbol' to a 'string' will fail at runtime. Consider wrapping this expression in 'String(...)'.
src/services/chart/core.ts(414,69): error TS2339: Property 'includes' does not exist on type 'RawRecord<T>[keyof TempColumnsForUnique<T>]'.
src/services/chart/core.ts(415,67): error TS2339: Property 'includes' does not exist on type 'RawRecord<T>[keyof TempColumnsForUnique<T>]'.
src/services/chart/core.ts(416,86): error TS2731: Implicit conversion of a 'symbol' to a 'string' will fail at runtime. Consider wrapping this expression in 'String(...)'.
src/services/chart/core.ts(417,84): error TS2731: Implicit conversion of a 'symbol' to a 'string' will fail at runtime. Consider wrapping this expression in 'String(...)'.
src/services/chart/core.ts(426,59): error TS2488: Type 'RawRecord<T>[keyof TempColumnsForUnique<T>]' must have a '[Symbol.iterator]()' method that returns an iterator.
src/services/chart/core.ts(427,58): error TS2488: Type 'RawRecord<T>[keyof TempColumnsForUnique<T>]' must have a '[Symbol.iterator]()' method that returns an iterator.
src/services/chart/core.ts(440,71): error TS2488: Type 'RawRecord<T>[keyof TempColumnsForUnique<T>]' must have a '[Symbol.iterator]()' method that returns an iterator.
src/services/chart/core.ts(441,70): error TS2488: Type 'RawRecord<T>[keyof TempColumnsForUnique<T>]' must have a '[Symbol.iterator]()' method that returns an iterator.
src/services/chart/core.ts(446,72): error TS2488: Type 'RawRecord<T>[keyof TempColumnsForUnique<T>]' must have a '[Symbol.iterator]()' method that returns an iterator.
src/services/chart/core.ts(447,71): error TS2488: Type 'RawRecord<T>[keyof TempColumnsForUnique<T>]' must have a '[Symbol.iterator]()' method that returns an iterator.
src/services/drive/upload-from-url.ts(56,37): error TS2322: Type '{ id: string; host: string | null; } | null' is not assignable to type '{ id: string; host: string | null; driveCapacityOverrideMb: number | null; } | null'.
  Property 'driveCapacityOverrideMb' is missing in type '{ id: string; host: string | null; }' but required in type '{ id: string; host: string | null; driveCapacityOverrideMb: number | null; }'.
src/services/fetch-instance-metadata.ts(127,65): error TS18046: 'e' is of type 'unknown'.
src/services/fetch-instance-metadata.ts(209,37): error TS2339: Property 'themeColor' does not exist on type '{ name?: any; nodeName?: any; nodeDescription?: any; description?: any; maintainer?: { name?: any; email?: any; } | undefined; }'.
src/services/following/create.ts(59,34): error TS2345: Argument of type '{ id: string; }' is not assignable to parameter of type '{ id: string; host: string | null; }'.
  Property 'host' is missing in type '{ id: string; }' but required in type '{ id: string; host: string | null; }'.
src/services/following/delete.ts(49,34): error TS2345: Argument of type '{ id: string; }' is not assignable to parameter of type '{ id: string; host: string | null; }'.
  Property 'host' is missing in type '{ id: string; }' but required in type '{ id: string; host: string | null; }'.
src/services/instance-actor.ts(1,28): error TS2307: Cannot find module '@/models/entities/user' or its corresponding type declarations.
src/services/logger.ts(34,5): error TS2345: Argument of type '{ applicationName: string; timestamp: true; encludeStructuredData: boolean; color: true; extendedColor: true; server: { target: string; port: number; }; }' is not assignable to parameter of type 'Options'.
  Object literal may only specify known properties, but 'encludeStructuredData' does not exist in type 'Options'. Did you mean to write 'includeStructuredData'?
src/services/logger.ts(62,44): error TS18048: 'cluster.worker' is possibly 'undefined'.
src/services/logger.ts(70,109): error TS2345: Argument of type 'string' is not assignable to parameter of type '"black" | "red" | "green" | "yellow" | "blue" | "cyan" | "magenta" | "white" | "gray" | "grey" | "aliceblue" | "antiquewhite" | "aqua" | "aquamarine" | "azure" | "beige" | "bisque" | ... 130 more ... | "yellowgreen"'.
src/services/note/create.ts(210,25): error TS2345: Argument of type 'MinimumUser' is not assignable to parameter of type 'User'.
  Type 'MinimumUser' is missing the following properties from type 'User': createdAt, updatedAt, lastFetchedAt, lastActiveDate, and 43 more.
src/services/note/create.ts(305,28): error TS2769: No overload matches this call.
  Overload 1 of 2, '(user: User): user is ILocalUser', gave the following error.
    Argument of type 'MinimumUser' is not assignable to parameter of type 'User'.
  Overload 2 of 2, '(user: { host: string | null; }): user is { host: string | null; } & { host: null; }', gave the following error.
    Argument of type 'MinimumUser' is not assignable to parameter of type '{ host: string | null; }'.
      Property 'host' is missing in type 'MinimumUser' but required in type '{ host: string | null; }'.
src/services/note/create.ts(598,49): error TS2322: Type 'null' is not assignable to type 'string | FindOperator<string> | undefined'.
src/services/stream.ts(1,10): error TS2305: Module '"../db/redis.js"' has no exported member 'redisClient'.
src/services/user-cache.ts(11,33): error TS7006: Parameter '_' implicitly has an 'any' type.
src/services/user-cache.ts(11,36): error TS7006: Parameter 'data' implicitly has an 'any' type.
done.
